<html>
<head>
<title>TestNG:  166</title>
<link href="../testng.css" rel="stylesheet" type="text/css" />
<link href="../my-testng.css" rel="stylesheet" type="text/css" />

<style type="text/css">
.log { display: none;} 
.stack-trace { display: none;} 
</style>
<script type="text/javascript">
<!--
function flip(e) {
  current = e.style.display;
  if (current == 'block') {
    e.style.display = 'none';
    return 0;
  }
  else {
    e.style.display = 'block';
    return 1;
  }
}

function toggleBox(szDivId, elem, msg1, msg2)
{
  var res = -1;  if (document.getElementById) {
    res = flip(document.getElementById(szDivId));
  }
  else if (document.all) {
    // this is the way old msie versions work
    res = flip(document.all[szDivId]);
  }
  if(elem) {
    if(res == 0) elem.innerHTML = msg1; else elem.innerHTML = msg2;
  }

}

function toggleAllBoxes() {
  if (document.getElementsByTagName) {
    d = document.getElementsByTagName('div');
    for (i = 0; i < d.length; i++) {
      if (d[i].className == 'log') {
        flip(d[i]);
      }
    }
  }
}

// -->
</script>

</head>
<body>
<h2 align='center'>166</h2><table border='1' align="center">
<tr>
<td>Tests passed/Failed/Skipped:</td><td>0/1/0</td>
</tr><tr>
<td>Started on:</td><td>Thu Jul 24 16:41:43 IST 2014</td>
</tr>
<tr><td>Total time:</td><td>704 seconds (704178 ms)</td>
</tr><tr>
<td>Included groups:</td><td></td>
</tr><tr>
<td>Excluded groups:</td><td></td>
</tr>
</table><p/>
<small><i>(Hover the method name to see the test class name)</i></small><p/>
<table width='100%' border='1' class='invocation-failed'>
<tr><td colspan='4' align='center'><b>FAILED TESTS</b></td></tr>
<tr><td><b>Test method</b></td>
<td width="30%"><b>Exception</b></td>
<td width="10%"><b>Time (seconds)</b></td>
<td><b>Instance</b></td>
</tr>
<tr>
<td title='com.adv.qa.selenium.tests.currency.phase2.A087_Authorisation_By_Level_Or_GL_ResponsibilityTest.verify()'><b>verify</b><br>Test class: com.adv.qa.selenium.tests.currency.phase2.A087_Authorisation_By_Level_Or_GL_ResponsibilityTest<br>Parameters: [DataUnit [userName = T87], DataUnit [passWord = T87], DataUnit [currencyCode = GOK], DataUnit [authorisationHQ = 09], DataUnit [authorisationHQ = PM], DataUnit [authorisationHQ = HQ], DataUnit [authorisationHQ = LEV1], DataUnit [authorisationHQ = LEV2], DataUnit [authorisationHQ = LEV3], DataUnit [authorisationHQ = LEV4], DataUnit [lev1User = 1], DataUnit [lev1User = EMPLOYEE], DataUnit [lev2and3User = 2], DataUnit [lev2and3User = ADMIN], DataUnit [lev2and3User = MANAGER], DataUnit [lev4User = 3], DataUnit [lev4User = ADMIN], DataUnit [lev4User = MANAGER], DataUnit [lev4User = QUERY], DataUnit [authorisationNorth = 09], DataUnit [authorisationNorth = PM], DataUnit [authorisationNorth = NORTH], DataUnit [authorisationNorth = LEV1], DataUnit [authorisationNorth = LEV2], DataUnit [authorisationNorth = LEV3], DataUnit [authorisationNorth = LEV4], DataUnit [authorisationSouth = 09], DataUnit [authorisationSouth = PM], DataUnit [authorisationSouth = SOUTH], DataUnit [authorisationSouth = LEV1], DataUnit [authorisationSouth = LEV2], DataUnit [authorisationSouth = LEV3], DataUnit [authorisationSouth = LEV4], DataUnit [authorisationEast = 09], DataUnit [authorisationEast = PM], DataUnit [authorisationEast = EAST], DataUnit [authorisationEast = LEV1], DataUnit [authorisationEast = LEV2], DataUnit [authorisationEast = LEV3], DataUnit [authorisationEast = LEV4], DataUnit [authorisationWest = 09], DataUnit [authorisationWest = PM], DataUnit [authorisationWest = WEST], DataUnit [authorisationWest = LEV1], DataUnit [authorisationWest = LEV2], DataUnit [authorisationWest = LEV3], DataUnit [authorisationWest = LEV4]]</td>
<td><div><pre>org.openqa.selenium.WebDriverException: Element must be user-editable in order to clear it.
Build info: version: &apos;2.41.0&apos;, revision: &apos;3192d8a&apos;, time: &apos;2014-03-27 17:17:32&apos;
System info: host: &apos;AI-LT500&apos;, ip: &apos;192.168.30.181&apos;, os.name: &apos;Windows 7&apos;, os.arch: &apos;amd64&apos;, os.version: &apos;6.1&apos;, java.version: &apos;1.7.0_51&apos;
Driver info: driver.version: unknown
Command duration or timeout: 60.23 seconds
Build info: version: &apos;2.41.0&apos;, revision: &apos;3192d8a&apos;, time: &apos;2014-03-27 17:17:32&apos;
System info: host: &apos;Draxayani-PC&apos;, ip: &apos;192.168.30.61&apos;, os.name: &apos;Windows 7&apos;, os.arch: &apos;amd64&apos;, os.version: &apos;6.1&apos;, java.version: &apos;1.7.0_51&apos;
Session ID: b4af904d-b9de-47a8-9fe7-f7852148195a
Driver info: org.openqa.selenium.remote.RemoteWebDriver
Capabilities [{platform=XP, javascriptEnabled=true, acceptSslCerts=true, browserName=firefox, rotatable=false, locationContextEnabled=true, webdriver.remote.sessionid=b4af904d-b9de-47a8-9fe7-f7852148195a, version=27.0.1, databaseEnabled=true, cssSelectorsEnabled=true, handlesAlerts=true, browserConnectionEnabled=true, webStorageEnabled=true, nativeEvents=true, applicationCacheEnabled=true, takesScreenshot=true}]
	at sun.reflect.NativeConstructorAccessorImpl.newInstance0(Native Method)
	at sun.reflect.NativeConstructorAccessorImpl.newInstance(Unknown Source)
	at sun.reflect.DelegatingConstructorAccessorImpl.newInstance(Unknown Source)
	at java.lang.reflect.Constructor.newInstance(Unknown Source)
	at org.openqa.selenium.remote.ErrorHandler.createThrowable(ErrorHandler.java:193)
	at org.openqa.selenium.remote.ErrorHandler.throwIfResponseFailed(ErrorHandler.java:145)
	at org.openqa.selenium.remote.RemoteWebDriver.execute(RemoteWebDriver.java:595)
	at org.openqa.selenium.remote.RemoteWebElement.execute(RemoteWebElement.java:268)
	at org.openqa.selenium.remote.RemoteWebElement.clear(RemoteWebElement.java:113)
	at sun.reflect.GeneratedMethodAccessor21.invoke(Unknown Source)
	at sun.reflect.DelegatingMethodAccessorImpl.invoke(Unknown Source)
	at java.lang.reflect.Method.invoke(Unknown Source)
	at org.openqa.selenium.support.events.EventFiringWebDriver$EventFiringWebElement$1.invoke(EventFiringWebDriver.java:331)
	at com.sun.proxy.$Proxy12.clear(Unknown Source)
	at org.openqa.selenium.support.events.EventFiringWebDriver$EventFiringWebElement.clear(EventFiringWebDriver.java:360)
	at com.adv.qa.selenium.framework.pageObjects.currency.CurrencyPage.addUsers(CurrencyPage.java:5209)
	at com.adv.qa.selenium.framework.pageObjects.currency.CurrencyPage.enterAuthorisationByLevelOrGLResponsibilityForAP(CurrencyPage.java:5193)
	at com.adv.qa.selenium.tests.currency.phase2.A087_Authorisation_By_Level_Or_GL_ResponsibilityTest.createAuthorisationByGLResponsibility(A087_Authorisation_By_Level_Or_GL_ResponsibilityTest.java:78)
	at com.adv.qa.selenium.tests.currency.phase2.A087_Authorisation_By_Level_Or_GL_ResponsibilityTest.verify(A087_Authorisation_By_Level_Or_GL_ResponsibilityTest.java:59)
	at sun.reflect.NativeMethodAccessorImpl.invoke0(Native Method)
	at sun.reflect.NativeMethodAccessorImpl.invoke(Unknown Source)
	at sun.reflect.DelegatingMethodAccessorImpl.invoke(Unknown Source)
	at java.lang.reflect.Method.invoke(Unknown Source)
	at org.testng.internal.MethodInvocationHelper.invokeMethod(MethodInvocationHelper.java:84)
	at org.testng.internal.InvokeMethodRunnable.runOne(InvokeMethodRunnable.java:46)
	at org.testng.internal.InvokeMethodRunnable.run(InvokeMethodRunnable.java:37)
	at java.util.concurrent.Executors$RunnableAdapter.call(Unknown Source)
	at java.util.concurrent.FutureTask.run(Unknown Source)
	at java.util.concurrent.ThreadPoolExecutor.runWorker(Unknown Source)
	at java.util.concurrent.ThreadPoolExecutor$Worker.run(Unknown Source)
	at java.lang.Thread.run(Unknown Source)
Caused by: org.openqa.selenium.remote.ScreenshotException: Screen shot has been taken
Build info: version: &apos;2.41.0&apos;, revision: &apos;3192d8a&apos;, time: &apos;2014-03-27 17:17:32&apos;
System info: host: &apos;Draxayani-PC&apos;, ip: &apos;192.168.30.61&apos;, os.name: &apos;Windows 7&apos;, os.arch: &apos;amd64&apos;, os.version: &apos;6.1&apos;, java.version: &apos;1.7.0_51&apos;
Driver info: driver.version: RemoteWebDriver
	at org.openqa.selenium.remote.ErrorHandler.throwIfResponseFailed(ErrorHandler.java:125)
	... 25 more
Caused by: org.openqa.selenium.remote.ErrorHandler$UnknownServerException: Element must be user-editable in order to clear it.
Build info: version: &apos;2.41.0&apos;, revision: &apos;3192d8a&apos;, time: &apos;2014-03-27 17:17:32&apos;
System info: host: &apos;AI-LT500&apos;, ip: &apos;192.168.30.181&apos;, os.name: &apos;Windows 7&apos;, os.arch: &apos;amd64&apos;, os.version: &apos;6.1&apos;, java.version: &apos;1.7.0_51&apos;
Driver info: driver.version: unknown
Build info: version: &apos;2.41.0&apos;, revision: &apos;3192d8a&apos;, time: &apos;2014-03-27 17:17:32&apos;
System info: host: &apos;Draxayani-PC&apos;, ip: &apos;192.168.30.61&apos;, os.name: &apos;Windows 7&apos;, os.arch: &apos;amd64&apos;, os.version: &apos;6.1&apos;, java.version: &apos;1.7.0_51&apos;
Driver info: driver.version: unknown
	at &lt;anonymous class&gt;.bot.Error(file:///C:/Users/aiuser/AppData/Local/Temp/anonymous2513822635125099283webdriver-profile/extensions/fxdriver@googlecode.com/components/command_processor.js:3373)
	at &lt;anonymous class&gt;.bot.action.clear(file:///C:/Users/aiuser/AppData/Local/Temp/anonymous2513822635125099283webdriver-profile/extensions/fxdriver@googlecode.com/components/command_processor.js:9911)
	at &lt;anonymous class&gt;.WebElement.clearElement(file:///C:/Users/aiuser/AppData/Local/Temp/anonymous2513822635125099283webdriver-profile/extensions/fxdriver@googlecode.com/components/command_processor.js:10354)
	at &lt;anonymous class&gt;.DelayedCommand.prototype.executeInternal_/h(file:///C:/Users/aiuser/AppData/Local/Temp/anonymous2513822635125099283webdriver-profile/extensions/fxdriver@googlecode.com/components/command_processor.js:10884)
	at &lt;anonymous class&gt;.fxdriver.Timer.prototype.setTimeout/&lt;.notify(file:///C:/Users/aiuser/AppData/Local/Temp/anonymous2513822635125099283webdriver-profile/extensions/fxdriver@googlecode.com/components/command_processor.js:396)
</pre></div><a href='#' onClick='toggleBox("stack-trace828262142", this, "Click to show all stack frames", "Click to hide stack frames")'>Click to show all stack frames</a>
<div class='stack-trace' id='stack-trace828262142'><pre>org.openqa.selenium.WebDriverException: Element must be user-editable in order to clear it.
Build info: version: &apos;2.41.0&apos;, revision: &apos;3192d8a&apos;, time: &apos;2014-03-27 17:17:32&apos;
System info: host: &apos;AI-LT500&apos;, ip: &apos;192.168.30.181&apos;, os.name: &apos;Windows 7&apos;, os.arch: &apos;amd64&apos;, os.version: &apos;6.1&apos;, java.version: &apos;1.7.0_51&apos;
Driver info: driver.version: unknown
Command duration or timeout: 60.23 seconds
Build info: version: &apos;2.41.0&apos;, revision: &apos;3192d8a&apos;, time: &apos;2014-03-27 17:17:32&apos;
System info: host: &apos;Draxayani-PC&apos;, ip: &apos;192.168.30.61&apos;, os.name: &apos;Windows 7&apos;, os.arch: &apos;amd64&apos;, os.version: &apos;6.1&apos;, java.version: &apos;1.7.0_51&apos;
Session ID: b4af904d-b9de-47a8-9fe7-f7852148195a
Driver info: org.openqa.selenium.remote.RemoteWebDriver
Capabilities [{platform=XP, javascriptEnabled=true, acceptSslCerts=true, browserName=firefox, rotatable=false, locationContextEnabled=true, webdriver.remote.sessionid=b4af904d-b9de-47a8-9fe7-f7852148195a, version=27.0.1, databaseEnabled=true, cssSelectorsEnabled=true, handlesAlerts=true, browserConnectionEnabled=true, webStorageEnabled=true, nativeEvents=true, applicationCacheEnabled=true, takesScreenshot=true}]
	at sun.reflect.NativeConstructorAccessorImpl.newInstance0(Native Method)
	at sun.reflect.NativeConstructorAccessorImpl.newInstance(Unknown Source)
	at sun.reflect.DelegatingConstructorAccessorImpl.newInstance(Unknown Source)
	at java.lang.reflect.Constructor.newInstance(Unknown Source)
	at org.openqa.selenium.remote.ErrorHandler.createThrowable(ErrorHandler.java:193)
	at org.openqa.selenium.remote.ErrorHandler.throwIfResponseFailed(ErrorHandler.java:145)
	at org.openqa.selenium.remote.RemoteWebDriver.execute(RemoteWebDriver.java:595)
	at org.openqa.selenium.remote.RemoteWebElement.execute(RemoteWebElement.java:268)
	at org.openqa.selenium.remote.RemoteWebElement.clear(RemoteWebElement.java:113)
	at sun.reflect.GeneratedMethodAccessor21.invoke(Unknown Source)
	at sun.reflect.DelegatingMethodAccessorImpl.invoke(Unknown Source)
	at java.lang.reflect.Method.invoke(Unknown Source)
	at org.openqa.selenium.support.events.EventFiringWebDriver$EventFiringWebElement$1.invoke(EventFiringWebDriver.java:331)
	at com.sun.proxy.$Proxy12.clear(Unknown Source)
	at org.openqa.selenium.support.events.EventFiringWebDriver$EventFiringWebElement.clear(EventFiringWebDriver.java:360)
	at com.adv.qa.selenium.framework.pageObjects.currency.CurrencyPage.addUsers(CurrencyPage.java:5209)
	at com.adv.qa.selenium.framework.pageObjects.currency.CurrencyPage.enterAuthorisationByLevelOrGLResponsibilityForAP(CurrencyPage.java:5193)
	at com.adv.qa.selenium.tests.currency.phase2.A087_Authorisation_By_Level_Or_GL_ResponsibilityTest.createAuthorisationByGLResponsibility(A087_Authorisation_By_Level_Or_GL_ResponsibilityTest.java:78)
	at com.adv.qa.selenium.tests.currency.phase2.A087_Authorisation_By_Level_Or_GL_ResponsibilityTest.verify(A087_Authorisation_By_Level_Or_GL_ResponsibilityTest.java:59)
	at sun.reflect.NativeMethodAccessorImpl.invoke0(Native Method)
	at sun.reflect.NativeMethodAccessorImpl.invoke(Unknown Source)
	at sun.reflect.DelegatingMethodAccessorImpl.invoke(Unknown Source)
	at java.lang.reflect.Method.invoke(Unknown Source)
	at org.testng.internal.MethodInvocationHelper.invokeMethod(MethodInvocationHelper.java:84)
	at org.testng.internal.InvokeMethodRunnable.runOne(InvokeMethodRunnable.java:46)
	at org.testng.internal.InvokeMethodRunnable.run(InvokeMethodRunnable.java:37)
	at java.util.concurrent.Executors$RunnableAdapter.call(Unknown Source)
	at java.util.concurrent.FutureTask.run(Unknown Source)
	at java.util.concurrent.ThreadPoolExecutor.runWorker(Unknown Source)
	at java.util.concurrent.ThreadPoolExecutor$Worker.run(Unknown Source)
	at java.lang.Thread.run(Unknown Source)
Caused by: org.openqa.selenium.remote.ScreenshotException: Screen shot has been taken
Build info: version: &apos;2.41.0&apos;, revision: &apos;3192d8a&apos;, time: &apos;2014-03-27 17:17:32&apos;
System info: host: &apos;Draxayani-PC&apos;, ip: &apos;192.168.30.61&apos;, os.name: &apos;Windows 7&apos;, os.arch: &apos;amd64&apos;, os.version: &apos;6.1&apos;, java.version: &apos;1.7.0_51&apos;
Driver info: driver.version: RemoteWebDriver
	at org.openqa.selenium.remote.ErrorHandler.throwIfResponseFailed(ErrorHandler.java:125)
	... 25 more
Caused by: org.openqa.selenium.remote.ErrorHandler$UnknownServerException: Element must be user-editable in order to clear it.
Build info: version: &apos;2.41.0&apos;, revision: &apos;3192d8a&apos;, time: &apos;2014-03-27 17:17:32&apos;
System info: host: &apos;AI-LT500&apos;, ip: &apos;192.168.30.181&apos;, os.name: &apos;Windows 7&apos;, os.arch: &apos;amd64&apos;, os.version: &apos;6.1&apos;, java.version: &apos;1.7.0_51&apos;
Driver info: driver.version: unknown
Build info: version: &apos;2.41.0&apos;, revision: &apos;3192d8a&apos;, time: &apos;2014-03-27 17:17:32&apos;
System info: host: &apos;Draxayani-PC&apos;, ip: &apos;192.168.30.61&apos;, os.name: &apos;Windows 7&apos;, os.arch: &apos;amd64&apos;, os.version: &apos;6.1&apos;, java.version: &apos;1.7.0_51&apos;
Driver info: driver.version: unknown
	at &lt;anonymous class&gt;.bot.Error(file:///C:/Users/aiuser/AppData/Local/Temp/anonymous2513822635125099283webdriver-profile/extensions/fxdriver@googlecode.com/components/command_processor.js:3373)
	at &lt;anonymous class&gt;.bot.action.clear(file:///C:/Users/aiuser/AppData/Local/Temp/anonymous2513822635125099283webdriver-profile/extensions/fxdriver@googlecode.com/components/command_processor.js:9911)
	at &lt;anonymous class&gt;.WebElement.clearElement(file:///C:/Users/aiuser/AppData/Local/Temp/anonymous2513822635125099283webdriver-profile/extensions/fxdriver@googlecode.com/components/command_processor.js:10354)
	at &lt;anonymous class&gt;.DelayedCommand.prototype.executeInternal_/h(file:///C:/Users/aiuser/AppData/Local/Temp/anonymous2513822635125099283webdriver-profile/extensions/fxdriver@googlecode.com/components/command_processor.js:10884)
	at &lt;anonymous class&gt;.fxdriver.Timer.prototype.setTimeout/&lt;.notify(file:///C:/Users/aiuser/AppData/Local/Temp/anonymous2513822635125099283webdriver-profile/extensions/fxdriver@googlecode.com/components/command_processor.js:396)
</pre></div></td>
<td>686</td>
<td>com.adv.qa.selenium.tests.currency.phase2.A087_Authorisation_By_Level_Or_GL_ResponsibilityTest@6a086b19</td></tr>
</table><p>
</body>
</html>