<html>
<head>
<title>TestNG:  suite20</title>
<link href="../testng.css" rel="stylesheet" type="text/css" />
<link href="../my-testng.css" rel="stylesheet" type="text/css" />

<style type="text/css">
.log { display: none;} 
.stack-trace { display: none;} 
</style>
<script type="text/javascript">
<!--
function flip(e) {
  current = e.style.display;
  if (current == 'block') {
    e.style.display = 'none';
    return 0;
  }
  else {
    e.style.display = 'block';
    return 1;
  }
}

function toggleBox(szDivId, elem, msg1, msg2)
{
  var res = -1;  if (document.getElementById) {
    res = flip(document.getElementById(szDivId));
  }
  else if (document.all) {
    // this is the way old msie versions work
    res = flip(document.all[szDivId]);
  }
  if(elem) {
    if(res == 0) elem.innerHTML = msg1; else elem.innerHTML = msg2;
  }

}

function toggleAllBoxes() {
  if (document.getElementsByTagName) {
    d = document.getElementsByTagName('div');
    for (i = 0; i < d.length; i++) {
      if (d[i].className == 'log') {
        flip(d[i]);
      }
    }
  }
}

// -->
</script>

</head>
<body>
<h2 align='center'>suite20</h2><table border='1' align="center">
<tr>
<td>Tests passed/Failed/Skipped:</td><td>1/2/0</td>
</tr><tr>
<td>Started on:</td><td>Tue May 23 21:03:13 IST 2017</td>
</tr>
<tr><td>Total time:</td><td>1448 seconds (1448083 ms)</td>
</tr><tr>
<td>Included groups:</td><td></td>
</tr><tr>
<td>Excluded groups:</td><td></td>
</tr>
</table><p/>
<small><i>(Hover the method name to see the test class name)</i></small><p/>
<table width='100%' border='1' class='invocation-failed'>
<tr><td colspan='4' align='center'><b>FAILED TESTS</b></td></tr>
<tr><td><b>Test method</b></td>
<td width="30%"><b>Exception</b></td>
<td width="10%"><b>Time (seconds)</b></td>
<td><b>Instance</b></td>
</tr>
<tr>
<td title='com.adv.qa.selenium.tests.currency.A040_ICA_Data_EntryTest.verify()'><b>verify</b><br>Test class: com.adv.qa.selenium.tests.currency.A040_ICA_Data_EntryTest<br>Parameters: [DataUnit [userName = SYSTEM], DataUnit [passWord = E5], DataUnit [currencyCode = EDB], DataUnit [currencyCode = EJI], DataUnit [currencyCode = EJJ], DataUnit [company = 03], DataUnit [firstICAData = BASE], DataUnit [firstICAData = B002], DataUnit [firstICAData = NORTH], DataUnit [firstICAData = Posting within BTZ element B001], DataUnit [firstICAData = 12], DataUnit [firstICAData = 1500], DataUnit [firstICAData = N1], DataUnit [firstICAData = 400.00], DataUnit [firstICAData = 6300], DataUnit [firstICAData = N2], DataUnit [firstICAData = -400.00], DataUnit [firstICAData = This], DataUnit [secondICAData = BASE], DataUnit [secondICAData = B003], DataUnit [secondICAData = NORTH], DataUnit [secondICAData = Posting within BTZ element B002], DataUnit [secondICAData = 12], DataUnit [secondICAData = 1500], DataUnit [secondICAData = N1], DataUnit [secondICAData = 200.00], DataUnit [secondICAData = 6400], DataUnit [secondICAData = S1], DataUnit [secondICAData = -200.00], DataUnit [secondICAData = This], DataUnit [aGroup = LAY1], DataUnit [aGroup = A], DataUnit [aGroup = 02], DataUnit [fAccount1500 = 1500], DataUnit [fAccount1500 = 400.00], DataUnit [fAccount1500 = 400.00], DataUnit [account6300 = 6300], DataUnit [account6300 = -400.00], DataUnit [account6300 = -400.00], DataUnit [sAccount1500 = 1500], DataUnit [sAccount1500 = 600.00], DataUnit [sAccount1500 = 600.00], DataUnit [account6400 = 6400], DataUnit [account6400 = -200.00], DataUnit [account6400 = -200.00], DataUnit [structureEnqForA02 = LAY1], DataUnit [structureEnqForA02 = 00], DataUnit [structureEnqForA02 = NORTH], DataUnit [structureEnqForA02 = N], DataUnit [structureEnqForA02 = A], DataUnit [structureEnqForA02 = 02], DataUnit [structureEnqForN1 = N1], DataUnit [structureEnqForN1 = 400.00], DataUnit [structureEnqForN1 = 400.00], DataUnit [structureEnqForN2 = N2], DataUnit [structureEnqForN2 = 400.00], DataUnit [structureEnqForN2 = 400.00], DataUnit [structureEnq2ForN1 = N1], DataUnit [structureEnq2ForN1 = 600.00], DataUnit [structureEnq2ForN1 = 600.00], DataUnit [structureEnqForS1 = S1], DataUnit [structureEnqForS1 = -200.00], DataUnit [structureEnqForS1 = -200.00], DataUnit [balance = NBTZ], DataUnit [balance = 000.00], DataUnit [balance = 000.00], DataUnit [balance = N1], DataUnit [balance = 400.00], DataUnit [balance = 400.00], DataUnit [balance = N2], DataUnit [balance = -400.00], DataUnit [balance = -400.00]]</td>
<td><div><pre>java.lang.AssertionError: New group displayed not displayed in the grid expected [true] but found [false]
	at org.testng.Assert.fail(Assert.java:94)
	at org.testng.Assert.failNotEquals(Assert.java:513)
	at org.testng.Assert.assertTrue(Assert.java:42)
	at com.adv.qa.selenium.framework.Assert.assertTrue(Assert.java:43)
	at com.adv.qa.selenium.tests.currency.A040_ICA_Data_EntryTest.verifyGroup(A040_ICA_Data_EntryTest.java:165)
	at com.adv.qa.selenium.tests.currency.A040_ICA_Data_EntryTest.accountDetailEnquiry(A040_ICA_Data_EntryTest.java:119)
	at com.adv.qa.selenium.tests.currency.A040_ICA_Data_EntryTest.verify(A040_ICA_Data_EntryTest.java:62)
	at sun.reflect.NativeMethodAccessorImpl.invoke0(Native Method)
	at sun.reflect.NativeMethodAccessorImpl.invoke(Unknown Source)
	at sun.reflect.DelegatingMethodAccessorImpl.invoke(Unknown Source)
	at java.lang.reflect.Method.invoke(Unknown Source)
	at org.testng.internal.MethodInvocationHelper.invokeMethod(MethodInvocationHelper.java:104)
	at org.testng.internal.InvokeMethodRunnable.runOne(InvokeMethodRunnable.java:54)
	at org.testng.internal.InvokeMethodRunnable.run(InvokeMethodRunnable.java:44)
	at java.util.concurrent.Executors$RunnableAdapter.call(Unknown Source)
	at java.util.concurrent.FutureTask.run(Unknown Source)
	at java.util.concurrent.ThreadPoolExecutor.runWorker(Unknown Source)
	at java.util.concurrent.ThreadPoolExecutor$Worker.run(Unknown Source)
	at java.lang.Thread.run(Unknown Source)
</pre></div><a href='#' onClick='toggleBox("stack-trace1337335626", this, "Click to show all stack frames", "Click to hide stack frames")'>Click to show all stack frames</a>
<div class='stack-trace' id='stack-trace1337335626'><pre>java.lang.AssertionError: New group displayed not displayed in the grid expected [true] but found [false]
	at org.testng.Assert.fail(Assert.java:94)
	at org.testng.Assert.failNotEquals(Assert.java:513)
	at org.testng.Assert.assertTrue(Assert.java:42)
	at com.adv.qa.selenium.framework.Assert.assertTrue(Assert.java:43)
	at com.adv.qa.selenium.tests.currency.A040_ICA_Data_EntryTest.verifyGroup(A040_ICA_Data_EntryTest.java:165)
	at com.adv.qa.selenium.tests.currency.A040_ICA_Data_EntryTest.accountDetailEnquiry(A040_ICA_Data_EntryTest.java:119)
	at com.adv.qa.selenium.tests.currency.A040_ICA_Data_EntryTest.verify(A040_ICA_Data_EntryTest.java:62)
	at sun.reflect.NativeMethodAccessorImpl.invoke0(Native Method)
	at sun.reflect.NativeMethodAccessorImpl.invoke(Unknown Source)
	at sun.reflect.DelegatingMethodAccessorImpl.invoke(Unknown Source)
	at java.lang.reflect.Method.invoke(Unknown Source)
	at org.testng.internal.MethodInvocationHelper.invokeMethod(MethodInvocationHelper.java:104)
	at org.testng.internal.InvokeMethodRunnable.runOne(InvokeMethodRunnable.java:54)
	at org.testng.internal.InvokeMethodRunnable.run(InvokeMethodRunnable.java:44)
	at java.util.concurrent.Executors$RunnableAdapter.call(Unknown Source)
	at java.util.concurrent.FutureTask.run(Unknown Source)
	at java.util.concurrent.ThreadPoolExecutor.runWorker(Unknown Source)
	at java.util.concurrent.ThreadPoolExecutor$Worker.run(Unknown Source)
	at java.lang.Thread.run(Unknown Source)
</pre></div></td>
<td>626</td>
<td>com.adv.qa.selenium.tests.currency.A040_ICA_Data_EntryTest@5a955565</td></tr>
<tr>
<td title='com.adv.qa.selenium.tests.currency.A041_Group_Category_And_Structure_PostingsPostgreSQLTest.verify()'><b>verify</b><br>Test class: com.adv.qa.selenium.tests.currency.A041_Group_Category_And_Structure_PostingsPostgreSQLTest<br>Parameters: [DataUnit [userName = IM], DataUnit [passWord = E5], DataUnit [ep4ProcessList = Submit EP4], DataUnit [ep4ProcessList = EAQ], DataUnit [ep4ProcessList = EP4], DataUnit [ep4ProcessList = E5H5EP4], DataUnit [ep4ProcessList = PM], DataUnit [ep5ProcessList = Submit EP5], DataUnit [ep5ProcessList = EPA], DataUnit [ep5ProcessList = EP5], DataUnit [ep5ProcessList = E5H5EP5], DataUnit [ep5ProcessList = 30 Apr 2014]]</td>
<td><div><pre>java.lang.NullPointerException
	at com.adv.qa.selenium.framework.Assert.assertEquals(Assert.java:156)
	at com.adv.qa.selenium.tests.currency.A041_Group_Category_And_Structure_PostingsPostgreSQLTest.processVerificationep4(A041_Group_Category_And_Structure_PostingsPostgreSQLTest.java:88)
	at com.adv.qa.selenium.tests.currency.A041_Group_Category_And_Structure_PostingsPostgreSQLTest.verify(A041_Group_Category_And_Structure_PostingsPostgreSQLTest.java:64)
	at sun.reflect.NativeMethodAccessorImpl.invoke0(Native Method)
	at sun.reflect.NativeMethodAccessorImpl.invoke(Unknown Source)
	at sun.reflect.DelegatingMethodAccessorImpl.invoke(Unknown Source)
	at java.lang.reflect.Method.invoke(Unknown Source)
	at org.testng.internal.MethodInvocationHelper.invokeMethod(MethodInvocationHelper.java:104)
	at org.testng.internal.InvokeMethodRunnable.runOne(InvokeMethodRunnable.java:54)
	at org.testng.internal.InvokeMethodRunnable.run(InvokeMethodRunnable.java:44)
	at java.util.concurrent.Executors$RunnableAdapter.call(Unknown Source)
	at java.util.concurrent.FutureTask.run(Unknown Source)
	at java.util.concurrent.ThreadPoolExecutor.runWorker(Unknown Source)
	at java.util.concurrent.ThreadPoolExecutor$Worker.run(Unknown Source)
	at java.lang.Thread.run(Unknown Source)
</pre></div><a href='#' onClick='toggleBox("stack-trace1388278453", this, "Click to show all stack frames", "Click to hide stack frames")'>Click to show all stack frames</a>
<div class='stack-trace' id='stack-trace1388278453'><pre>java.lang.NullPointerException
	at com.adv.qa.selenium.framework.Assert.assertEquals(Assert.java:156)
	at com.adv.qa.selenium.tests.currency.A041_Group_Category_And_Structure_PostingsPostgreSQLTest.processVerificationep4(A041_Group_Category_And_Structure_PostingsPostgreSQLTest.java:88)
	at com.adv.qa.selenium.tests.currency.A041_Group_Category_And_Structure_PostingsPostgreSQLTest.verify(A041_Group_Category_And_Structure_PostingsPostgreSQLTest.java:64)
	at sun.reflect.NativeMethodAccessorImpl.invoke0(Native Method)
	at sun.reflect.NativeMethodAccessorImpl.invoke(Unknown Source)
	at sun.reflect.DelegatingMethodAccessorImpl.invoke(Unknown Source)
	at java.lang.reflect.Method.invoke(Unknown Source)
	at org.testng.internal.MethodInvocationHelper.invokeMethod(MethodInvocationHelper.java:104)
	at org.testng.internal.InvokeMethodRunnable.runOne(InvokeMethodRunnable.java:54)
	at org.testng.internal.InvokeMethodRunnable.run(InvokeMethodRunnable.java:44)
	at java.util.concurrent.Executors$RunnableAdapter.call(Unknown Source)
	at java.util.concurrent.FutureTask.run(Unknown Source)
	at java.util.concurrent.ThreadPoolExecutor.runWorker(Unknown Source)
	at java.util.concurrent.ThreadPoolExecutor$Worker.run(Unknown Source)
	at java.lang.Thread.run(Unknown Source)
</pre></div></td>
<td>100</td>
<td>com.adv.qa.selenium.tests.currency.A041_Group_Category_And_Structure_PostingsPostgreSQLTest@6293abcc</td></tr>
</table><p>
<table width='100%' border='1' class='invocation-passed'>
<tr><td colspan='4' align='center'><b>PASSED TESTS</b></td></tr>
<tr><td><b>Test method</b></td>
<td width="30%"><b>Exception</b></td>
<td width="10%"><b>Time (seconds)</b></td>
<td><b>Instance</b></td>
</tr>
<tr>
<td title='com.adv.qa.selenium.tests.currency.A039_EnquiryTest.verify()'><b>verify</b><br>Test class: com.adv.qa.selenium.tests.currency.A039_EnquiryTest<br>Parameters: [DataUnit [userName = SYSTEM], DataUnit [passWord = E5], DataUnit [code = EJI], DataUnit [company = IM], DataUnit [aGroup = LAY1], DataUnit [aGroup = A], DataUnit [aGroup = B/S Group A], DataUnit [aGroup = 02 Category A02], DataUnit [aGroup = B/S Group A Expenses     Total], DataUnit [aGroup = Running Total], DataUnit [aGroup = 0.00], DataUnit [aGroup = 0.00], DataUnit [aGroup = 0.00], DataUnit [aGroup = 0.00], DataUnit [aGroup = 0.00], DataUnit [aGroup = 0.00], DataUnit [bGroup = LAY1], DataUnit [bGroup = B], DataUnit [bGroup = B/S Group B Purchasing], DataUnit [bGroup = 01 Purchasing Assets], DataUnit [bGroup = 02 PL Creditors], DataUnit [bGroup = 03 Purchasing CTLS], DataUnit [bGroup = 04 POP Accruals], DataUnit [bGroup = 08 Category B08], DataUnit [bGroup = B/S Group B Purchasing   Total], DataUnit [bGroup = Running Total], DataUnit [bGroup = 0.00], DataUnit [bGroup = 0.00], DataUnit [bGroup = 0.00], DataUnit [bGroup = 0.00], DataUnit [bGroup = 0.00], DataUnit [bGroup = 0.00]]</td>
<td></td>
<td>657</td>
<td>com.adv.qa.selenium.tests.currency.A039_EnquiryTest@6a01e23</td></tr>
</table><p>
</body>
</html>