<html>
<head>
<title>TestNG:  suite</title>
<link href="../testng.css" rel="stylesheet" type="text/css" />
<link href="../my-testng.css" rel="stylesheet" type="text/css" />

<style type="text/css">
.log { display: none;} 
.stack-trace { display: none;} 
</style>
<script type="text/javascript">
<!--
function flip(e) {
  current = e.style.display;
  if (current == 'block') {
    e.style.display = 'none';
    return 0;
  }
  else {
    e.style.display = 'block';
    return 1;
  }
}

function toggleBox(szDivId, elem, msg1, msg2)
{
  var res = -1;  if (document.getElementById) {
    res = flip(document.getElementById(szDivId));
  }
  else if (document.all) {
    // this is the way old msie versions work
    res = flip(document.all[szDivId]);
  }
  if(elem) {
    if(res == 0) elem.innerHTML = msg1; else elem.innerHTML = msg2;
  }

}

function toggleAllBoxes() {
  if (document.getElementsByTagName) {
    d = document.getElementsByTagName('div');
    for (i = 0; i < d.length; i++) {
      if (d[i].className == 'log') {
        flip(d[i]);
      }
    }
  }
}

// -->
</script>

</head>
<body>
<h2 align='center'>suite</h2><table border='1' align="center">
<tr>
<td>Tests passed/Failed/Skipped:</td><td>0/2/0</td>
</tr><tr>
<td>Started on:</td><td>Mon Jun 30 16:10:49 IST 2014</td>
</tr>
<tr><td>Total time:</td><td>402 seconds (402113 ms)</td>
</tr><tr>
<td>Included groups:</td><td></td>
</tr><tr>
<td>Excluded groups:</td><td></td>
</tr>
</table><p/>
<small><i>(Hover the method name to see the test class name)</i></small><p/>
<table width='100%' border='1' class='invocation-failed'>
<tr><td colspan='4' align='center'><b>FAILED TESTS</b></td></tr>
<tr><td><b>Test method</b></td>
<td width="30%"><b>Exception</b></td>
<td width="10%"><b>Time (seconds)</b></td>
<td><b>Instance</b></td>
</tr>
<tr>
<td title='com.adv.qa.selenium.tests.currency.phase2.A084_Authorisation_Value_Levels_DefinitionTest.verify()'><b>verify</b><br>Test class: com.adv.qa.selenium.tests.currency.phase2.A084_Authorisation_Value_Levels_DefinitionTest<br>Parameters: [DataUnit [userName = T65], DataUnit [passWord = T65], DataUnit [currencyCode = DBE], DataUnit [currencyCode = GOE], DataUnit [pmLev1 = PM], DataUnit [pmLev1 = LEV1], DataUnit [pmLev1 = 3000], DataUnit [pmLev1 = Value Level 1 Up To 1000 Pounds], DataUnit [pmLev2 = PM], DataUnit [pmLev2 = LEV2], DataUnit [pmLev2 = 5000], DataUnit [pmLev2 = Value Level 2 Up To 5000 Pounds], DataUnit [pmLev3 = PM], DataUnit [pmLev3 = LEV3], DataUnit [pmLev3 = 100000], DataUnit [pmLev3 = Value Level 3 Up To 100000 Pounds], DataUnit [pmLev4 = PM], DataUnit [pmLev4 = LEV4], DataUnit [pmLev4 = 1000000], DataUnit [pmLev4 = Value Level 4 Up To 1000000 Pounds], DataUnit [apLev1 = PM], DataUnit [apLev1 = LEV1], DataUnit [apLev1 = 3000], DataUnit [apLev1 = Value Level 1 Up To 1000 Pounds], DataUnit [apLev2 = PM], DataUnit [apLev2 = LEV2], DataUnit [apLev2 = 5000], DataUnit [apLev2 = Value Level 2 Up To 5000 Pounds], DataUnit [apLev3 = PM], DataUnit [apLev3 = LEV3], DataUnit [apLev3 = 100000], DataUnit [apLev3 = Value Level 3 Up To 100000 Pounds], DataUnit [apLev4 = PM], DataUnit [apLev4 = LEV4], DataUnit [apLev4 = 1000000], DataUnit [apLev4 = Value Level 4 Up To 1000000 Pounds]]</td>
<td><div><pre>java.lang.AssertionError: New authorisation value levels  LEV1 not displayed in the list expected [true] but found [false]
	at org.testng.Assert.fail(Assert.java:94)
	at org.testng.Assert.failNotEquals(Assert.java:494)
	at org.testng.Assert.assertTrue(Assert.java:42)
	at com.adv.qa.selenium.framework.Assert.assertTrue(Assert.java:43)
	at com.adv.qa.selenium.tests.currency.phase2.A084_Authorisation_Value_Levels_DefinitionTest.createStructureAuthorisers(A084_Authorisation_Value_Levels_DefinitionTest.java:101)
	at com.adv.qa.selenium.tests.currency.phase2.A084_Authorisation_Value_Levels_DefinitionTest.verify(A084_Authorisation_Value_Levels_DefinitionTest.java:75)
	at sun.reflect.NativeMethodAccessorImpl.invoke0(Native Method)
	at sun.reflect.NativeMethodAccessorImpl.invoke(Unknown Source)
	at sun.reflect.DelegatingMethodAccessorImpl.invoke(Unknown Source)
	at java.lang.reflect.Method.invoke(Unknown Source)
	at org.testng.internal.MethodInvocationHelper.invokeMethod(MethodInvocationHelper.java:84)
	at org.testng.internal.InvokeMethodRunnable.runOne(InvokeMethodRunnable.java:46)
	at org.testng.internal.InvokeMethodRunnable.run(InvokeMethodRunnable.java:37)
	at java.util.concurrent.Executors$RunnableAdapter.call(Unknown Source)
	at java.util.concurrent.FutureTask.run(Unknown Source)
	at java.util.concurrent.ThreadPoolExecutor.runWorker(Unknown Source)
	at java.util.concurrent.ThreadPoolExecutor$Worker.run(Unknown Source)
	at java.lang.Thread.run(Unknown Source)
</pre></div><a href='#' onClick='toggleBox("stack-trace604523949", this, "Click to show all stack frames", "Click to hide stack frames")'>Click to show all stack frames</a>
<div class='stack-trace' id='stack-trace604523949'><pre>java.lang.AssertionError: New authorisation value levels  LEV1 not displayed in the list expected [true] but found [false]
	at org.testng.Assert.fail(Assert.java:94)
	at org.testng.Assert.failNotEquals(Assert.java:494)
	at org.testng.Assert.assertTrue(Assert.java:42)
	at com.adv.qa.selenium.framework.Assert.assertTrue(Assert.java:43)
	at com.adv.qa.selenium.tests.currency.phase2.A084_Authorisation_Value_Levels_DefinitionTest.createStructureAuthorisers(A084_Authorisation_Value_Levels_DefinitionTest.java:101)
	at com.adv.qa.selenium.tests.currency.phase2.A084_Authorisation_Value_Levels_DefinitionTest.verify(A084_Authorisation_Value_Levels_DefinitionTest.java:75)
	at sun.reflect.NativeMethodAccessorImpl.invoke0(Native Method)
	at sun.reflect.NativeMethodAccessorImpl.invoke(Unknown Source)
	at sun.reflect.DelegatingMethodAccessorImpl.invoke(Unknown Source)
	at java.lang.reflect.Method.invoke(Unknown Source)
	at org.testng.internal.MethodInvocationHelper.invokeMethod(MethodInvocationHelper.java:84)
	at org.testng.internal.InvokeMethodRunnable.runOne(InvokeMethodRunnable.java:46)
	at org.testng.internal.InvokeMethodRunnable.run(InvokeMethodRunnable.java:37)
	at java.util.concurrent.Executors$RunnableAdapter.call(Unknown Source)
	at java.util.concurrent.FutureTask.run(Unknown Source)
	at java.util.concurrent.ThreadPoolExecutor.runWorker(Unknown Source)
	at java.util.concurrent.ThreadPoolExecutor$Worker.run(Unknown Source)
	at java.lang.Thread.run(Unknown Source)
</pre></div></td>
<td>314</td>
<td>com.adv.qa.selenium.tests.currency.phase2.A084_Authorisation_Value_Levels_DefinitionTest@3fd76922</td></tr>
<tr>
<td title='com.adv.qa.selenium.tests.currency.phase2.A085_Authorisation_By_Value_LevelTest.verify()'><b>verify</b><br>Test class: com.adv.qa.selenium.tests.currency.phase2.A085_Authorisation_By_Value_LevelTest<br>Parameters: [DataUnit [userName = T65], DataUnit [passWord = T65], DataUnit [currencyCode = GOG], DataUnit [currencyCode = DBG], DataUnit [apLev1 = PM], DataUnit [apLev1 = PM], DataUnit [apLev1 = LEV1], DataUnit [apLev1 = 1], DataUnit [apLev1 = ADMIN], DataUnit [apLev2 = PM], DataUnit [apLev2 = PM], DataUnit [apLev2 = LEV2], DataUnit [apLev2 = 1], DataUnit [apLev2 = ADMIN], DataUnit [apLev3 = PM], DataUnit [apLev3 = PM], DataUnit [apLev3 = LEV3], DataUnit [apLev3 = 2], DataUnit [apLev3 = ADMIN], DataUnit [apLev3 = MANAGER], DataUnit [apLev4 = PM], DataUnit [apLev4 = PM], DataUnit [apLev4 = LEV4], DataUnit [apLev4 = 2], DataUnit [apLev4 = MANAGER], DataUnit [apLev4 = BM], DataUnit [pmLev1 = PM], DataUnit [pmLev1 = PM], DataUnit [pmLev1 = LEV1], DataUnit [pmLev1 = 1], DataUnit [pmLev1 = EMPLOYEE], DataUnit [pmLev2 = PM], DataUnit [pmLev2 = PM], DataUnit [pmLev2 = LEV2], DataUnit [pmLev2 = 1], DataUnit [pmLev2 = ADMIN], DataUnit [pmLev3 = PM], DataUnit [pmLev3 = PM], DataUnit [pmLev3 = LEV3], DataUnit [pmLev3 = 2], DataUnit [pmLev3 = ADMIN], DataUnit [pmLev3 = MANAGER], DataUnit [pmLev4 = PM], DataUnit [pmLev4 = PM], DataUnit [pmLev4 = LEV4], DataUnit [pmLev4 = 2], DataUnit [pmLev4 = ADMIN], DataUnit [pmLev4 = QUERY]]</td>
<td><div><pre>java.lang.IndexOutOfBoundsException: Index: 5, Size: 5
	at java.util.ArrayList.rangeCheck(Unknown Source)
	at java.util.ArrayList.get(Unknown Source)
	at com.adv.qa.selenium.framework.pageObjects.currency.CurrencyPage.enterValueLevelAuthForAP(CurrencyPage.java:4144)
	at com.adv.qa.selenium.tests.currency.phase2.A085_Authorisation_By_Value_LevelTest.createStructureAuthorisers(A085_Authorisation_By_Value_LevelTest.java:89)
	at com.adv.qa.selenium.tests.currency.phase2.A085_Authorisation_By_Value_LevelTest.verify(A085_Authorisation_By_Value_LevelTest.java:62)
	at sun.reflect.NativeMethodAccessorImpl.invoke0(Native Method)
	at sun.reflect.NativeMethodAccessorImpl.invoke(Unknown Source)
	at sun.reflect.DelegatingMethodAccessorImpl.invoke(Unknown Source)
	at java.lang.reflect.Method.invoke(Unknown Source)
	at org.testng.internal.MethodInvocationHelper.invokeMethod(MethodInvocationHelper.java:84)
	at org.testng.internal.InvokeMethodRunnable.runOne(InvokeMethodRunnable.java:46)
	at org.testng.internal.InvokeMethodRunnable.run(InvokeMethodRunnable.java:37)
	at java.util.concurrent.Executors$RunnableAdapter.call(Unknown Source)
	at java.util.concurrent.FutureTask.run(Unknown Source)
	at java.util.concurrent.ThreadPoolExecutor.runWorker(Unknown Source)
	at java.util.concurrent.ThreadPoolExecutor$Worker.run(Unknown Source)
	at java.lang.Thread.run(Unknown Source)
</pre></div><a href='#' onClick='toggleBox("stack-trace926038057", this, "Click to show all stack frames", "Click to hide stack frames")'>Click to show all stack frames</a>
<div class='stack-trace' id='stack-trace926038057'><pre>java.lang.IndexOutOfBoundsException: Index: 5, Size: 5
	at java.util.ArrayList.rangeCheck(Unknown Source)
	at java.util.ArrayList.get(Unknown Source)
	at com.adv.qa.selenium.framework.pageObjects.currency.CurrencyPage.enterValueLevelAuthForAP(CurrencyPage.java:4144)
	at com.adv.qa.selenium.tests.currency.phase2.A085_Authorisation_By_Value_LevelTest.createStructureAuthorisers(A085_Authorisation_By_Value_LevelTest.java:89)
	at com.adv.qa.selenium.tests.currency.phase2.A085_Authorisation_By_Value_LevelTest.verify(A085_Authorisation_By_Value_LevelTest.java:62)
	at sun.reflect.NativeMethodAccessorImpl.invoke0(Native Method)
	at sun.reflect.NativeMethodAccessorImpl.invoke(Unknown Source)
	at sun.reflect.DelegatingMethodAccessorImpl.invoke(Unknown Source)
	at java.lang.reflect.Method.invoke(Unknown Source)
	at org.testng.internal.MethodInvocationHelper.invokeMethod(MethodInvocationHelper.java:84)
	at org.testng.internal.InvokeMethodRunnable.runOne(InvokeMethodRunnable.java:46)
	at org.testng.internal.InvokeMethodRunnable.run(InvokeMethodRunnable.java:37)
	at java.util.concurrent.Executors$RunnableAdapter.call(Unknown Source)
	at java.util.concurrent.FutureTask.run(Unknown Source)
	at java.util.concurrent.ThreadPoolExecutor.runWorker(Unknown Source)
	at java.util.concurrent.ThreadPoolExecutor$Worker.run(Unknown Source)
	at java.lang.Thread.run(Unknown Source)
</pre></div></td>
<td>38</td>
<td>com.adv.qa.selenium.tests.currency.phase2.A085_Authorisation_By_Value_LevelTest@4d1d72a0</td></tr>
</table><p>
</body>
</html>