<?xml version="1.0" encoding="UTF-8"?>
<!-- Generated by org.testng.reporters.JUnitXMLReporter -->
<testsuite hostname="ChetnaM-PC" ignored="0" name="suite20" tests="2" failures="0" timestamp="17 Jul 2017 12:53:29 GMT" time="800.017" errors="0">
  <testcase name="verify" time="540.709" classname="com.adv.qa.selenium.tests.currency.phase2.A090_PM_Company_Controls_For_AuthorisationTest"/>
  <testcase name="verify" time="563.336" classname="com.adv.qa.selenium.tests.currency.phase2.A088_Authorisation_By_Val_Or_GL_ResponsibilityTest"/>
  <testcase name="verify" time="224.506" classname="com.adv.qa.selenium.tests.currency.phase2.A091_SuppliersTest">
    <failure type="org.openqa.selenium.WebDriverException" message="java.lang.InterruptedException: sleep interrupted
Build info: version: &amp;apos;3.0.1&amp;apos;, revision: &amp;apos;1969d75&amp;apos;, time: &amp;apos;2016-10-18 09:49:13 -0700&amp;apos;
System info: host: &amp;apos;ChetnaM-PC&amp;apos;, ip: &amp;apos;10.31.25.117&amp;apos;, os.name: &amp;apos;Windows 10&amp;apos;, os.arch: &amp;apos;amd64&amp;apos;, os.version: &amp;apos;10.0&amp;apos;, java.version: &amp;apos;1.8.0_112&amp;apos;
Driver info: driver.version: unknown">
      <![CDATA[org.openqa.selenium.WebDriverException: java.lang.InterruptedException: sleep interrupted
Build info: version: '3.0.1', revision: '1969d75', time: '2016-10-18 09:49:13 -0700'
System info: host: 'ChetnaM-PC', ip: '10.31.25.117', os.name: 'Windows 10', os.arch: 'amd64', os.version: '10.0', java.version: '1.8.0_112'
Driver info: driver.version: unknown
	at com.adv.qa.selenium.helpers.WaitHelper.waitAdditional(WaitHelper.java:238)
	at com.adv.qa.selenium.framework.pageObjects.currency.CurrencyPage.ClickOnAnyTab(CurrencyPage.java:10715)
	at com.adv.qa.selenium.framework.pageObjects.currency.CurrencyPage.enterSupplierPurchasingControl(CurrencyPage.java:10430)
	at com.adv.qa.selenium.framework.pageObjects.currency.CurrencyPage.enterSupplierListDetail(CurrencyPage.java:10321)
	at com.adv.qa.selenium.tests.currency.phase2.A091_SuppliersTest.createSuppliers(A091_SuppliersTest.java:82)
	at com.adv.qa.selenium.tests.currency.phase2.A091_SuppliersTest.verify(A091_SuppliersTest.java:61)
	at sun.reflect.NativeMethodAccessorImpl.invoke0(Native Method)
	at sun.reflect.NativeMethodAccessorImpl.invoke(Unknown Source)
	at sun.reflect.DelegatingMethodAccessorImpl.invoke(Unknown Source)
	at java.lang.reflect.Method.invoke(Unknown Source)
	at org.testng.internal.MethodInvocationHelper.invokeMethod(MethodInvocationHelper.java:108)
	at org.testng.internal.InvokeMethodRunnable.runOne(InvokeMethodRunnable.java:54)
	at org.testng.internal.InvokeMethodRunnable.run(InvokeMethodRunnable.java:44)
	at org.testng.internal.MethodInvocationHelper.invokeWithTimeoutWithNoExecutor(MethodInvocationHelper.java:257)
	at org.testng.internal.MethodInvocationHelper.invokeWithTimeout(MethodInvocationHelper.java:244)
	at org.testng.internal.Invoker.invokeMethod(Invoker.java:667)
	at org.testng.internal.Invoker.invokeTestMethod(Invoker.java:869)
	at org.testng.internal.Invoker.invokeTestMethods(Invoker.java:1193)
	at org.testng.internal.TestMethodWorker.invokeTestMethods(TestMethodWorker.java:126)
	at org.testng.internal.TestMethodWorker.run(TestMethodWorker.java:109)
	at java.util.concurrent.ThreadPoolExecutor.runWorker(Unknown Source)
	at java.util.concurrent.ThreadPoolExecutor$Worker.run(Unknown Source)
	at java.lang.Thread.run(Unknown Source)
Caused by: java.lang.InterruptedException: sleep interrupted
	at java.lang.Thread.sleep(Native Method)
	at com.adv.qa.selenium.helpers.WaitHelper.waitAdditional(WaitHelper.java:235)
	... 22 more
]]>
    </failure>
  </testcase> <!-- verify -->
</testsuite> <!-- suite20 -->
