<html>
<head>
<title>TestNG:  suite1</title>
<link href="../testng.css" rel="stylesheet" type="text/css" />
<link href="../my-testng.css" rel="stylesheet" type="text/css" />

<style type="text/css">
.log { display: none;} 
.stack-trace { display: none;} 
</style>
<script type="text/javascript">
<!--
function flip(e) {
  current = e.style.display;
  if (current == 'block') {
    e.style.display = 'none';
    return 0;
  }
  else {
    e.style.display = 'block';
    return 1;
  }
}

function toggleBox(szDivId, elem, msg1, msg2)
{
  var res = -1;  if (document.getElementById) {
    res = flip(document.getElementById(szDivId));
  }
  else if (document.all) {
    // this is the way old msie versions work
    res = flip(document.all[szDivId]);
  }
  if(elem) {
    if(res == 0) elem.innerHTML = msg1; else elem.innerHTML = msg2;
  }

}

function toggleAllBoxes() {
  if (document.getElementsByTagName) {
    d = document.getElementsByTagName('div');
    for (i = 0; i < d.length; i++) {
      if (d[i].className == 'log') {
        flip(d[i]);
      }
    }
  }
}

// -->
</script>

</head>
<body>
<h2 align='center'>suite1</h2><table border='1' align="center">
<tr>
<td>Tests passed/Failed/Skipped:</td><td>1/1/0</td>
</tr><tr>
<td>Started on:</td><td>Fri Jul 21 17:24:54 IST 2017</td>
</tr>
<tr><td>Total time:</td><td>422 seconds (422882 ms)</td>
</tr><tr>
<td>Included groups:</td><td></td>
</tr><tr>
<td>Excluded groups:</td><td></td>
</tr>
</table><p/>
<small><i>(Hover the method name to see the test class name)</i></small><p/>
<table width='100%' border='1' class='invocation-failed'>
<tr><td colspan='4' align='center'><b>FAILED TESTS</b></td></tr>
<tr><td><b>Test method</b></td>
<td width="30%"><b>Exception</b></td>
<td width="10%"><b>Time (seconds)</b></td>
<td><b>Instance</b></td>
</tr>
<tr>
<td title='com.adv.qa.selenium.tests.currency.A001_Switch_Intra_Company_Accounting_OnTest.verify()'><b>verify</b><br>Test class: com.adv.qa.selenium.tests.currency.A001_Switch_Intra_Company_Accounting_OnTest<br>Parameters: [DataUnit [userName = SYSTEM], DataUnit [passWord = E5], DataUnit [code = AAB], DataUnit [commandParameter = EDTSYSCONT ACT=AMEND]]</td>
<td><div><pre>java.lang.AssertionError: Purchasing module fields not checked by default expected [true] but found [false]
	at org.testng.Assert.fail(Assert.java:93)
	at org.testng.Assert.failNotEquals(Assert.java:512)
	at org.testng.Assert.assertTrue(Assert.java:41)
	at com.adv.qa.selenium.framework.Assert.assertTrue(Assert.java:43)
	at com.adv.qa.selenium.tests.currency.A001_Switch_Intra_Company_Accounting_OnTest.verify(A001_Switch_Intra_Company_Accounting_OnTest.java:54)
	at sun.reflect.NativeMethodAccessorImpl.invoke0(Native Method)
	at sun.reflect.NativeMethodAccessorImpl.invoke(Unknown Source)
	at sun.reflect.DelegatingMethodAccessorImpl.invoke(Unknown Source)
	at java.lang.reflect.Method.invoke(Unknown Source)
	at org.testng.internal.MethodInvocationHelper.invokeMethod(MethodInvocationHelper.java:108)
	at org.testng.internal.InvokeMethodRunnable.runOne(InvokeMethodRunnable.java:54)
	at org.testng.internal.InvokeMethodRunnable.run(InvokeMethodRunnable.java:44)
	at java.util.concurrent.Executors$RunnableAdapter.call(Unknown Source)
	at java.util.concurrent.FutureTask.run(Unknown Source)
	at java.util.concurrent.ThreadPoolExecutor.runWorker(Unknown Source)
	at java.util.concurrent.ThreadPoolExecutor$Worker.run(Unknown Source)
	at java.lang.Thread.run(Unknown Source)
</pre></div><a href='#' onClick='toggleBox("stack-trace300983713", this, "Click to show all stack frames", "Click to hide stack frames")'>Click to show all stack frames</a>
<div class='stack-trace' id='stack-trace300983713'><pre>java.lang.AssertionError: Purchasing module fields not checked by default expected [true] but found [false]
	at org.testng.Assert.fail(Assert.java:93)
	at org.testng.Assert.failNotEquals(Assert.java:512)
	at org.testng.Assert.assertTrue(Assert.java:41)
	at com.adv.qa.selenium.framework.Assert.assertTrue(Assert.java:43)
	at com.adv.qa.selenium.tests.currency.A001_Switch_Intra_Company_Accounting_OnTest.verify(A001_Switch_Intra_Company_Accounting_OnTest.java:54)
	at sun.reflect.NativeMethodAccessorImpl.invoke0(Native Method)
	at sun.reflect.NativeMethodAccessorImpl.invoke(Unknown Source)
	at sun.reflect.DelegatingMethodAccessorImpl.invoke(Unknown Source)
	at java.lang.reflect.Method.invoke(Unknown Source)
	at org.testng.internal.MethodInvocationHelper.invokeMethod(MethodInvocationHelper.java:108)
	at org.testng.internal.InvokeMethodRunnable.runOne(InvokeMethodRunnable.java:54)
	at org.testng.internal.InvokeMethodRunnable.run(InvokeMethodRunnable.java:44)
	at java.util.concurrent.Executors$RunnableAdapter.call(Unknown Source)
	at java.util.concurrent.FutureTask.run(Unknown Source)
	at java.util.concurrent.ThreadPoolExecutor.runWorker(Unknown Source)
	at java.util.concurrent.ThreadPoolExecutor$Worker.run(Unknown Source)
	at java.lang.Thread.run(Unknown Source)
</pre></div></td>
<td>46</td>
<td>com.adv.qa.selenium.tests.currency.A001_Switch_Intra_Company_Accounting_OnTest@52aa2946</td></tr>
</table><p>
<table width='100%' border='1' class='invocation-passed'>
<tr><td colspan='4' align='center'><b>PASSED TESTS</b></td></tr>
<tr><td><b>Test method</b></td>
<td width="30%"><b>Exception</b></td>
<td width="10%"><b>Time (seconds)</b></td>
<td><b>Instance</b></td>
</tr>
<tr>
<td title='com.adv.qa.selenium.tests.currency.A002_Currency_DescriptionTest.verify()'><b>verify</b><br>Test class: com.adv.qa.selenium.tests.currency.A002_Currency_DescriptionTest<br>Parameters: [DataUnit [userName = SYSTEM], DataUnit [passWord = E5], DataUnit [code = AGA], DataUnit [eurCurrency = EUR], DataUnit [eurCurrency = Euro], DataUnit [eurCurrency = 2], DataUnit [eurCurrency = EURO], DataUnit [eurCurrency = EUROS], DataUnit [eurCurrency = EURO-CENT], DataUnit [eurCurrency = EUROCENTS], DataUnit [eurCurrency = Euro], DataUnit [eurCurrency = ], DataUnit [eurCurrency = ], DataUnit [eurCurrency = Hundredth], DataUnit [demCurrency = DEM], DataUnit [demCurrency = DEUTCHSMARK], DataUnit [demCurrency = 2], DataUnit [demCurrency = MARK], DataUnit [demCurrency = MARKS], DataUnit [demCurrency = PFENNING], DataUnit [demCurrency = PFENNINGS], DataUnit [demCurrency = Participating], DataUnit [demCurrency = 1.97738], DataUnit [demCurrency = 01 Jan 1998], DataUnit [demCurrency = Hundredth], DataUnit [usdCurrency = USD], DataUnit [usdCurrency = US DOLLAR], DataUnit [usdCurrency = 2], DataUnit [usdCurrency = DOLLAR], DataUnit [usdCurrency = DOLLARS], DataUnit [usdCurrency = CENT], DataUnit [usdCurrency = CENTS], DataUnit [usdCurrency = Not Participating], DataUnit [usdCurrency = ], DataUnit [usdCurrency = ], DataUnit [usdCurrency = Hundredth], DataUnit [frfCurrency = FRF], DataUnit [frfCurrency = French Franc], DataUnit [frfCurrency = 2], DataUnit [frfCurrency = FRANC], DataUnit [frfCurrency = FRANCS], DataUnit [frfCurrency = CENTIME], DataUnit [frfCurrency = CENTIMES], DataUnit [frfCurrency = Participating], DataUnit [frfCurrency = 6.63186], DataUnit [frfCurrency = 01 Jan 1998], DataUnit [frfCurrency = Hundredth]]</td>
<td></td>
<td>342</td>
<td>com.adv.qa.selenium.tests.currency.A002_Currency_DescriptionTest@4de5031f</td></tr>
</table><p>
</body>
</html>