<html>
<head>
<title>TestNG:  suite5</title>
<link href="../testng.css" rel="stylesheet" type="text/css" />
<link href="../my-testng.css" rel="stylesheet" type="text/css" />

<style type="text/css">
.log { display: none;} 
.stack-trace { display: none;} 
</style>
<script type="text/javascript">
<!--
function flip(e) {
  current = e.style.display;
  if (current == 'block') {
    e.style.display = 'none';
    return 0;
  }
  else {
    e.style.display = 'block';
    return 1;
  }
}

function toggleBox(szDivId, elem, msg1, msg2)
{
  var res = -1;  if (document.getElementById) {
    res = flip(document.getElementById(szDivId));
  }
  else if (document.all) {
    // this is the way old msie versions work
    res = flip(document.all[szDivId]);
  }
  if(elem) {
    if(res == 0) elem.innerHTML = msg1; else elem.innerHTML = msg2;
  }

}

function toggleAllBoxes() {
  if (document.getElementsByTagName) {
    d = document.getElementsByTagName('div');
    for (i = 0; i < d.length; i++) {
      if (d[i].className == 'log') {
        flip(d[i]);
      }
    }
  }
}

// -->
</script>

</head>
<body>
<h2 align='center'>suite5</h2><table border='1' align="center">
<tr>
<td>Tests passed/Failed/Skipped:</td><td>2/1/0</td>
</tr><tr>
<td>Started on:</td><td>Thu May 25 16:39:22 IST 2017</td>
</tr>
<tr><td>Total time:</td><td>1972 seconds (1972456 ms)</td>
</tr><tr>
<td>Included groups:</td><td></td>
</tr><tr>
<td>Excluded groups:</td><td></td>
</tr>
</table><p/>
<small><i>(Hover the method name to see the test class name)</i></small><p/>
<table width='100%' border='1' class='invocation-failed'>
<tr><td colspan='4' align='center'><b>FAILED TESTS</b></td></tr>
<tr><td><b>Test method</b></td>
<td width="30%"><b>Exception</b></td>
<td width="10%"><b>Time (seconds)</b></td>
<td><b>Instance</b></td>
</tr>
<tr>
<td title='com.adv.qa.selenium.tests.currency.phase3.A111_Security_GroupsTest.verify()'><b>verify</b><br>Test class: com.adv.qa.selenium.tests.currency.phase3.A111_Security_GroupsTest<br>Parameters: [DataUnit [userName = EMPLOYEE], DataUnit [passWord = E5], DataUnit [currencyCode = ADA], DataUnit [securityGroupIM1 = IM1], DataUnit [securityGroupIM1 = Inventory Management (Storeman)], DataUnit [securityGroupIM1 = 0], DataUnit [securityGroupIM1 = HAA], DataUnit [securityGroupIM2 = IM2], DataUnit [securityGroupIM2 = Inventory Management(Access All)], DataUnit [securityGroupIM2 = 3], DataUnit [securityGroupIM2 = HAB], DataUnit [securityGroupIM2 = HAG], DataUnit [securityGroupIM2 = HAH], DataUnit [securityGroupIM2 = HAK], DataUnit [securityGroupIM3 = IM3], DataUnit [securityGroupIM3 = Inventory Management (Assistant)], DataUnit [securityGroupIM3 = 10], DataUnit [securityGroupIM3 = HAA], DataUnit [securityGroupIM3 = HAC], DataUnit [securityGroupIM3 = HAD], DataUnit [securityGroupIM3 = HAE], DataUnit [securityGroupIM3 = HAF], DataUnit [securityGroupIM3 = HAI], DataUnit [securityGroupIM3 = HAJ], DataUnit [securityGroupIM3 = HBA], DataUnit [securityGroupIM3 = HCM], DataUnit [securityGroupIM3 = HFA], DataUnit [securityGroupIM3 = HFE], DataUnit [securityGroupIM4 = IM4], DataUnit [securityGroupIM4 = Inventory Management (User)], DataUnit [securityGroupIM4 = 4], DataUnit [securityGroupIM4 = HCF], DataUnit [securityGroupIM4 = HCR], DataUnit [securityGroupIM4 = HLA], DataUnit [securityGroupIM4 = HXA], DataUnit [securityGroupIM4 = HZA], DataUnit [securityGroupIM5 = BMACC], DataUnit [securityGroupIM5 = Access security Group (Functional)], DataUnit [securityGroupIM5 = 0], DataUnit [securityGroupIM5 = GBB], DataUnit [securityGroupIM6 = ITEM1], DataUnit [securityGroupIM6 = ITEM1 ONLY], DataUnit [securityGroupIM6 = 0], DataUnit [securityGroupIM6 = GBB]]</td>
<td><div><pre>org.testng.internal.thread.ThreadTimeoutException: Method com.adv.qa.selenium.tests.currency.phase3.A111_Security_GroupsTest.verify() didn&apos;t finish within the time-out 800000
	at java.util.concurrent.ConcurrentHashMap.putIfAbsent(Unknown Source)
	at java.lang.ClassLoader.getClassLoadingLock(Unknown Source)
	at java.lang.ClassLoader.loadClass(Unknown Source)
	at sun.misc.Launcher$AppClassLoader.loadClass(Unknown Source)
	at java.lang.ClassLoader.loadClass(Unknown Source)
	at org.openqa.selenium.WebDriverException.getBuildInformation(WebDriverException.java:90)
	at org.openqa.selenium.WebDriverException.createMessage(WebDriverException.java:62)
	at org.openqa.selenium.WebDriverException.getMessage(WebDriverException.java:53)
	at java.lang.Throwable.getLocalizedMessage(Unknown Source)
	at java.lang.Throwable.toString(Unknown Source)
	at java.lang.Throwable.&lt;init&gt;(Unknown Source)
	at java.lang.Exception.&lt;init&gt;(Unknown Source)
	at java.lang.RuntimeException.&lt;init&gt;(Unknown Source)
	at org.testng.internal.InvokeMethodRunnable$TestNGRuntimeException.&lt;init&gt;(InvokeMethodRunnable.java:80)
	at org.testng.internal.InvokeMethodRunnable.runOne(InvokeMethodRunnable.java:61)
	at org.testng.internal.InvokeMethodRunnable.run(InvokeMethodRunnable.java:44)
	at java.util.concurrent.Executors$RunnableAdapter.call(Unknown Source)
	at java.util.concurrent.FutureTask.run(Unknown Source)
	at java.util.concurrent.ThreadPoolExecutor.runWorker(Unknown Source)
	at java.util.concurrent.ThreadPoolExecutor$Worker.run(Unknown Source)
	at java.lang.Thread.run(Unknown Source)
</pre></div><a href='#' onClick='toggleBox("stack-trace341372316", this, "Click to show all stack frames", "Click to hide stack frames")'>Click to show all stack frames</a>
<div class='stack-trace' id='stack-trace341372316'><pre>org.testng.internal.thread.ThreadTimeoutException: Method com.adv.qa.selenium.tests.currency.phase3.A111_Security_GroupsTest.verify() didn&apos;t finish within the time-out 800000
	at java.util.concurrent.ConcurrentHashMap.putIfAbsent(Unknown Source)
	at java.lang.ClassLoader.getClassLoadingLock(Unknown Source)
	at java.lang.ClassLoader.loadClass(Unknown Source)
	at sun.misc.Launcher$AppClassLoader.loadClass(Unknown Source)
	at java.lang.ClassLoader.loadClass(Unknown Source)
	at org.openqa.selenium.WebDriverException.getBuildInformation(WebDriverException.java:90)
	at org.openqa.selenium.WebDriverException.createMessage(WebDriverException.java:62)
	at org.openqa.selenium.WebDriverException.getMessage(WebDriverException.java:53)
	at java.lang.Throwable.getLocalizedMessage(Unknown Source)
	at java.lang.Throwable.toString(Unknown Source)
	at java.lang.Throwable.&lt;init&gt;(Unknown Source)
	at java.lang.Exception.&lt;init&gt;(Unknown Source)
	at java.lang.RuntimeException.&lt;init&gt;(Unknown Source)
	at org.testng.internal.InvokeMethodRunnable$TestNGRuntimeException.&lt;init&gt;(InvokeMethodRunnable.java:80)
	at org.testng.internal.InvokeMethodRunnable.runOne(InvokeMethodRunnable.java:61)
	at org.testng.internal.InvokeMethodRunnable.run(InvokeMethodRunnable.java:44)
	at java.util.concurrent.Executors$RunnableAdapter.call(Unknown Source)
	at java.util.concurrent.FutureTask.run(Unknown Source)
	at java.util.concurrent.ThreadPoolExecutor.runWorker(Unknown Source)
	at java.util.concurrent.ThreadPoolExecutor$Worker.run(Unknown Source)
	at java.lang.Thread.run(Unknown Source)
</pre></div></td>
<td>800</td>
<td>com.adv.qa.selenium.tests.currency.phase3.A111_Security_GroupsTest@4034c28c</td></tr>
</table><p>
<table width='100%' border='1' class='invocation-passed'>
<tr><td colspan='4' align='center'><b>PASSED TESTS</b></td></tr>
<tr><td><b>Test method</b></td>
<td width="30%"><b>Exception</b></td>
<td width="10%"><b>Time (seconds)</b></td>
<td><b>Instance</b></td>
</tr>
<tr>
<td title='com.adv.qa.selenium.tests.currency.phase3.A109_Element_Control_AccountsTest.verify()'><b>verify</b><br>Test class: com.adv.qa.selenium.tests.currency.phase3.A109_Element_Control_AccountsTest<br>Parameters: [DataUnit [userName = QUERY], DataUnit [passWord = E5], DataUnit [currencyCode = ECJ], DataUnit [currencyCode = ECI], DataUnit [eastControl = EAST], DataUnit [eastControl = IM], DataUnit [eastControl = IM], DataUnit [eastControl = IM], DataUnit [eastControl = IE], DataUnit [westControl = WEST], DataUnit [westControl = IM], DataUnit [westControl = IM], DataUnit [westControl = IM], DataUnit [westControl = IW], DataUnit [northControl = NORTH], DataUnit [northControl = IM], DataUnit [northControl = IM], DataUnit [northControl = IM], DataUnit [northControl = IN], DataUnit [southControl = SOUTH], DataUnit [southControl = IM], DataUnit [southControl = IM], DataUnit [southControl = IM], DataUnit [southControl = IS]]</td>
<td></td>
<td>341</td>
<td>com.adv.qa.selenium.tests.currency.phase3.A109_Element_Control_AccountsTest@17c1bced</td></tr>
<tr>
<td title='com.adv.qa.selenium.tests.currency.phase3.A110_Security_Range_ListsTest.verify()'><b>verify</b><br>Test class: com.adv.qa.selenium.tests.currency.phase3.A110_Security_Range_ListsTest<br>Parameters: [DataUnit [userName = BUYER], DataUnit [passWord = E5], DataUnit [currencyCode = ADI], DataUnit [currencyCode = ADH], DataUnit [securitRangeForItemIM = ITEM], DataUnit [securitRangeForItemIM = Range List (Item)], DataUnit [securitRangeForItemIM = Inventory Management], DataUnit [securitRangeForItemIM = B], DataUnit [securitRangeForItemIM = DV-525], DataUnit [securitRangeForItemIM = DV-525], DataUnit [securitRangeForStore = STORE], DataUnit [securitRangeForStore = Range List (Store)], DataUnit [securitRangeForStore = Inventory Management], DataUnit [securitRangeForStore = A], DataUnit [securitRangeForStore = EAST], DataUnit [securitRangeForStore = EAST], DataUnit [securitRangeForItem1PM = ITEM1], DataUnit [securitRangeForItem1PM = ITEM1 ONLY], DataUnit [securitRangeForItem1PM = Purchase Management], DataUnit [securitRangeForItem1PM = C], DataUnit [securitRangeForItem1PM = ITEM1], DataUnit [securitRangeForItem1PM = ITEM1], DataUnit [securitRangeForItem1P = ITEM1], DataUnit [securitRangeForItem1P = ITEM1 ONLY], DataUnit [securitRangeForItem1P = Purchasing], DataUnit [securitRangeForItem1P = C], DataUnit [securitRangeForItem1P = ITEM1], DataUnit [securitRangeForItem1P = ITEM1], DataUnit [securitRangeForItem1IM = ITEM1], DataUnit [securitRangeForItem1IM = ITEM1 ONLY], DataUnit [securitRangeForItem1IM = Inventory Management], DataUnit [securitRangeForItem1IM = B], DataUnit [securitRangeForItem1IM = ITEM1], DataUnit [securitRangeForItem1IM = ITEM1]]</td>
<td></td>
<td>676</td>
<td>com.adv.qa.selenium.tests.currency.phase3.A110_Security_Range_ListsTest@2d9d4f9d</td></tr>
</table><p>
</body>
</html>