<html>
<head>
<title>TestNG:  suite11</title>
<link href="../testng.css" rel="stylesheet" type="text/css" />
<link href="../my-testng.css" rel="stylesheet" type="text/css" />

<style type="text/css">
.log { display: none;} 
.stack-trace { display: none;} 
</style>
<script type="text/javascript">
<!--
function flip(e) {
  current = e.style.display;
  if (current == 'block') {
    e.style.display = 'none';
    return 0;
  }
  else {
    e.style.display = 'block';
    return 1;
  }
}

function toggleBox(szDivId, elem, msg1, msg2)
{
  var res = -1;  if (document.getElementById) {
    res = flip(document.getElementById(szDivId));
  }
  else if (document.all) {
    // this is the way old msie versions work
    res = flip(document.all[szDivId]);
  }
  if(elem) {
    if(res == 0) elem.innerHTML = msg1; else elem.innerHTML = msg2;
  }

}

function toggleAllBoxes() {
  if (document.getElementsByTagName) {
    d = document.getElementsByTagName('div');
    for (i = 0; i < d.length; i++) {
      if (d[i].className == 'log') {
        flip(d[i]);
      }
    }
  }
}

// -->
</script>

</head>
<body>
<h2 align='center'>suite11</h2><table border='1' align="center">
<tr>
<td>Tests passed/Failed/Skipped:</td><td>1/1/0</td>
</tr><tr>
<td>Started on:</td><td>Thu Jul 06 21:33:27 IST 2017</td>
</tr>
<tr><td>Total time:</td><td>968 seconds (968199 ms)</td>
</tr><tr>
<td>Included groups:</td><td></td>
</tr><tr>
<td>Excluded groups:</td><td></td>
</tr>
</table><p/>
<small><i>(Hover the method name to see the test class name)</i></small><p/>
<table width='100%' border='1' class='invocation-failed'>
<tr><td colspan='4' align='center'><b>FAILED TESTS</b></td></tr>
<tr><td><b>Test method</b></td>
<td width="30%"><b>Exception</b></td>
<td width="10%"><b>Time (seconds)</b></td>
<td><b>Instance</b></td>
</tr>
<tr>
<td title='com.adv.qa.selenium.tests.currency.A018B_Ledger_Control_Nominals.verify()'><b>verify</b><br>Test class: com.adv.qa.selenium.tests.currency.A018B_Ledger_Control_Nominals<br>Parameters: [DataUnit [userName = BATCH], DataUnit [passWord = E5], DataUnit [code = EBA], DataUnit [nominal2160 = 2160], DataUnit [nominal2160 = VAT Variance], DataUnit [nominal2160 = B], DataUnit [nominal2160 = 03], DataUnit [nominal2160 = Balance Sheet], DataUnit [nominal2160 = Both], DataUnit [nominal2160 = A], DataUnit [nominal2160 = ***], DataUnit [nominal2160 = Both], DataUnit [nominal2160 = 0], DataUnit [nominal1660 = 1660], DataUnit [nominal1660 = PrePayments], DataUnit [nominal1660 = B], DataUnit [nominal1660 = 01], DataUnit [nominal1660 = Balance Sheet], DataUnit [nominal1660 = Both], DataUnit [nominal1660 = A], DataUnit [nominal1660 = ***], DataUnit [nominal1660 = Both], DataUnit [nominal1660 = 0], DataUnit [nominal5100 = 5100], DataUnit [nominal5100 = Detail Variance], DataUnit [nominal5100 = T], DataUnit [nominal5100 = 04], DataUnit [nominal5100 = Profit & Loss], DataUnit [nominal5100 = Both], DataUnit [nominal5100 = A], DataUnit [nominal5100 = ***], DataUnit [nominal5100 = Both], DataUnit [nominal5100 = 0], DataUnit [nominal2051 = 2051], DataUnit [nominal2051 = Self Assess.Tax A/C], DataUnit [nominal2051 = C], DataUnit [nominal2051 = 01], DataUnit [nominal2051 = Balance Sheet], DataUnit [nominal2051 = Both], DataUnit [nominal2051 = A], DataUnit [nominal2051 = ***], DataUnit [nominal2051 = Both], DataUnit [nominal2051 = 0], DataUnit [nominal6200 = 6200], DataUnit [nominal6200 = Account 6200], DataUnit [nominal6200 = P], DataUnit [nominal6200 = 04], DataUnit [nominal6200 = Profit & Loss], DataUnit [nominal6200 = Both], DataUnit [nominal6200 = A], DataUnit [nominal6200 = ***], DataUnit [nominal6200 = Both], DataUnit [nominal6200 = 0], DataUnit [nominal5900 = 5900], DataUnit [nominal5900 = POP Accrual Account], DataUnit [nominal5900 = B], DataUnit [nominal5900 = 04], DataUnit [nominal5900 = Balance Sheet], DataUnit [nominal5900 = Both], DataUnit [nominal5900 = A], DataUnit [nominal5900 = ***], DataUnit [nominal5900 = Both], DataUnit [nominal5900 = 0], DataUnit [nominal7000 = 7000], DataUnit [nominal7000 = Account 7000], DataUnit [nominal7000 = B], DataUnit [nominal7000 = 08], DataUnit [nominal7000 = Balance Sheet], DataUnit [nominal7000 = Both], DataUnit [nominal7000 = A], DataUnit [nominal7000 = ***], DataUnit [nominal7000 = Both], DataUnit [nominal7000 = 0], DataUnit [nominal7001 = 7001], DataUnit [nominal7001 = AP/AR Netting OFF], DataUnit [nominal7001 = B], DataUnit [nominal7001 = 08], DataUnit [nominal7001 = Balance Sheet], DataUnit [nominal7001 = Both], DataUnit [nominal7001 = A], DataUnit [nominal7001 = ***], DataUnit [nominal7001 = Both], DataUnit [nominal7001 = 0], DataUnit [nominalSALC = SALC], DataUnit [nominalSALC = SALC], DataUnit [nominalSALC = A], DataUnit [nominalSALC = 02], DataUnit [nominalSALC = Balance Sheet], DataUnit [nominalSALC = Both], DataUnit [nominalSALC = A], DataUnit [nominalSALC = ***], DataUnit [nominalSALC = Both], DataUnit [nominalSALC = 0], DataUnit [nominalSLDE = SLDE], DataUnit [nominalSLDE = SLDE], DataUnit [nominalSLDE = A], DataUnit [nominalSLDE = 02], DataUnit [nominalSLDE = Balance Sheet], DataUnit [nominalSLDE = Both], DataUnit [nominalSLDE = A], DataUnit [nominalSLDE = ***], DataUnit [nominalSLDE = Both], DataUnit [nominalSLDE = 0]]</td>
<td><div><pre>org.openqa.selenium.NoSuchElementException: Unable to find element with xpath == //ul/li/a[@class=&apos;ui-tabs-anchor&apos;][text()=&apos;Primary Details&apos;] (WARNING: The server did not provide any stacktrace information)
Command duration or timeout: 60.06 seconds
For documentation on this error, please visit: http://seleniumhq.org/exceptions/no_such_element.html
Build info: version: &apos;3.0.1&apos;, revision: &apos;1969d75&apos;, time: &apos;2016-10-18 09:49:13 -0700&apos;
System info: host: &apos;ChetnaM-PC&apos;, ip: &apos;10.31.25.117&apos;, os.name: &apos;Windows 10&apos;, os.arch: &apos;amd64&apos;, os.version: &apos;10.0&apos;, java.version: &apos;1.8.0_112&apos;
Driver info: org.openqa.selenium.ie.InternetExplorerDriver
Capabilities [{browserAttachTimeout=0, ie.enableFullPageScreenshot=true, enablePersistentHover=true, ie.forceCreateProcessApi=false, ie.forceShellWindowsApi=false, pageLoadStrategy=normal, ignoreZoomSetting=false, ie.fileUploadDialogTimeout=3000, version=11, platform=WINDOWS, nativeEvents=true, ie.ensureCleanSession=false, elementScrollBehavior=0, ie.browserCommandLineSwitches=, requireWindowFocus=false, browserName=internet explorer, initialBrowserUrl=http://localhost:5270/, javascriptEnabled=true, ignoreProtectedModeSettings=false, enableElementCacheCleanup=true, unexpectedAlertBehaviour=dismiss}]
Session ID: d72abb57-632f-4c5d-a40b-e95e2ffa4847
*** Element info: {Using=xpath, value=//ul/li/a[@class=&apos;ui-tabs-anchor&apos;][text()=&apos;Primary Details&apos;]}
	at sun.reflect.NativeConstructorAccessorImpl.newInstance0(Native Method)
	at sun.reflect.NativeConstructorAccessorImpl.newInstance(Unknown Source)
	at sun.reflect.DelegatingConstructorAccessorImpl.newInstance(Unknown Source)
	at java.lang.reflect.Constructor.newInstance(Unknown Source)
	at org.openqa.selenium.remote.ErrorHandler.createThrowable(ErrorHandler.java:216)
	at org.openqa.selenium.remote.ErrorHandler.throwIfResponseFailed(ErrorHandler.java:168)
	at org.openqa.selenium.remote.RemoteWebDriver.execute(RemoteWebDriver.java:635)
	at org.openqa.selenium.remote.RemoteWebDriver.findElement(RemoteWebDriver.java:368)
	at org.openqa.selenium.remote.RemoteWebDriver.findElementByXPath(RemoteWebDriver.java:473)
	at org.openqa.selenium.By$ByXPath.findElement(By.java:361)
	at org.openqa.selenium.remote.RemoteWebDriver.findElement(RemoteWebDriver.java:360)
	at sun.reflect.GeneratedMethodAccessor8.invoke(Unknown Source)
	at sun.reflect.DelegatingMethodAccessorImpl.invoke(Unknown Source)
	at java.lang.reflect.Method.invoke(Unknown Source)
	at org.openqa.selenium.support.events.EventFiringWebDriver$2.invoke(EventFiringWebDriver.java:103)
	at com.sun.proxy.$Proxy9.findElement(Unknown Source)
	at org.openqa.selenium.support.events.EventFiringWebDriver.findElement(EventFiringWebDriver.java:187)
	at com.adv.qa.selenium.framework.pageObjects.currency.CurrencyPage.getPrimaryDetailsTab(CurrencyPage.java:1211)
	at com.adv.qa.selenium.framework.pageObjects.currency.CurrencyPage.isPrimaryDetailsTabSelected(CurrencyPage.java:1199)
	at com.adv.qa.selenium.framework.pageObjects.currency.CurrencyPage.enterNominalControl(CurrencyPage.java:2549)
	at com.adv.qa.selenium.tests.currency.A018B_Ledger_Control_Nominals.createNominal(A018B_Ledger_Control_Nominals.java:93)
	at com.adv.qa.selenium.tests.currency.A018B_Ledger_Control_Nominals.verify(A018B_Ledger_Control_Nominals.java:74)
	at sun.reflect.NativeMethodAccessorImpl.invoke0(Native Method)
	at sun.reflect.NativeMethodAccessorImpl.invoke(Unknown Source)
	at sun.reflect.DelegatingMethodAccessorImpl.invoke(Unknown Source)
	at java.lang.reflect.Method.invoke(Unknown Source)
	at org.testng.internal.MethodInvocationHelper.invokeMethod(MethodInvocationHelper.java:108)
	at org.testng.internal.InvokeMethodRunnable.runOne(InvokeMethodRunnable.java:54)
	at org.testng.internal.InvokeMethodRunnable.run(InvokeMethodRunnable.java:44)
	at java.util.concurrent.Executors$RunnableAdapter.call(Unknown Source)
	at java.util.concurrent.FutureTask.run(Unknown Source)
	at java.util.concurrent.ThreadPoolExecutor.runWorker(Unknown Source)
	at java.util.concurrent.ThreadPoolExecutor$Worker.run(Unknown Source)
	at java.lang.Thread.run(Unknown Source)
</pre></div><a href='#' onClick='toggleBox("stack-trace806813022", this, "Click to show all stack frames", "Click to hide stack frames")'>Click to show all stack frames</a>
<div class='stack-trace' id='stack-trace806813022'><pre>org.openqa.selenium.NoSuchElementException: Unable to find element with xpath == //ul/li/a[@class=&apos;ui-tabs-anchor&apos;][text()=&apos;Primary Details&apos;] (WARNING: The server did not provide any stacktrace information)
Command duration or timeout: 60.06 seconds
For documentation on this error, please visit: http://seleniumhq.org/exceptions/no_such_element.html
Build info: version: &apos;3.0.1&apos;, revision: &apos;1969d75&apos;, time: &apos;2016-10-18 09:49:13 -0700&apos;
System info: host: &apos;ChetnaM-PC&apos;, ip: &apos;10.31.25.117&apos;, os.name: &apos;Windows 10&apos;, os.arch: &apos;amd64&apos;, os.version: &apos;10.0&apos;, java.version: &apos;1.8.0_112&apos;
Driver info: org.openqa.selenium.ie.InternetExplorerDriver
Capabilities [{browserAttachTimeout=0, ie.enableFullPageScreenshot=true, enablePersistentHover=true, ie.forceCreateProcessApi=false, ie.forceShellWindowsApi=false, pageLoadStrategy=normal, ignoreZoomSetting=false, ie.fileUploadDialogTimeout=3000, version=11, platform=WINDOWS, nativeEvents=true, ie.ensureCleanSession=false, elementScrollBehavior=0, ie.browserCommandLineSwitches=, requireWindowFocus=false, browserName=internet explorer, initialBrowserUrl=http://localhost:5270/, javascriptEnabled=true, ignoreProtectedModeSettings=false, enableElementCacheCleanup=true, unexpectedAlertBehaviour=dismiss}]
Session ID: d72abb57-632f-4c5d-a40b-e95e2ffa4847
*** Element info: {Using=xpath, value=//ul/li/a[@class=&apos;ui-tabs-anchor&apos;][text()=&apos;Primary Details&apos;]}
	at sun.reflect.NativeConstructorAccessorImpl.newInstance0(Native Method)
	at sun.reflect.NativeConstructorAccessorImpl.newInstance(Unknown Source)
	at sun.reflect.DelegatingConstructorAccessorImpl.newInstance(Unknown Source)
	at java.lang.reflect.Constructor.newInstance(Unknown Source)
	at org.openqa.selenium.remote.ErrorHandler.createThrowable(ErrorHandler.java:216)
	at org.openqa.selenium.remote.ErrorHandler.throwIfResponseFailed(ErrorHandler.java:168)
	at org.openqa.selenium.remote.RemoteWebDriver.execute(RemoteWebDriver.java:635)
	at org.openqa.selenium.remote.RemoteWebDriver.findElement(RemoteWebDriver.java:368)
	at org.openqa.selenium.remote.RemoteWebDriver.findElementByXPath(RemoteWebDriver.java:473)
	at org.openqa.selenium.By$ByXPath.findElement(By.java:361)
	at org.openqa.selenium.remote.RemoteWebDriver.findElement(RemoteWebDriver.java:360)
	at sun.reflect.GeneratedMethodAccessor8.invoke(Unknown Source)
	at sun.reflect.DelegatingMethodAccessorImpl.invoke(Unknown Source)
	at java.lang.reflect.Method.invoke(Unknown Source)
	at org.openqa.selenium.support.events.EventFiringWebDriver$2.invoke(EventFiringWebDriver.java:103)
	at com.sun.proxy.$Proxy9.findElement(Unknown Source)
	at org.openqa.selenium.support.events.EventFiringWebDriver.findElement(EventFiringWebDriver.java:187)
	at com.adv.qa.selenium.framework.pageObjects.currency.CurrencyPage.getPrimaryDetailsTab(CurrencyPage.java:1211)
	at com.adv.qa.selenium.framework.pageObjects.currency.CurrencyPage.isPrimaryDetailsTabSelected(CurrencyPage.java:1199)
	at com.adv.qa.selenium.framework.pageObjects.currency.CurrencyPage.enterNominalControl(CurrencyPage.java:2549)
	at com.adv.qa.selenium.tests.currency.A018B_Ledger_Control_Nominals.createNominal(A018B_Ledger_Control_Nominals.java:93)
	at com.adv.qa.selenium.tests.currency.A018B_Ledger_Control_Nominals.verify(A018B_Ledger_Control_Nominals.java:74)
	at sun.reflect.NativeMethodAccessorImpl.invoke0(Native Method)
	at sun.reflect.NativeMethodAccessorImpl.invoke(Unknown Source)
	at sun.reflect.DelegatingMethodAccessorImpl.invoke(Unknown Source)
	at java.lang.reflect.Method.invoke(Unknown Source)
	at org.testng.internal.MethodInvocationHelper.invokeMethod(MethodInvocationHelper.java:108)
	at org.testng.internal.InvokeMethodRunnable.runOne(InvokeMethodRunnable.java:54)
	at org.testng.internal.InvokeMethodRunnable.run(InvokeMethodRunnable.java:44)
	at java.util.concurrent.Executors$RunnableAdapter.call(Unknown Source)
	at java.util.concurrent.FutureTask.run(Unknown Source)
	at java.util.concurrent.ThreadPoolExecutor.runWorker(Unknown Source)
	at java.util.concurrent.ThreadPoolExecutor$Worker.run(Unknown Source)
	at java.lang.Thread.run(Unknown Source)
</pre></div></td>
<td>347</td>
<td>com.adv.qa.selenium.tests.currency.A018B_Ledger_Control_Nominals@2aa3cd93</td></tr>
</table><p>
<table width='100%' border='1' class='invocation-passed'>
<tr><td colspan='4' align='center'><b>PASSED TESTS</b></td></tr>
<tr><td><b>Test method</b></td>
<td width="30%"><b>Exception</b></td>
<td width="10%"><b>Time (seconds)</b></td>
<td><b>Instance</b></td>
</tr>
<tr>
<td title='com.adv.qa.selenium.tests.currency.A018D_Ledger_Control_Nominals.verify()'><b>verify</b><br>Test class: com.adv.qa.selenium.tests.currency.A018D_Ledger_Control_Nominals<br>Parameters: [DataUnit [userName = MANAGER], DataUnit [passWord = E5], DataUnit [code = EBA], DataUnit [nominalSTKE = STKE], DataUnit [nominalSTKE = IM Stock East], DataUnit [nominalSTKE = I], DataUnit [nominalSTKE = 02], DataUnit [nominalSTKE = Balance Sheet], DataUnit [nominalSTKE = Both], DataUnit [nominalSTKE = A], DataUnit [nominalSTKE = ***], DataUnit [nominalSTKE = Both], DataUnit [nominalSTKE = 0], DataUnit [nominalSTKS = STKS], DataUnit [nominalSTKS = IM Stock SOUTH], DataUnit [nominalSTKS = I], DataUnit [nominalSTKS = 02], DataUnit [nominalSTKS = Balance Sheet], DataUnit [nominalSTKS = Both], DataUnit [nominalSTKS = A], DataUnit [nominalSTKS = ***], DataUnit [nominalSTKS = Both], DataUnit [nominalSTKS = 0], DataUnit [nominalSTKW = STKW], DataUnit [nominalSTKW = IM Stock WEST], DataUnit [nominalSTKW = I], DataUnit [nominalSTKW = 02], DataUnit [nominalSTKW = Balance Sheet], DataUnit [nominalSTKW = Both], DataUnit [nominalSTKW = A], DataUnit [nominalSTKW = ***], DataUnit [nominalSTKW = Both], DataUnit [nominalSTKW = 0], DataUnit [nominalSTKN = STKN], DataUnit [nominalSTKN = IM Stock NORTH], DataUnit [nominalSTKN = I], DataUnit [nominalSTKN = 02], DataUnit [nominalSTKN = Balance Sheet], DataUnit [nominalSTKN = Both], DataUnit [nominalSTKN = A], DataUnit [nominalSTKN = ***], DataUnit [nominalSTKN = Both], DataUnit [nominalSTKN = 0], DataUnit [nominalINTE = INTE], DataUnit [nominalINTE = IM In-transit Store East], DataUnit [nominalINTE = A], DataUnit [nominalINTE = 02], DataUnit [nominalINTE = Balance Sheet], DataUnit [nominalINTE = Both], DataUnit [nominalINTE = A], DataUnit [nominalINTE = ***], DataUnit [nominalINTE = Both], DataUnit [nominalINTE = 0], DataUnit [nominalINTW = INTW], DataUnit [nominalINTW = IM In-transit Store West], DataUnit [nominalINTW = A], DataUnit [nominalINTW = 02], DataUnit [nominalINTW = Balance Sheet], DataUnit [nominalINTW = Both], DataUnit [nominalINTW = A], DataUnit [nominalINTW = ***], DataUnit [nominalINTW = Both], DataUnit [nominalINTW = 0], DataUnit [nominalINTS = INTS], DataUnit [nominalINTS = IM In-transit Store South], DataUnit [nominalINTS = A], DataUnit [nominalINTS = 02], DataUnit [nominalINTS = Balance Sheet], DataUnit [nominalINTS = Both], DataUnit [nominalINTS = A], DataUnit [nominalINTS = ***], DataUnit [nominalINTS = Both], DataUnit [nominalINTS = 0], DataUnit [nominalINTN = INTN], DataUnit [nominalINTN = IM In-transit Store North], DataUnit [nominalINTN = A], DataUnit [nominalINTN = 02], DataUnit [nominalINTN = Balance Sheet], DataUnit [nominalINTN = Both], DataUnit [nominalINTN = A], DataUnit [nominalINTN = ***], DataUnit [nominalINTN = Both], DataUnit [nominalINTN = 0], DataUnit [nominalDEN = DEN], DataUnit [nominalDEN = Denon Account], DataUnit [nominalDEN = T], DataUnit [nominalDEN = 04], DataUnit [nominalDEN = Profit & Loss], DataUnit [nominalDEN = Both], DataUnit [nominalDEN = A], DataUnit [nominalDEN = ***], DataUnit [nominalDEN = both], DataUnit [nominalDEN = 0], DataUnit [nominalARCM = ARCM], DataUnit [nominalARCM = Arcam Account], DataUnit [nominalARCM = T], DataUnit [nominalARCM = 04], DataUnit [nominalARCM = Profit & Loss], DataUnit [nominalARCM = Both], DataUnit [nominalARCM = A], DataUnit [nominalARCM = ***], DataUnit [nominalARCM = both], DataUnit [nominalARCM = 0]]</td>
<td></td>
<td>589</td>
<td>com.adv.qa.selenium.tests.currency.A018D_Ledger_Control_Nominals@7ea37dbf</td></tr>
</table><p>
</body>
</html>