<!DOCTYPE html PUBLIC "-//W3C//DTD XHTML 1.1//EN" "http://www.w3.org/TR/xhtml11/DTD/xhtml11.dtd">
<html xmlns="http://www.w3.org/1999/xhtml">
<head>
<title>TestNG Report</title>
<style type="text/css">
table {margin-bottom:10px;border-collapse:collapse;empty-cells:show}
td,th {border:1px solid #009;padding:.25em .5em}
.result th {vertical-align:bottom}
.param th {padding-left:1em;padding-right:1em}
.param td {padding-left:.5em;padding-right:2em}
.stripe td,.stripe th {background-color: #E6EBF9}
.numi,.numi_attn {text-align:right}
.total td {font-weight:bold}
.passedodd td {background-color: #0A0}
.passedeven td {background-color: #3F3}
.skippedodd td {background-color: #CCC}
.skippedodd td {background-color: #DDD}
.failedodd td,.numi_attn {background-color: #F33}
.failedeven td,.stripe .numi_attn {background-color: #D00}
.stacktrace {white-space:pre;font-family:monospace}
.totop {font-size:85%;text-align:center;border-bottom:2px solid #000}
</style>
</head>
<body>
<table cellspacing="0" cellpadding="0" class="testOverview">
<tr><th>Test</th><th>Methods<br/>Passed</th><th>Scenarios<br/>Passed</th><th># skipped</th><th># failed</th><th>Total<br/>Time</th><th>Included<br/>Groups</th><th>Excluded<br/>Groups</th></tr>
<tr><td style="text-align:left;padding-right:2em"><a href="#t1">suite15</a></td><td class="numi">4</td><td class="numi">4</td><td class="numi">0</td><td class="numi">0</td><td class="numi">2,138.9 seconds</td><td class="numi"></td><td class="numi"></td></tr>
<tr class="stripe"><td style="text-align:left;padding-right:2em"><a href="#t2">suite16</a></td><td class="numi">3</td><td class="numi">3</td><td class="numi">0</td><td class="numi">0</td><td class="numi">704.5 seconds</td><td class="numi"></td><td class="numi"></td></tr>
<tr><td style="text-align:left;padding-right:2em"><a href="#t3">suite17</a></td><td class="numi">1</td><td class="numi">1</td><td class="numi">0</td><td class="numi_attn">3</td><td class="numi">1,157.8 seconds</td><td class="numi"></td><td class="numi"></td></tr>
<tr class="stripe"><td style="text-align:left;padding-right:2em"><a href="#t4">suite19</a></td><td class="numi">2</td><td class="numi">2</td><td class="numi">0</td><td class="numi_attn">3</td><td class="numi">1,029.0 seconds</td><td class="numi"></td><td class="numi"></td></tr>
<tr><td style="text-align:left;padding-right:2em"><a href="#t5">suite20</a></td><td class="numi">1</td><td class="numi">1</td><td class="numi">0</td><td class="numi_attn">1</td><td class="numi">325.7 seconds</td><td class="numi"></td><td class="numi"></td></tr>
<tr class="total"><td>Total</td>
<td class="numi">11</td><td class="numi">11</td><td class="numi">0</td><td class="numi_attn">7</td><td class="numi">5,356.0 seconds</td><td colspan="2">&nbsp;</td></tr>
</table>
<table cellspacing="0" cellpadding="0" class="methodOverview" id="summary">
<tr><th>Class</th><th>Method</th><th># of<br/>Scenarios</th><th>Start</th><th>Time<br/>(ms)</th></tr>
<tr id="t1"><th colspan="5">suite15 &#8212; passed</th></tr>
<tr class="passedodd"><td>com.adv.qa.selenium.tests.currency.A018G_Ledger_Control_Nominals</td><td><a href="#m1"><b>verify</b>  </a></td><td class="numi">1</td><td>1501851646553</td><td class="numi">773446</td></tr>
<tr class="passedeven"><td>com.adv.qa.selenium.tests.currency.A024_Batch_TypesTest</td><td><a href="#m2"><b>verify</b>  </a></td><td class="numi">1</td><td>1501852443367</td><td class="numi">397174</td></tr>
<tr class="passedodd"><td>com.adv.qa.selenium.tests.currency.A024A_Batch_TypesTest</td><td><a href="#m3"><b>verify</b>  </a></td><td class="numi">1</td><td>1501852861585</td><td class="numi">434416</td></tr>
<tr class="passedeven"><td>com.adv.qa.selenium.tests.currency.A024B_Batch_TypesTest</td><td><a href="#m4"><b>verify</b>  </a></td><td class="numi">1</td><td>1501853320010</td><td class="numi">434307</td></tr>
<tr id="t2"><th colspan="5">suite16 &#8212; passed</th></tr>
<tr class="passedodd"><td>com.adv.qa.selenium.tests.currency.A025_FormulaTest</td><td><a href="#m5"><b>verify</b>  </a></td><td class="numi">1</td><td>1501853777703</td><td class="numi">240890</td></tr>
<tr class="passedeven"><td>com.adv.qa.selenium.tests.currency.A026_Layout_CodesTest</td><td><a href="#m6"><b>verify</b>  </a></td><td class="numi">1</td><td>1501854040318</td><td class="numi">196878</td></tr>
<tr class="passedodd"><td>com.adv.qa.selenium.tests.currency.A027_Default_StructureTest</td><td><a href="#m7"><b>verify</b>  </a></td><td class="numi">1</td><td>1501854257650</td><td class="numi">201419</td></tr>
<tr id="t3"><th colspan="5">suite17 &#8212; failed</th></tr>
<tr class="failedodd"><td>com.adv.qa.selenium.tests.currency.A028_Default_Structure_ControlsTest</td><td><a href="#m8"><b>verify</b>  </a></td><td class="numi">1</td><td>1501854479181</td><td class="numi">308675</td></tr>
<tr class="failedeven"><td>com.adv.qa.selenium.tests.currency.A029_Default_Structure_ElementsTest</td><td><a href="#m9"><b>verify</b>  </a></td><td class="numi">1</td><td>1501854810566</td><td class="numi">465647</td></tr>
<tr class="failedodd"><td>com.adv.qa.selenium.tests.currency.A031_Company_ControlsTest</td><td><a href="#m10"><b>verify</b>  </a></td><td class="numi">1</td><td>1501855516127</td><td class="numi">100712</td></tr>
<tr><th colspan="5">suite17 &#8212; passed</th></tr>
<tr class="passedodd"><td>com.adv.qa.selenium.tests.currency.A030_Security_ElementsTest</td><td><a href="#m11"><b>verify</b>  </a></td><td class="numi">1</td><td>1501855299624</td><td class="numi">195787</td></tr>
<tr id="t4"><th colspan="5">suite19 &#8212; failed</th></tr>
<tr class="failedodd"><td>com.adv.qa.selenium.tests.currency.A035_Structure_RebuildTest</td><td><a href="#m12"><b>verify</b>  </a></td><td class="numi">1</td><td>1501856258113</td><td class="numi">123279</td></tr>
<tr class="failedeven"><td>com.adv.qa.selenium.tests.currency.A036_BTZ_Elements_For_ICA_StructureTest</td><td><a href="#m13"><b>verify</b>  </a></td><td class="numi">1</td><td>1501856404999</td><td class="numi">106302</td></tr>
<tr class="failedodd"><td>com.adv.qa.selenium.tests.currency.A037_ICA_Default_Trading_RelationshipsTest</td><td><a href="#m14"><b>verify</b>  </a></td><td class="numi">1</td><td>1501856531469</td><td class="numi">114409</td></tr>
<tr><th colspan="5">suite19 &#8212; passed</th></tr>
<tr class="passedodd"><td>com.adv.qa.selenium.tests.currency.A032_Management_Code_and_PathKeyNewParetTest</td><td><a href="#m15"><b>verify</b>  </a></td><td class="numi">1</td><td>1501855637829</td><td class="numi">387269</td></tr>
<tr class="passedeven"><td>com.adv.qa.selenium.tests.currency.A033_Analysis_CodeTest</td><td><a href="#m16"><b>verify</b>  </a></td><td class="numi">1</td><td>1501856046704</td><td class="numi">188088</td></tr>
<tr id="t5"><th colspan="5">suite20 &#8212; failed</th></tr>
<tr class="failedodd"><td>com.adv.qa.selenium.tests.currency.A038_Process_EP2Test</td><td><a href="#m17"><b>verify</b>  </a></td><td class="numi">1</td><td>1501856666824</td><td class="numi">8103</td></tr>
<tr><th colspan="5">suite20 &#8212; passed</th></tr>
<tr class="passedodd"><td>com.adv.qa.selenium.tests.currency.A039_EnquiryTest</td><td><a href="#m18"><b>verify</b>  </a></td><td class="numi">1</td><td>1501856696755</td><td class="numi">274824</td></tr>
</table>
<h1>suite15</h1>
<h2 id="m1">com.adv.qa.selenium.tests.currency.A024B_Batch_TypesTest:verify</h2>
<table cellspacing="0" cellpadding="0" class="result">
<tr class="param"><th>Parameter #1</th></tr>
<tr class="param stripe"><td>[DataUnit [userName = QUERY], DataUnit [passWord = E5], DataUnit [batchCode = AKK], DataUnit [imBatchTypeForIMAD = IMAD], DataUnit [imBatchTypeForIMAD = Stock Adjustments In], DataUnit [imBatchTypeForIMAD = IM], DataUnit [imBatchTypeForIMAD = Immediate], DataUnit [imBatchTypeForIMAD = 0], DataUnit [imBatchTypeForIMAD = 1], DataUnit [imBatchTypeForIMAD = 1], DataUnit [imBatchTypeForIMAD = 1], DataUnit [imBatchTypeForIMAD = 1], DataUnit [imBatchTypeForIMAD = NILL], DataUnit [imBatchTypeForIMAD = NILL], DataUnit [imBatchTypeForIMAO = IMAO], DataUnit [imBatchTypeForIMAO = Stock Adjustments Out], DataUnit [imBatchTypeForIMAO = IM], DataUnit [imBatchTypeForIMAO = Immediate], DataUnit [imBatchTypeForIMAO = 0], DataUnit [imBatchTypeForIMAO = 1], DataUnit [imBatchTypeForIMAO = 1], DataUnit [imBatchTypeForIMAO = 1], DataUnit [imBatchTypeForIMAO = 1], DataUnit [imBatchTypeForIMAO = NILL], DataUnit [imBatchTypeForIMAO = NILL], DataUnit [imBatchTypeForIMVA = IMVA], DataUnit [imBatchTypeForIMVA = Value Adjustments], DataUnit [imBatchTypeForIMVA = IM], DataUnit [imBatchTypeForIMVA = Immediate], DataUnit [imBatchTypeForIMVA = 0], DataUnit [imBatchTypeForIMVA = 1], DataUnit [imBatchTypeForIMVA = 1], DataUnit [imBatchTypeForIMVA = 1], DataUnit [imBatchTypeForIMVA = 1], DataUnit [imBatchTypeForIMVA = NILL], DataUnit [imBatchTypeForIMVA = NILL], DataUnit [imBatchTypeForIMDI = IMDI], DataUnit [imBatchTypeForIMDI = Disposals], DataUnit [imBatchTypeForIMDI = IM], DataUnit [imBatchTypeForIMDI = Immediate], DataUnit [imBatchTypeForIMDI = 0], DataUnit [imBatchTypeForIMDI = 1], DataUnit [imBatchTypeForIMDI = 1], DataUnit [imBatchTypeForIMDI = 1], DataUnit [imBatchTypeForIMDI = 1], DataUnit [imBatchTypeForIMDI = NILL], DataUnit [imBatchTypeForIMDI = NILL], DataUnit [imBatchTypeForIMTR = IMTR], DataUnit [imBatchTypeForIMTR = IM Store Transfer], DataUnit [imBatchTypeForIMTR = IM], DataUnit [imBatchTypeForIMTR = Immediate], DataUnit [imBatchTypeForIMTR = 0], DataUnit [imBatchTypeForIMTR = 1], DataUnit [imBatchTypeForIMTR = 1], DataUnit [imBatchTypeForIMTR = 1], DataUnit [imBatchTypeForIMTR = 1], DataUnit [imBatchTypeForIMTR = NILL], DataUnit [imBatchTypeForIMTR = NILL], DataUnit [imBatchTypeForIMRS = IMRS], DataUnit [imBatchTypeForIMRS = Return to Stores], DataUnit [imBatchTypeForIMRS = IM], DataUnit [imBatchTypeForIMRS = Immediate], DataUnit [imBatchTypeForIMRS = 0], DataUnit [imBatchTypeForIMRS = 1], DataUnit [imBatchTypeForIMRS = 1], DataUnit [imBatchTypeForIMRS = 1], DataUnit [imBatchTypeForIMRS = 1], DataUnit [imBatchTypeForIMRS = NILL], DataUnit [imBatchTypeForIMRS = NILL], DataUnit [imBatchTypeForIMRU = IMRU], DataUnit [imBatchTypeForIMRU = Returns to Suppliers], DataUnit [imBatchTypeForIMRU = IM], DataUnit [imBatchTypeForIMRU = Immediate], DataUnit [imBatchTypeForIMRU = 0], DataUnit [imBatchTypeForIMRU = 1], DataUnit [imBatchTypeForIMRU = 1], DataUnit [imBatchTypeForIMRU = 1], DataUnit [imBatchTypeForIMRU = 1], DataUnit [imBatchTypeForIMRU = NILL], DataUnit [imBatchTypeForIMRU = NILL], DataUnit [imBatchTypeForIMRC = IMRC], DataUnit [imBatchTypeForIMRC = Revised Cost Variance], DataUnit [imBatchTypeForIMRC = IM], DataUnit [imBatchTypeForIMRC = Immediate], DataUnit [imBatchTypeForIMRC = 0], DataUnit [imBatchTypeForIMRC = 1], DataUnit [imBatchTypeForIMRC = 1], DataUnit [imBatchTypeForIMRC = 1], DataUnit [imBatchTypeForIMRC = 1], DataUnit [imBatchTypeForIMRC = NILL], DataUnit [imBatchTypeForIMRC = NILL], DataUnit [imBatchTypeForIMSC = IMSC], DataUnit [imBatchTypeForIMSC = Standard Cost Revaluation], DataUnit [imBatchTypeForIMSC = IM], DataUnit [imBatchTypeForIMSC = Immediate], DataUnit [imBatchTypeForIMSC = 0], DataUnit [imBatchTypeForIMSC = 1], DataUnit [imBatchTypeForIMSC = 1], DataUnit [imBatchTypeForIMSC = 1], DataUnit [imBatchTypeForIMSC = 1], DataUnit [imBatchTypeForIMSC = NILL], DataUnit [imBatchTypeForIMSC = NILL]]</td>
</tr>
</table>
<p class="totop"><a href="#summary">back to summary</a></p>
<h2 id="m2">com.adv.qa.selenium.tests.currency.A018G_Ledger_Control_Nominals:verify</h2>
<table cellspacing="0" cellpadding="0" class="result">
<tr class="param"><th>Parameter #1</th></tr>
<tr class="param stripe"><td>[DataUnit [userName = MANAGER], DataUnit [passWord = E5], DataUnit [code = EBA], DataUnit [nominal5100 = 5100], DataUnit [nominal5100 = Detail Variance], DataUnit [nominal5100 = T], DataUnit [nominal5100 = 04], DataUnit [nominal5100 = Profit &amp; Loss], DataUnit [nominal5100 = Both], DataUnit [nominal5100 = A], DataUnit [nominal5100 = ***], DataUnit [nominal5100 = Both], DataUnit [nominal5100 = 0], DataUnit [nominal6200 = 6200], DataUnit [nominal6200 = Account 6200], DataUnit [nominal6200 = P], DataUnit [nominal6200 = 04], DataUnit [nominal6200 = Profit &amp; Loss], DataUnit [nominal6200 = Both], DataUnit [nominal6200 = A], DataUnit [nominal6200 = ***], DataUnit [nominal6200 = Both], DataUnit [nominal6200 = 0], DataUnit [nominalSONY = SONY], DataUnit [nominalSONY = Sony Account], DataUnit [nominalSONY = T], DataUnit [nominalSONY = 04], DataUnit [nominalSONY = Profit &amp; Loss], DataUnit [nominalSONY = Both], DataUnit [nominalSONY = A], DataUnit [nominalSONY = ***], DataUnit [nominalSONY = Both], DataUnit [nominalSONY = 0], DataUnit [nominalPION = PION], DataUnit [nominalPION = Pioneer Account], DataUnit [nominalPION = T], DataUnit [nominalPION = 04], DataUnit [nominalPION = Profit &amp; Loss], DataUnit [nominalPION = Both], DataUnit [nominalPION = A], DataUnit [nominalPION = ***], DataUnit [nominalPION = Both], DataUnit [nominalPION = 0], DataUnit [nominalTOSH = TOSH], DataUnit [nominalTOSH = Toshiba Account], DataUnit [nominalTOSH = T], DataUnit [nominalTOSH = 04], DataUnit [nominalTOSH = Profit &amp; Loss], DataUnit [nominalTOSH = Both], DataUnit [nominalTOSH = A], DataUnit [nominalTOSH = ***], DataUnit [nominalTOSH = Both], DataUnit [nominalTOSH = 0], DataUnit [nominalPANN = PANN], DataUnit [nominalPANN = Panasonic Account], DataUnit [nominalPANN = T], DataUnit [nominalPANN = 04], DataUnit [nominalPANN = Profit &amp; Loss], DataUnit [nominalPANN = Both], DataUnit [nominalPANN = A], DataUnit [nominalPANN = ***], DataUnit [nominalPANN = Both], DataUnit [nominalPANN = 0], DataUnit [nominalWHAF = WHAF], DataUnit [nominalWHAF = Wharfedale Account], DataUnit [nominalWHAF = T], DataUnit [nominalWHAF = 04], DataUnit [nominalWHAF = Profit &amp; Loss], DataUnit [nominalWHAF = Both], DataUnit [nominalWHAF = A], DataUnit [nominalWHAF = ***], DataUnit [nominalWHAF = Both], DataUnit [nominalWHAF = 0], DataUnit [nominalSHIN = SHIN], DataUnit [nominalSHIN = Shinco Account], DataUnit [nominalSHIN = T], DataUnit [nominalSHIN = 04], DataUnit [nominalSHIN = Profit &amp; Loss], DataUnit [nominalSHIN = Both], DataUnit [nominalSHIN = A], DataUnit [nominalSHIN = ***], DataUnit [nominalSHIN = Both], DataUnit [nominalSHIN = 0], DataUnit [nominalGRUN = GRUN], DataUnit [nominalGRUN = Grundig Account], DataUnit [nominalGRUN = T], DataUnit [nominalGRUN = 04], DataUnit [nominalGRUN = Profit &amp; Loss], DataUnit [nominalGRUN = Both], DataUnit [nominalGRUN = A], DataUnit [nominalGRUN = ***], DataUnit [nominalGRUN = Both], DataUnit [nominalGRUN = 0], DataUnit [nominalSAMS = SAMS], DataUnit [nominalSAMS = Samsung Account], DataUnit [nominalSAMS = T], DataUnit [nominalSAMS = 04], DataUnit [nominalSAMS = Profit &amp; Loss], DataUnit [nominalSAMS = Both], DataUnit [nominalSAMS = A], DataUnit [nominalSAMS = ***], DataUnit [nominalSAMS = Both], DataUnit [nominalSAMS = 0], DataUnit [nominalHITC = HITC], DataUnit [nominalHITC = Hitachi Account], DataUnit [nominalHITC = T], DataUnit [nominalHITC = 04], DataUnit [nominalHITC = Profit &amp; Loss], DataUnit [nominalHITC = Both], DataUnit [nominalHITC = A], DataUnit [nominalHITC = ***], DataUnit [nominalHITC = Both], DataUnit [nominalHITC = 0], DataUnit [nominalAIWA = AIWA], DataUnit [nominalAIWA = Aiwa Account], DataUnit [nominalAIWA = T], DataUnit [nominalAIWA = 04], DataUnit [nominalAIWA = Profit &amp; Loss], DataUnit [nominalAIWA = Both], DataUnit [nominalAIWA = A], DataUnit [nominalAIWA = ***], DataUnit [nominalAIWA = Both], DataUnit [nominalAIWA = 0], DataUnit [nominalAKAI = AKAI], DataUnit [nominalAKAI = Akai Account], DataUnit [nominalAKAI = T], DataUnit [nominalAKAI = 04], DataUnit [nominalAKAI = Profit &amp; Loss], DataUnit [nominalAKAI = Both], DataUnit [nominalAKAI = A], DataUnit [nominalAKAI = ***], DataUnit [nominalAKAI = Both], DataUnit [nominalAKAI = 0]]</td>
</tr>
</table>
<p class="totop"><a href="#summary">back to summary</a></p>
<h2 id="m3">com.adv.qa.selenium.tests.currency.A024_Batch_TypesTest:verify</h2>
<table cellspacing="0" cellpadding="0" class="result">
<tr class="param"><th>Parameter #1</th></tr>
<tr class="param stripe"><td>[DataUnit [userName = BM], DataUnit [passWord = E5], DataUnit [batchCode = AKK], DataUnit [batchTypeForTran = TRN], DataUnit [batchTypeForTran = Transfer], DataUnit [batchTypeForTran = IM], DataUnit [batchTypeForTran = Immediate], DataUnit [batchTypeForTran = 1], DataUnit [batchTypeForTran = 1], DataUnit [batchTypeForTran = 1], DataUnit [batchTypeForTran = 1], DataUnit [batchTypeForTran = NILL], DataUnit [batchTypeForTran = NILL], DataUnit [batchTypeForRev = REVV], DataUnit [batchTypeForRev = Reversal], DataUnit [batchTypeForRev = IM], DataUnit [batchTypeForRev = Immediate], DataUnit [batchTypeForRev = 1], DataUnit [batchTypeForRev = 1], DataUnit [batchTypeForRev = 1], DataUnit [batchTypeForRev = 1], DataUnit [batchTypeForRev = NILL], DataUnit [batchTypeForRev = NILL], DataUnit [batchTypeForBase = BASE], DataUnit [batchTypeForBase = Base Currency], DataUnit [batchTypeForBase = ], DataUnit [batchTypeForBase = Immediate], DataUnit [batchTypeForBase = 1], DataUnit [batchTypeForBase = 1], DataUnit [batchTypeForBase = 0], DataUnit [batchTypeForBase = 0], DataUnit [batchTypeForBase = NILL], DataUnit [batchTypeForBase = NILL], DataUnit [batchTypeForAccr = ACCR], DataUnit [batchTypeForAccr = Accruals], DataUnit [batchTypeForAccr = IM], DataUnit [batchTypeForAccr = Immediate], DataUnit [batchTypeForAccr = 1], DataUnit [batchTypeForAccr = 1], DataUnit [batchTypeForAccr = 0], DataUnit [batchTypeForAccr = 0], DataUnit [batchTypeForAccr = Warning], DataUnit [batchTypeForAccr = NILL], DataUnit [batchTypeForForn = FORN], DataUnit [batchTypeForForn = Foreign Currency], DataUnit [batchTypeForForn = IM], DataUnit [batchTypeForForn = Immediate], DataUnit [batchTypeForForn = 1], DataUnit [batchTypeForForn = 0], DataUnit [batchTypeForForn = 1], DataUnit [batchTypeForForn = 0], DataUnit [batchTypeForForn = NILL], DataUnit [batchTypeForForn = NILL], DataUnit [batchTypeForFrnb = FRNB], DataUnit [batchTypeForFrnb = Base &amp; Foreign Curr], DataUnit [batchTypeForFrnb = IM], DataUnit [batchTypeForFrnb = Immediate], DataUnit [batchTypeForFrnb = 1], DataUnit [batchTypeForFrnb = 0], DataUnit [batchTypeForFrnb = 0], DataUnit [batchTypeForFrnb = 1], DataUnit [batchTypeForFrnb = NILL], DataUnit [batchTypeForFrnb = NILL], DataUnit [batchTypeForPlan = PLAN], DataUnit [batchTypeForPlan = Planning Postings], DataUnit [batchTypeForPlan = IM], DataUnit [batchTypeForPlan = Immediate], DataUnit [batchTypeForPlan = 1], DataUnit [batchTypeForPlan = 1], DataUnit [batchTypeForPlan = 1], DataUnit [batchTypeForPlan = 1], DataUnit [batchTypeForPlan = NILL], DataUnit [batchTypeForPlan = NILL], DataUnit [batchTypeForRecc = RECC], DataUnit [batchTypeForRecc = Recurrals], DataUnit [batchTypeForRecc = IM], DataUnit [batchTypeForRecc = Immediate], DataUnit [batchTypeForRecc = 1], DataUnit [batchTypeForRecc = 1], DataUnit [batchTypeForRecc = 0], DataUnit [batchTypeForRecc = 0], DataUnit [batchTypeForRecc = NILL], DataUnit [batchTypeForRecc = Warning]]</td>
</tr>
</table>
<p class="totop"><a href="#summary">back to summary</a></p>
<h2 id="m4">com.adv.qa.selenium.tests.currency.A024A_Batch_TypesTest:verify</h2>
<table cellspacing="0" cellpadding="0" class="result">
<tr class="param"><th>Parameter #1</th></tr>
<tr class="param stripe"><td>[DataUnit [userName = BM1], DataUnit [passWord = E5], DataUnit [batchCode = AKK], DataUnit [batchTypeForBR1 = BR1], DataUnit [batchTypeForBR1 = Bank rec1], DataUnit [batchTypeForBR1 = IM], DataUnit [batchTypeForBR1 = Immediate], DataUnit [batchTypeForBR1 = 1], DataUnit [batchTypeForBR1 = 1], DataUnit [batchTypeForBR1 = 1], DataUnit [batchTypeForBR1 = 1], DataUnit [batchTypeForBR1 = NILL], DataUnit [batchTypeForBR1 = NILL], DataUnit [batchTypeForBR2 = BR2], DataUnit [batchTypeForBR2 = Bank rec2], DataUnit [batchTypeForBR2 = IM], DataUnit [batchTypeForBR2 = Immediate], DataUnit [batchTypeForBR2 = 1], DataUnit [batchTypeForBR2 = 1], DataUnit [batchTypeForBR2 = 1], DataUnit [batchTypeForBR2 = 1], DataUnit [batchTypeForBR2 = NILL], DataUnit [batchTypeForBR2 = NILL], DataUnit [batchTypeForBR3 = BR3], DataUnit [batchTypeForBR3 = Bank rec3], DataUnit [batchTypeForBR3 = IM], DataUnit [batchTypeForBR3 = Immediate], DataUnit [batchTypeForBR3 = 1], DataUnit [batchTypeForBR3 = 1], DataUnit [batchTypeForBR3 = 1], DataUnit [batchTypeForBR3 = 1], DataUnit [batchTypeForBR3 = NILL], DataUnit [batchTypeForBR3 = NILL], DataUnit [imBatchTypeForAcc = ACC], DataUnit [imBatchTypeForAcc = Accruals PM/AP], DataUnit [imBatchTypeForAcc = IM], DataUnit [imBatchTypeForAcc = Immediate], DataUnit [imBatchTypeForAcc = 0], DataUnit [imBatchTypeForAcc = 1], DataUnit [imBatchTypeForAcc = 1], DataUnit [imBatchTypeForAcc = 1], DataUnit [imBatchTypeForAcc = 1], DataUnit [imBatchTypeForAcc = NILL], DataUnit [imBatchTypeForAcc = NILL], DataUnit [imBatchTypeForIMGL = IMGL], DataUnit [imBatchTypeForIMGL = Inventory GL Default], DataUnit [imBatchTypeForIMGL = IM], DataUnit [imBatchTypeForIMGL = Immediate], DataUnit [imBatchTypeForIMGL = 0], DataUnit [imBatchTypeForIMGL = 1], DataUnit [imBatchTypeForIMGL = 1], DataUnit [imBatchTypeForIMGL = 1], DataUnit [imBatchTypeForIMGL = 1], DataUnit [imBatchTypeForIMGL = NILL], DataUnit [imBatchTypeForIMGL = NILL], DataUnit [imBatchTypeForIMG1 = IMG1], DataUnit [imBatchTypeForIMG1 = Inventory GL SC Reval], DataUnit [imBatchTypeForIMG1 = IM], DataUnit [imBatchTypeForIMG1 = Immediate], DataUnit [imBatchTypeForIMG1 = 1], DataUnit [imBatchTypeForIMG1 = 1], DataUnit [imBatchTypeForIMG1 = 1], DataUnit [imBatchTypeForIMG1 = 1], DataUnit [imBatchTypeForIMG1 = 1], DataUnit [imBatchTypeForIMG1 = NILL], DataUnit [imBatchTypeForIMG1 = NILL], DataUnit [imBatchTypeForIMG2 = IMG2], DataUnit [imBatchTypeForIMG2 = Inventory W/O Reval], DataUnit [imBatchTypeForIMG2 = IM], DataUnit [imBatchTypeForIMG2 = Immediate], DataUnit [imBatchTypeForIMG2 = 1], DataUnit [imBatchTypeForIMG2 = 1], DataUnit [imBatchTypeForIMG2 = 1], DataUnit [imBatchTypeForIMG2 = 1], DataUnit [imBatchTypeForIMG2 = 1], DataUnit [imBatchTypeForIMG2 = NILL], DataUnit [imBatchTypeForIMG2 = NILL], DataUnit [imBatchTypeForIMRT = IMRT], DataUnit [imBatchTypeForIMRT = Receipts Type], DataUnit [imBatchTypeForIMRT = IM], DataUnit [imBatchTypeForIMRT = Immediate], DataUnit [imBatchTypeForIMRT = 1], DataUnit [imBatchTypeForIMRT = 1], DataUnit [imBatchTypeForIMRT = 1], DataUnit [imBatchTypeForIMRT = 1], DataUnit [imBatchTypeForIMRT = 1], DataUnit [imBatchTypeForIMRT = NILL], DataUnit [imBatchTypeForIMRT = NILL], DataUnit [imBatchTypeForIMMI = IMMI], DataUnit [imBatchTypeForIMMI = Material Issues], DataUnit [imBatchTypeForIMMI = IM], DataUnit [imBatchTypeForIMMI = Immediate], DataUnit [imBatchTypeForIMMI = 0], DataUnit [imBatchTypeForIMMI = 1], DataUnit [imBatchTypeForIMMI = 1], DataUnit [imBatchTypeForIMMI = 1], DataUnit [imBatchTypeForIMMI = 1], DataUnit [imBatchTypeForIMMI = NILL], DataUnit [imBatchTypeForIMMI = NILL]]</td>
</tr>
</table>
<p class="totop"><a href="#summary">back to summary</a></p>
<h1>suite16</h1>
<h2 id="m5">com.adv.qa.selenium.tests.currency.A025_FormulaTest:verify</h2>
<table cellspacing="0" cellpadding="0" class="result">
<tr class="param"><th>Parameter #1</th></tr>
<tr class="param stripe"><td>[DataUnit [userName = IM], DataUnit [passWord = E5], DataUnit [code = EAO], DataUnit [formulaForCal1 = CAL1], DataUnit [formulaForCal1 = CP Actual Balance], DataUnit [formulaForCal1 = CP Act Bal], DataUnit [formulaForCal1 = 1], DataUnit [formulaForCal1 = Sum Columns], DataUnit [formulaForCal1 = M(AB)], DataUnit [formulaForCal2 = CAL2], DataUnit [formulaForCal2 = YTD Actual Balance], DataUnit [formulaForCal2 = YTD Act Bal], DataUnit [formulaForCal2 = 1], DataUnit [formulaForCal2 = Suppress All Totals], DataUnit [formulaForCal2 = B(AB)], DataUnit [formulaForBs1 = BS1], DataUnit [formulaForBs1 = Stat  Balance], DataUnit [formulaForBs1 = STAT BAL], DataUnit [formulaForBs1 = 0], DataUnit [formulaForBs1 = ], DataUnit [formulaForBs1 = B(AB)], DataUnit [formulaForMs1 = MS1], DataUnit [formulaForMs1 = Stat Movement QTY], DataUnit [formulaForMs1 = STAT MOV], DataUnit [formulaForMs1 = 0], DataUnit [formulaForMs1 = Sum Columns], DataUnit [formulaForMs1 = M(S1)]]</td>
</tr>
</table>
<p class="totop"><a href="#summary">back to summary</a></p>
<h2 id="m6">com.adv.qa.selenium.tests.currency.A026_Layout_CodesTest:verify</h2>
<table cellspacing="0" cellpadding="0" class="result">
<tr class="param"><th>Parameter #1</th></tr>
<tr class="param stripe"><td>[DataUnit [userName = IM], DataUnit [passWord = E5], DataUnit [code = EAE], DataUnit [layoutList = LAY1], DataUnit [layoutList = Layout 1], DataUnit [layoutList = Totals at Bottom], DataUnit [layoutList = CAL1], DataUnit [layoutList = CAL2], DataUnit [layoutList = BS1], DataUnit [layoutList = MS1], DataUnit [layoutList = &lt;], DataUnit [layoutList = 0.0]]</td>
</tr>
</table>
<p class="totop"><a href="#summary">back to summary</a></p>
<h2 id="m7">com.adv.qa.selenium.tests.currency.A027_Default_StructureTest:verify</h2>
<table cellspacing="0" cellpadding="0" class="result">
<tr class="param"><th>Parameter #1</th></tr>
<tr class="param stripe"><td>[DataUnit [userName = IM], DataUnit [passWord = E5], DataUnit [code = ECA], DataUnit [structureList = 00], DataUnit [structureList = ICA Structure], DataUnit [structureList = Y]]</td>
</tr>
</table>
<p class="totop"><a href="#summary">back to summary</a></p>
<h1>suite17</h1>
<h2 id="m8">com.adv.qa.selenium.tests.currency.A028_Default_Structure_ControlsTest:verify</h2>
<table cellspacing="0" cellpadding="0" class="result">
<tr class="param"><th>Parameter #1</th></tr>
<tr class="param stripe"><td>[DataUnit [userName = IM], DataUnit [passWord = E5], DataUnit [code = ECC], DataUnit [controlList = 00], DataUnit [controlList = 2], DataUnit [controlList = SUSP], DataUnit [controlList =  Mandatory ], DataUnit [controlList = Immediate], DataUnit [controlList = LAY1], DataUnit [controlList = LAY1], DataUnit [controlList = 2]]</td>
</tr>
<tr><td>
<div class="stacktrace">org.openqa.selenium.TimeoutException: timeout: cannot determine loading status
from timeout: Timed out receiving message from renderer: -0.014
  (Session info: chrome=59.0.3071.115)
  (Driver info: chromedriver=2.28.455520 (cc17746adff54984afff480136733114c6b3704b),platform=Windows NT 10.0.10240 x86_64) (WARNING: The server did not provide any stacktrace information)
Command duration or timeout: 300.02 seconds
Build info: version: &apos;3.0.1&apos;, revision: &apos;1969d75&apos;, time: &apos;2016-10-18 09:49:13 -0700&apos;
System info: host: &apos;GHD-16313-D&apos;, ip: &apos;10.2.32.88&apos;, os.name: &apos;Windows 10&apos;, os.arch: &apos;amd64&apos;, os.version: &apos;10.0&apos;, java.version: &apos;1.8.0_112&apos;
Driver info: org.openqa.selenium.chrome.ChromeDriver
Capabilities [{applicationCacheEnabled=false, rotatable=false, mobileEmulationEnabled=false, networkConnectionEnabled=false, chrome={chromedriverVersion=2.28.455520 (cc17746adff54984afff480136733114c6b3704b), userDataDir=C:\Users\CHETNA~1.MIS\AppData\Local\Temp\scoped_dir9476_18846}, takesHeapSnapshot=true, pageLoadStrategy=normal, databaseEnabled=false, handlesAlerts=true, hasTouchScreen=false, version=59.0.3071.115, platform=XP, browserConnectionEnabled=false, nativeEvents=true, acceptSslCerts=true, locationContextEnabled=true, webStorageEnabled=true, browserName=chrome, takesScreenshot=true, javascriptEnabled=true, cssSelectorsEnabled=true, unexpectedAlertBehaviour=}]
Session ID: d5b0364ab42a83d1d7e9cc92246a7077
*** Element info: {Using=xpath, value=//fieldset/legend[text()=&apos;Command&apos;]/..//input[contains(@name,&apos;COMMAND&apos;)]}
	at sun.reflect.NativeConstructorAccessorImpl.newInstance0(Native Method)
	at sun.reflect.NativeConstructorAccessorImpl.newInstance(NativeConstructorAccessorImpl.java:62)
	at sun.reflect.DelegatingConstructorAccessorImpl.newInstance(DelegatingConstructorAccessorImpl.java:45)
	at java.lang.reflect.Constructor.newInstance(Constructor.java:423)
	at org.openqa.selenium.remote.ErrorHandler.createThrowable(ErrorHandler.java:216)
	at org.openqa.selenium.remote.ErrorHandler.throwIfResponseFailed(ErrorHandler.java:168)
	at org.openqa.selenium.remote.RemoteWebDriver.execute(RemoteWebDriver.java:635)
	at org.openqa.selenium.remote.RemoteWebDriver.findElement(RemoteWebDriver.java:368)
	at org.openqa.selenium.remote.RemoteWebDriver.findElementByXPath(RemoteWebDriver.java:473)
	at org.openqa.selenium.By$ByXPath.findElement(By.java:361)
	at org.openqa.selenium.remote.RemoteWebDriver.findElement(RemoteWebDriver.java:360)
	at sun.reflect.GeneratedMethodAccessor5.invoke(Unknown Source)
	at sun.reflect.DelegatingMethodAccessorImpl.invoke(DelegatingMethodAccessorImpl.java:43)
	at java.lang.reflect.Method.invoke(Method.java:498)
	at org.openqa.selenium.support.events.EventFiringWebDriver$2.invoke(EventFiringWebDriver.java:103)
	at com.sun.proxy.$Proxy9.findElement(Unknown Source)
	at org.openqa.selenium.support.events.EventFiringWebDriver.findElement(EventFiringWebDriver.java:187)
	at com.adv.qa.selenium.framework.pageObjects.currency.CurrencyPage.isCommandDisplayed(CurrencyPage.java:218)
	at com.adv.qa.selenium.tests.currency.A028_Default_Structure_ControlsTest.verify(A028_Default_Structure_ControlsTest.java:47)
	at sun.reflect.NativeMethodAccessorImpl.invoke0(Native Method)
	at sun.reflect.NativeMethodAccessorImpl.invoke(NativeMethodAccessorImpl.java:62)
	at sun.reflect.DelegatingMethodAccessorImpl.invoke(DelegatingMethodAccessorImpl.java:43)
	at java.lang.reflect.Method.invoke(Method.java:498)
	at org.testng.internal.MethodInvocationHelper.invokeMethod(MethodInvocationHelper.java:108)
	at org.testng.internal.InvokeMethodRunnable.runOne(InvokeMethodRunnable.java:54)
	at org.testng.internal.InvokeMethodRunnable.run(InvokeMethodRunnable.java:44)
	at java.util.concurrent.Executors$RunnableAdapter.call(Executors.java:511)
	at java.util.concurrent.FutureTask.run(FutureTask.java:266)
	at java.util.concurrent.ThreadPoolExecutor.runWorker(ThreadPoolExecutor.java:1142)
	at java.util.concurrent.ThreadPoolExecutor$Worker.run(ThreadPoolExecutor.java:617)
	at java.lang.Thread.run(Thread.java:745)
</div>
</td></tr>
</table>
<p class="totop"><a href="#summary">back to summary</a></p>
<h2 id="m9">com.adv.qa.selenium.tests.currency.A031_Company_ControlsTest:verify</h2>
<table cellspacing="0" cellpadding="0" class="result">
<tr class="param"><th>Parameter #1</th></tr>
<tr class="param stripe"><td>[DataUnit [userName = EXPED], DataUnit [passWord = E5], DataUnit [code = EAA], DataUnit [companyControl = LAY1], DataUnit [companyControl = LAY1], DataUnit [companyControl = 00], DataUnit [companyControl = B], DataUnit [companyControl = TRAN], DataUnit [companyControl = REVV], DataUnit [companyControl = Layout 1], DataUnit [companyControl = Layout 1], DataUnit [companyControl = ICA Structure], DataUnit [companyControl = Transfer], DataUnit [companyControl = Reversal]]</td>
</tr>
<tr><td>
<div class="stacktrace">java.lang.AssertionError: Company controls are not updated expected [true] but found [false]
	at org.testng.Assert.fail(Assert.java:93)
	at org.testng.Assert.failNotEquals(Assert.java:512)
	at org.testng.Assert.assertTrue(Assert.java:41)
	at com.adv.qa.selenium.framework.Assert.assertTrue(Assert.java:43)
	at com.adv.qa.selenium.tests.currency.A031_Company_ControlsTest.verify(A031_Company_ControlsTest.java:60)
	at sun.reflect.NativeMethodAccessorImpl.invoke0(Native Method)
	at sun.reflect.NativeMethodAccessorImpl.invoke(NativeMethodAccessorImpl.java:62)
	at sun.reflect.DelegatingMethodAccessorImpl.invoke(DelegatingMethodAccessorImpl.java:43)
	at java.lang.reflect.Method.invoke(Method.java:498)
	at org.testng.internal.MethodInvocationHelper.invokeMethod(MethodInvocationHelper.java:108)
	at org.testng.internal.InvokeMethodRunnable.runOne(InvokeMethodRunnable.java:54)
	at org.testng.internal.InvokeMethodRunnable.run(InvokeMethodRunnable.java:44)
	at java.util.concurrent.Executors$RunnableAdapter.call(Executors.java:511)
	at java.util.concurrent.FutureTask.run(FutureTask.java:266)
	at java.util.concurrent.ThreadPoolExecutor.runWorker(ThreadPoolExecutor.java:1142)
	at java.util.concurrent.ThreadPoolExecutor$Worker.run(ThreadPoolExecutor.java:617)
	at java.lang.Thread.run(Thread.java:745)
</div>
</td></tr>
</table>
<p class="totop"><a href="#summary">back to summary</a></p>
<h2 id="m10">com.adv.qa.selenium.tests.currency.A029_Default_Structure_ElementsTest:verify</h2>
<table cellspacing="0" cellpadding="0" class="result">
<tr class="param"><th>Parameter #1</th></tr>
<tr class="param stripe"><td>[DataUnit [userName = BM1], DataUnit [passWord = E5], DataUnit [code = ECE], DataUnit [values = 00], DataUnit [structureForHQ = 00], DataUnit [structureForHQ = HQ], DataUnit [structureForHQ = Head Quarters], DataUnit [structureForHQ = ], DataUnit [structureForNorth = 00], DataUnit [structureForNorth = NORTH], DataUnit [structureForNorth = Northern Division], DataUnit [structureForNorth = HQ], DataUnit [structureForSouth = 00], DataUnit [structureForSouth = SOUTH], DataUnit [structureForSouth = Southern Division], DataUnit [structureForSouth = HQ], DataUnit [structureForEast = 00], DataUnit [structureForEast = EAST], DataUnit [structureForEast = Eastern Division], DataUnit [structureForEast = HQ], DataUnit [structureForWest = 00], DataUnit [structureForWest = WEST], DataUnit [structureForWest = Western Division], DataUnit [structureForWest = HQ], DataUnit [structureForSusp = 00], DataUnit [structureForSusp = SUSP], DataUnit [structureForSusp = Suspense], DataUnit [structureForSusp = WEST], DataUnit [pathKeyList = 00], DataUnit [pathKeyList = 2], DataUnit [pathKeyList = DUM], DataUnit [pathKeyList = Dummy Costcentre for ICA BTZ], DataUnit [pathKeyList = WEST]]</td>
</tr>
<tr><td>
<div class="stacktrace">org.openqa.selenium.NoSuchElementException: no such element: Unable to locate element: {&quot;method&quot;:&quot;xpath&quot;,&quot;selector&quot;:&quot;//input[starts-with(@name,&apos;DESCR&apos;)]&quot;}
  (Session info: chrome=59.0.3071.115)
  (Driver info: chromedriver=2.28.455520 (cc17746adff54984afff480136733114c6b3704b),platform=Windows NT 10.0.10240 x86_64) (WARNING: The server did not provide any stacktrace information)
Command duration or timeout: 60.03 seconds
For documentation on this error, please visit: http://seleniumhq.org/exceptions/no_such_element.html
Build info: version: &apos;3.0.1&apos;, revision: &apos;1969d75&apos;, time: &apos;2016-10-18 09:49:13 -0700&apos;
System info: host: &apos;GHD-16313-D&apos;, ip: &apos;10.2.32.88&apos;, os.name: &apos;Windows 10&apos;, os.arch: &apos;amd64&apos;, os.version: &apos;10.0&apos;, java.version: &apos;1.8.0_112&apos;
Driver info: org.openqa.selenium.chrome.ChromeDriver
Capabilities [{applicationCacheEnabled=false, rotatable=false, mobileEmulationEnabled=false, networkConnectionEnabled=false, chrome={chromedriverVersion=2.28.455520 (cc17746adff54984afff480136733114c6b3704b), userDataDir=C:\Users\CHETNA~1.MIS\AppData\Local\Temp\scoped_dir7796_2631}, takesHeapSnapshot=true, pageLoadStrategy=normal, databaseEnabled=false, handlesAlerts=true, hasTouchScreen=false, version=59.0.3071.115, platform=XP, browserConnectionEnabled=false, nativeEvents=true, acceptSslCerts=true, locationContextEnabled=true, webStorageEnabled=true, browserName=chrome, takesScreenshot=true, javascriptEnabled=true, cssSelectorsEnabled=true, unexpectedAlertBehaviour=}]
Session ID: bc23bdd11a9015b2909d22b08e10045c
*** Element info: {Using=xpath, value=//input[starts-with(@name,&apos;DESCR&apos;)]}
	at sun.reflect.NativeConstructorAccessorImpl.newInstance0(Native Method)
	at sun.reflect.NativeConstructorAccessorImpl.newInstance(NativeConstructorAccessorImpl.java:62)
	at sun.reflect.DelegatingConstructorAccessorImpl.newInstance(DelegatingConstructorAccessorImpl.java:45)
	at java.lang.reflect.Constructor.newInstance(Constructor.java:423)
	at org.openqa.selenium.remote.ErrorHandler.createThrowable(ErrorHandler.java:216)
	at org.openqa.selenium.remote.ErrorHandler.throwIfResponseFailed(ErrorHandler.java:168)
	at org.openqa.selenium.remote.RemoteWebDriver.execute(RemoteWebDriver.java:635)
	at org.openqa.selenium.remote.RemoteWebDriver.findElement(RemoteWebDriver.java:368)
	at org.openqa.selenium.remote.RemoteWebDriver.findElementByXPath(RemoteWebDriver.java:473)
	at org.openqa.selenium.By$ByXPath.findElement(By.java:361)
	at org.openqa.selenium.remote.RemoteWebDriver.findElement(RemoteWebDriver.java:360)
	at sun.reflect.GeneratedMethodAccessor5.invoke(Unknown Source)
	at sun.reflect.DelegatingMethodAccessorImpl.invoke(DelegatingMethodAccessorImpl.java:43)
	at java.lang.reflect.Method.invoke(Method.java:498)
	at org.openqa.selenium.support.events.EventFiringWebDriver$2.invoke(EventFiringWebDriver.java:103)
	at com.sun.proxy.$Proxy9.findElement(Unknown Source)
	at org.openqa.selenium.support.events.EventFiringWebDriver.findElement(EventFiringWebDriver.java:187)
	at com.adv.qa.selenium.framework.pageObjects.currency.CurrencyPage.createPathKey(CurrencyPage.java:4458)
	at com.adv.qa.selenium.tests.currency.A029_Default_Structure_ElementsTest.createPathKey(A029_Default_Structure_ElementsTest.java:150)
	at com.adv.qa.selenium.tests.currency.A029_Default_Structure_ElementsTest.verify(A029_Default_Structure_ElementsTest.java:94)
	at sun.reflect.NativeMethodAccessorImpl.invoke0(Native Method)
	at sun.reflect.NativeMethodAccessorImpl.invoke(NativeMethodAccessorImpl.java:62)
	at sun.reflect.DelegatingMethodAccessorImpl.invoke(DelegatingMethodAccessorImpl.java:43)
	at java.lang.reflect.Method.invoke(Method.java:498)
	at org.testng.internal.MethodInvocationHelper.invokeMethod(MethodInvocationHelper.java:108)
	at org.testng.internal.InvokeMethodRunnable.runOne(InvokeMethodRunnable.java:54)
	at org.testng.internal.InvokeMethodRunnable.run(InvokeMethodRunnable.java:44)
	at java.util.concurrent.Executors$RunnableAdapter.call(Executors.java:511)
	at java.util.concurrent.FutureTask.run(FutureTask.java:266)
	at java.util.concurrent.ThreadPoolExecutor.runWorker(ThreadPoolExecutor.java:1142)
	at java.util.concurrent.ThreadPoolExecutor$Worker.run(ThreadPoolExecutor.java:617)
	at java.lang.Thread.run(Thread.java:745)
</div>
</td></tr>
</table>
<p class="totop"><a href="#summary">back to summary</a></p>
<h2 id="m11">com.adv.qa.selenium.tests.currency.A030_Security_ElementsTest:verify</h2>
<table cellspacing="0" cellpadding="0" class="result">
<tr class="param"><th>Parameter #1</th></tr>
<tr class="param stripe"><td>[DataUnit [userName = QUERY], DataUnit [passWord = E5], DataUnit [code = ENI], DataUnit [code = AFF], DataUnit [securityList = STD], DataUnit [securityList = 00], DataUnit [securityList = HQ], DataUnit [securityList = STD], DataUnit [securityList = Access to all E5 application function]]</td>
</tr>
</table>
<p class="totop"><a href="#summary">back to summary</a></p>
<h1>suite19</h1>
<h2 id="m12">com.adv.qa.selenium.tests.currency.A035_Structure_RebuildTest:verify</h2>
<table cellspacing="0" cellpadding="0" class="result">
<tr class="param"><th>Parameter #1</th></tr>
<tr class="param stripe"><td>[DataUnit [userName = IM], DataUnit [passWord = E5], DataUnit [code = Submit EP3], DataUnit [ep3ProcessList = Submit EP3], DataUnit [ep3ProcessList = EPB], DataUnit [ep3ProcessList = EP3], DataUnit [ep3ProcessList = E5H5EP3], DataUnit [ep3ProcessList = 00], DataUnit [process = EP3]]</td>
</tr>
<tr><td>
<div class="stacktrace">org.openqa.selenium.NoSuchElementException: no such element: Unable to locate element: {&quot;method&quot;:&quot;xpath&quot;,&quot;selector&quot;:&quot;//div[contains(@class,&apos;roundedCorners&apos;)]/button[@id=&apos;2_2&apos;]&quot;}
  (Session info: chrome=59.0.3071.115)
  (Driver info: chromedriver=2.28.455520 (cc17746adff54984afff480136733114c6b3704b),platform=Windows NT 10.0.10240 x86_64) (WARNING: The server did not provide any stacktrace information)
Command duration or timeout: 60.05 seconds
For documentation on this error, please visit: http://seleniumhq.org/exceptions/no_such_element.html
Build info: version: &apos;3.0.1&apos;, revision: &apos;1969d75&apos;, time: &apos;2016-10-18 09:49:13 -0700&apos;
System info: host: &apos;GHD-16313-D&apos;, ip: &apos;10.2.32.88&apos;, os.name: &apos;Windows 10&apos;, os.arch: &apos;amd64&apos;, os.version: &apos;10.0&apos;, java.version: &apos;1.8.0_112&apos;
Driver info: org.openqa.selenium.chrome.ChromeDriver
Capabilities [{applicationCacheEnabled=false, rotatable=false, mobileEmulationEnabled=false, networkConnectionEnabled=false, chrome={chromedriverVersion=2.28.455520 (cc17746adff54984afff480136733114c6b3704b), userDataDir=C:\Users\CHETNA~1.MIS\AppData\Local\Temp\scoped_dir7992_25849}, takesHeapSnapshot=true, pageLoadStrategy=normal, databaseEnabled=false, handlesAlerts=true, hasTouchScreen=false, version=59.0.3071.115, platform=XP, browserConnectionEnabled=false, nativeEvents=true, acceptSslCerts=true, locationContextEnabled=true, webStorageEnabled=true, browserName=chrome, takesScreenshot=true, javascriptEnabled=true, cssSelectorsEnabled=true, unexpectedAlertBehaviour=}]
Session ID: 82c9403fe20bb04ff33be762952afbf5
*** Element info: {Using=xpath, value=//div[contains(@class,&apos;roundedCorners&apos;)]/button[@id=&apos;2_2&apos;]}
	at sun.reflect.NativeConstructorAccessorImpl.newInstance0(Native Method)
	at sun.reflect.NativeConstructorAccessorImpl.newInstance(NativeConstructorAccessorImpl.java:62)
	at sun.reflect.DelegatingConstructorAccessorImpl.newInstance(DelegatingConstructorAccessorImpl.java:45)
	at java.lang.reflect.Constructor.newInstance(Constructor.java:423)
	at org.openqa.selenium.remote.ErrorHandler.createThrowable(ErrorHandler.java:216)
	at org.openqa.selenium.remote.ErrorHandler.throwIfResponseFailed(ErrorHandler.java:168)
	at org.openqa.selenium.remote.RemoteWebDriver.execute(RemoteWebDriver.java:635)
	at org.openqa.selenium.remote.RemoteWebDriver.findElement(RemoteWebDriver.java:368)
	at org.openqa.selenium.remote.RemoteWebDriver.findElementByXPath(RemoteWebDriver.java:473)
	at org.openqa.selenium.By$ByXPath.findElement(By.java:361)
	at org.openqa.selenium.remote.RemoteWebDriver.findElement(RemoteWebDriver.java:360)
	at sun.reflect.GeneratedMethodAccessor5.invoke(Unknown Source)
	at sun.reflect.DelegatingMethodAccessorImpl.invoke(DelegatingMethodAccessorImpl.java:43)
	at java.lang.reflect.Method.invoke(Method.java:498)
	at org.openqa.selenium.support.events.EventFiringWebDriver$2.invoke(EventFiringWebDriver.java:103)
	at com.sun.proxy.$Proxy9.findElement(Unknown Source)
	at org.openqa.selenium.support.events.EventFiringWebDriver.findElement(EventFiringWebDriver.java:187)
	at com.adv.qa.selenium.framework.pageObjects.currency.CurrencyPage.isAboutSubmitPopUpDisplayed(CurrencyPage.java:3923)
	at com.adv.qa.selenium.framework.pageObjects.currency.CurrencyPage.enterAboutsubmitDetails(CurrencyPage.java:3970)
	at com.adv.qa.selenium.tests.currency.A035_Structure_RebuildTest.verify(A035_Structure_RebuildTest.java:59)
	at sun.reflect.NativeMethodAccessorImpl.invoke0(Native Method)
	at sun.reflect.NativeMethodAccessorImpl.invoke(NativeMethodAccessorImpl.java:62)
	at sun.reflect.DelegatingMethodAccessorImpl.invoke(DelegatingMethodAccessorImpl.java:43)
	at java.lang.reflect.Method.invoke(Method.java:498)
	at org.testng.internal.MethodInvocationHelper.invokeMethod(MethodInvocationHelper.java:108)
	at org.testng.internal.InvokeMethodRunnable.runOne(InvokeMethodRunnable.java:54)
	at org.testng.internal.InvokeMethodRunnable.run(InvokeMethodRunnable.java:44)
	at java.util.concurrent.Executors$RunnableAdapter.call(Executors.java:511)
	at java.util.concurrent.FutureTask.run(FutureTask.java:266)
	at java.util.concurrent.ThreadPoolExecutor.runWorker(ThreadPoolExecutor.java:1142)
	at java.util.concurrent.ThreadPoolExecutor$Worker.run(ThreadPoolExecutor.java:617)
	at java.lang.Thread.run(Thread.java:745)
</div>
</td></tr>
</table>
<p class="totop"><a href="#summary">back to summary</a></p>
<h2 id="m13">com.adv.qa.selenium.tests.currency.A036_BTZ_Elements_For_ICA_StructureTest:verify</h2>
<table cellspacing="0" cellpadding="0" class="result">
<tr class="param"><th>Parameter #1</th></tr>
<tr class="param stripe"><td>[DataUnit [userName = IM], DataUnit [passWord = E5], DataUnit [code = ECI], DataUnit [icaNorth = NORTH], DataUnit [icaNorth = NBTZ], DataUnit [icaNorth = IM], DataUnit [icaWest = WEST], DataUnit [icaWest = WBTZ], DataUnit [icaWest = IM], DataUnit [icaEast = EAST], DataUnit [icaEast = EBTZ], DataUnit [icaEast = IM], DataUnit [icaSouth = SOUTH], DataUnit [icaSouth = SBTZ], DataUnit [icaSouth = IM]]</td>
</tr>
<tr><td>
<div class="stacktrace">org.openqa.selenium.NoSuchElementException: no such element: Unable to locate element: {&quot;method&quot;:&quot;xpath&quot;,&quot;selector&quot;:&quot;//input[starts-with(@name,&apos;ELEM_field_&apos;)]&quot;}
  (Session info: chrome=59.0.3071.115)
  (Driver info: chromedriver=2.28.455520 (cc17746adff54984afff480136733114c6b3704b),platform=Windows NT 10.0.10240 x86_64) (WARNING: The server did not provide any stacktrace information)
Command duration or timeout: 60.02 seconds
For documentation on this error, please visit: http://seleniumhq.org/exceptions/no_such_element.html
Build info: version: &apos;3.0.1&apos;, revision: &apos;1969d75&apos;, time: &apos;2016-10-18 09:49:13 -0700&apos;
System info: host: &apos;GHD-16313-D&apos;, ip: &apos;10.2.32.88&apos;, os.name: &apos;Windows 10&apos;, os.arch: &apos;amd64&apos;, os.version: &apos;10.0&apos;, java.version: &apos;1.8.0_112&apos;
Driver info: org.openqa.selenium.chrome.ChromeDriver
Capabilities [{applicationCacheEnabled=false, rotatable=false, mobileEmulationEnabled=false, networkConnectionEnabled=false, chrome={chromedriverVersion=2.28.455520 (cc17746adff54984afff480136733114c6b3704b), userDataDir=C:\Users\CHETNA~1.MIS\AppData\Local\Temp\scoped_dir7744_14531}, takesHeapSnapshot=true, pageLoadStrategy=normal, databaseEnabled=false, handlesAlerts=true, hasTouchScreen=false, version=59.0.3071.115, platform=XP, browserConnectionEnabled=false, nativeEvents=true, acceptSslCerts=true, locationContextEnabled=true, webStorageEnabled=true, browserName=chrome, takesScreenshot=true, javascriptEnabled=true, cssSelectorsEnabled=true, unexpectedAlertBehaviour=}]
Session ID: db2a6bc31114ffb03f8506bb7d4c13f8
*** Element info: {Using=xpath, value=//input[starts-with(@name,&apos;ELEM_field_&apos;)]}
	at sun.reflect.NativeConstructorAccessorImpl.newInstance0(Native Method)
	at sun.reflect.NativeConstructorAccessorImpl.newInstance(NativeConstructorAccessorImpl.java:62)
	at sun.reflect.DelegatingConstructorAccessorImpl.newInstance(DelegatingConstructorAccessorImpl.java:45)
	at java.lang.reflect.Constructor.newInstance(Constructor.java:423)
	at org.openqa.selenium.remote.ErrorHandler.createThrowable(ErrorHandler.java:216)
	at org.openqa.selenium.remote.ErrorHandler.throwIfResponseFailed(ErrorHandler.java:168)
	at org.openqa.selenium.remote.RemoteWebDriver.execute(RemoteWebDriver.java:635)
	at org.openqa.selenium.remote.RemoteWebDriver.findElement(RemoteWebDriver.java:368)
	at org.openqa.selenium.remote.RemoteWebDriver.findElementByXPath(RemoteWebDriver.java:473)
	at org.openqa.selenium.By$ByXPath.findElement(By.java:361)
	at org.openqa.selenium.remote.RemoteWebDriver.findElement(RemoteWebDriver.java:360)
	at sun.reflect.GeneratedMethodAccessor5.invoke(Unknown Source)
	at sun.reflect.DelegatingMethodAccessorImpl.invoke(DelegatingMethodAccessorImpl.java:43)
	at java.lang.reflect.Method.invoke(Method.java:498)
	at org.openqa.selenium.support.events.EventFiringWebDriver$2.invoke(EventFiringWebDriver.java:103)
	at com.sun.proxy.$Proxy9.findElement(Unknown Source)
	at org.openqa.selenium.support.events.EventFiringWebDriver.findElement(EventFiringWebDriver.java:187)
	at com.adv.qa.selenium.framework.pageObjects.currency.CurrencyPage.enterICAElements(CurrencyPage.java:5068)
	at com.adv.qa.selenium.tests.currency.A036_BTZ_Elements_For_ICA_StructureTest.createBTZElement(A036_BTZ_Elements_For_ICA_StructureTest.java:88)
	at com.adv.qa.selenium.tests.currency.A036_BTZ_Elements_For_ICA_StructureTest.verify(A036_BTZ_Elements_For_ICA_StructureTest.java:66)
	at sun.reflect.NativeMethodAccessorImpl.invoke0(Native Method)
	at sun.reflect.NativeMethodAccessorImpl.invoke(NativeMethodAccessorImpl.java:62)
	at sun.reflect.DelegatingMethodAccessorImpl.invoke(DelegatingMethodAccessorImpl.java:43)
	at java.lang.reflect.Method.invoke(Method.java:498)
	at org.testng.internal.MethodInvocationHelper.invokeMethod(MethodInvocationHelper.java:108)
	at org.testng.internal.InvokeMethodRunnable.runOne(InvokeMethodRunnable.java:54)
	at org.testng.internal.InvokeMethodRunnable.run(InvokeMethodRunnable.java:44)
	at java.util.concurrent.Executors$RunnableAdapter.call(Executors.java:511)
	at java.util.concurrent.FutureTask.run(FutureTask.java:266)
	at java.util.concurrent.ThreadPoolExecutor.runWorker(ThreadPoolExecutor.java:1142)
	at java.util.concurrent.ThreadPoolExecutor$Worker.run(ThreadPoolExecutor.java:617)
	at java.lang.Thread.run(Thread.java:745)
</div>
</td></tr>
</table>
<p class="totop"><a href="#summary">back to summary</a></p>
<h2 id="m14">com.adv.qa.selenium.tests.currency.A037_ICA_Default_Trading_RelationshipsTest:verify</h2>
<table cellspacing="0" cellpadding="0" class="result">
<tr class="param"><th>Parameter #1</th></tr>
<tr class="param stripe"><td>[DataUnit [userName = IM], DataUnit [passWord = E5], DataUnit [code = AKI], DataUnit [elements = ********************], DataUnit [elements = ********************], DataUnit [elements = GLICA], DataUnit [elements = DUM]]</td>
</tr>
<tr><td>
<div class="stacktrace">org.openqa.selenium.NoSuchElementException: no such element: Unable to locate element: {&quot;method&quot;:&quot;xpath&quot;,&quot;selector&quot;:&quot;//input[starts-with(@name,&apos;FROM-BTZ-ENTY_&apos;)]&quot;}
  (Session info: chrome=59.0.3071.115)
  (Driver info: chromedriver=2.28.455520 (cc17746adff54984afff480136733114c6b3704b),platform=Windows NT 10.0.10240 x86_64) (WARNING: The server did not provide any stacktrace information)
Command duration or timeout: 60.05 seconds
For documentation on this error, please visit: http://seleniumhq.org/exceptions/no_such_element.html
Build info: version: &apos;3.0.1&apos;, revision: &apos;1969d75&apos;, time: &apos;2016-10-18 09:49:13 -0700&apos;
System info: host: &apos;GHD-16313-D&apos;, ip: &apos;10.2.32.88&apos;, os.name: &apos;Windows 10&apos;, os.arch: &apos;amd64&apos;, os.version: &apos;10.0&apos;, java.version: &apos;1.8.0_112&apos;
Driver info: org.openqa.selenium.chrome.ChromeDriver
Capabilities [{applicationCacheEnabled=false, rotatable=false, mobileEmulationEnabled=false, networkConnectionEnabled=false, chrome={chromedriverVersion=2.28.455520 (cc17746adff54984afff480136733114c6b3704b), userDataDir=C:\Users\CHETNA~1.MIS\AppData\Local\Temp\scoped_dir8560_30930}, takesHeapSnapshot=true, pageLoadStrategy=normal, databaseEnabled=false, handlesAlerts=true, hasTouchScreen=false, version=59.0.3071.115, platform=XP, browserConnectionEnabled=false, nativeEvents=true, acceptSslCerts=true, locationContextEnabled=true, webStorageEnabled=true, browserName=chrome, takesScreenshot=true, javascriptEnabled=true, cssSelectorsEnabled=true, unexpectedAlertBehaviour=}]
Session ID: 09f2e7c7d6beb51be5b177ea9c6fbe8d
*** Element info: {Using=xpath, value=//input[starts-with(@name,&apos;FROM-BTZ-ENTY_&apos;)]}
	at sun.reflect.NativeConstructorAccessorImpl.newInstance0(Native Method)
	at sun.reflect.NativeConstructorAccessorImpl.newInstance(NativeConstructorAccessorImpl.java:62)
	at sun.reflect.DelegatingConstructorAccessorImpl.newInstance(DelegatingConstructorAccessorImpl.java:45)
	at java.lang.reflect.Constructor.newInstance(Constructor.java:423)
	at org.openqa.selenium.remote.ErrorHandler.createThrowable(ErrorHandler.java:216)
	at org.openqa.selenium.remote.ErrorHandler.throwIfResponseFailed(ErrorHandler.java:168)
	at org.openqa.selenium.remote.RemoteWebDriver.execute(RemoteWebDriver.java:635)
	at org.openqa.selenium.remote.RemoteWebDriver.findElement(RemoteWebDriver.java:368)
	at org.openqa.selenium.remote.RemoteWebDriver.findElementByXPath(RemoteWebDriver.java:473)
	at org.openqa.selenium.By$ByXPath.findElement(By.java:361)
	at org.openqa.selenium.remote.RemoteWebDriver.findElement(RemoteWebDriver.java:360)
	at sun.reflect.GeneratedMethodAccessor5.invoke(Unknown Source)
	at sun.reflect.DelegatingMethodAccessorImpl.invoke(DelegatingMethodAccessorImpl.java:43)
	at java.lang.reflect.Method.invoke(Method.java:498)
	at org.openqa.selenium.support.events.EventFiringWebDriver$2.invoke(EventFiringWebDriver.java:103)
	at com.sun.proxy.$Proxy9.findElement(Unknown Source)
	at org.openqa.selenium.support.events.EventFiringWebDriver.findElement(EventFiringWebDriver.java:187)
	at com.adv.qa.selenium.framework.pageObjects.currency.CurrencyPage.enterICARelationShip(CurrencyPage.java:5105)
	at com.adv.qa.selenium.tests.currency.A037_ICA_Default_Trading_RelationshipsTest.verify(A037_ICA_Default_Trading_RelationshipsTest.java:63)
	at sun.reflect.NativeMethodAccessorImpl.invoke0(Native Method)
	at sun.reflect.NativeMethodAccessorImpl.invoke(NativeMethodAccessorImpl.java:62)
	at sun.reflect.DelegatingMethodAccessorImpl.invoke(DelegatingMethodAccessorImpl.java:43)
	at java.lang.reflect.Method.invoke(Method.java:498)
	at org.testng.internal.MethodInvocationHelper.invokeMethod(MethodInvocationHelper.java:108)
	at org.testng.internal.InvokeMethodRunnable.runOne(InvokeMethodRunnable.java:54)
	at org.testng.internal.InvokeMethodRunnable.run(InvokeMethodRunnable.java:44)
	at java.util.concurrent.Executors$RunnableAdapter.call(Executors.java:511)
	at java.util.concurrent.FutureTask.run(FutureTask.java:266)
	at java.util.concurrent.ThreadPoolExecutor.runWorker(ThreadPoolExecutor.java:1142)
	at java.util.concurrent.ThreadPoolExecutor$Worker.run(ThreadPoolExecutor.java:617)
	at java.lang.Thread.run(Thread.java:745)
</div>
</td></tr>
</table>
<p class="totop"><a href="#summary">back to summary</a></p>
<h2 id="m15">com.adv.qa.selenium.tests.currency.A033_Analysis_CodeTest:verify</h2>
<table cellspacing="0" cellpadding="0" class="result">
<tr class="param"><th>Parameter #1</th></tr>
<tr class="param stripe"><td>[DataUnit [userName = EXPED], DataUnit [passWord = E5], DataUnit [code = EBD], DataUnit [values = 0], DataUnit [avManagementCode = AV], DataUnit [avManagementCode = Home Cinema], DataUnit [avManagementCode = AV], DataUnit [avManagementCode = 0.0], DataUnit [avManagementCode = NORTH], DataUnit [avManagementCode = Warning], DataUnit [avManagementCode = Warning], DataUnit [hiFIManagementCode = HiFi], DataUnit [hiFIManagementCode = HiFi], DataUnit [hiFIManagementCode = HiFi], DataUnit [hiFIManagementCode = 0.0], DataUnit [hiFIManagementCode = NORTH], DataUnit [hiFIManagementCode = Warning], DataUnit [hiFIManagementCode = Warning]]</td>
</tr>
</table>
<p class="totop"><a href="#summary">back to summary</a></p>
<h2 id="m16">com.adv.qa.selenium.tests.currency.A032_Management_Code_and_PathKeyNewParetTest:verify</h2>
<table cellspacing="0" cellpadding="0" class="result">
<tr class="param"><th>Parameter #1</th></tr>
<tr class="param stripe"><td>[DataUnit [userName = ADMIN], DataUnit [passWord = E5], DataUnit [currencyCode = ECG], DataUnit [pathKeyN1 = 00], DataUnit [pathKeyN1 = 2], DataUnit [pathKeyN1 = N1], DataUnit [pathKeyN1 = NORTH], DataUnit [pathKeyN2 = 00], DataUnit [pathKeyN2 = 2], DataUnit [pathKeyN2 = N2], DataUnit [pathKeyN2 = NORTH], DataUnit [pathKeyS1 = 00], DataUnit [pathKeyS1 = 2], DataUnit [pathKeyS1 = S1], DataUnit [pathKeyS1 = SOUTH], DataUnit [pathKeyE1 = 00], DataUnit [pathKeyE1 = 2], DataUnit [pathKeyE1 = E1], DataUnit [pathKeyE1 = EAST], DataUnit [pathKeyW1 = 00], DataUnit [pathKeyW1 = 2], DataUnit [pathKeyW1 = W1], DataUnit [pathKeyW1 = WEST], DataUnit [pathKeyNBTZ = 00], DataUnit [pathKeyNBTZ = 2], DataUnit [pathKeyNBTZ = NBTZ], DataUnit [pathKeyNBTZ = NORTH], DataUnit [pathKeySBTZ = 00], DataUnit [pathKeySBTZ = 2], DataUnit [pathKeySBTZ = SBTZ], DataUnit [pathKeySBTZ = SOUTH], DataUnit [pathKeyEBTZ = 00], DataUnit [pathKeyEBTZ = 2], DataUnit [pathKeyEBTZ = EBTZ], DataUnit [pathKeyEBTZ = EAST], DataUnit [pathKeyWBTZ = 00], DataUnit [pathKeyWBTZ = 2], DataUnit [pathKeyWBTZ = WBTZ], DataUnit [pathKeyWBTZ = WEST]]</td>
</tr>
</table>
<p class="totop"><a href="#summary">back to summary</a></p>
<h1>suite20</h1>
<h2 id="m17">com.adv.qa.selenium.tests.currency.A038_Process_EP2Test:verify</h2>
<table cellspacing="0" cellpadding="0" class="result">
<tr class="param"><th>Parameter #1</th></tr>
<tr class="param stripe"><td>[DataUnit [userName = IM], DataUnit [passWord = E5]]</td>
</tr>
<tr><td>
<div class="stacktrace">java.lang.IndexOutOfBoundsException: Index: 0, Size: 0
	at java.util.ArrayList.rangeCheck(ArrayList.java:653)
	at java.util.ArrayList.get(ArrayList.java:429)
	at com.adv.qa.selenium.tests.currency.A038_Process_EP2Test.verify(A038_Process_EP2Test.java:49)
	at sun.reflect.NativeMethodAccessorImpl.invoke0(Native Method)
	at sun.reflect.NativeMethodAccessorImpl.invoke(NativeMethodAccessorImpl.java:62)
	at sun.reflect.DelegatingMethodAccessorImpl.invoke(DelegatingMethodAccessorImpl.java:43)
	at java.lang.reflect.Method.invoke(Method.java:498)
	at org.testng.internal.MethodInvocationHelper.invokeMethod(MethodInvocationHelper.java:108)
	at org.testng.internal.InvokeMethodRunnable.runOne(InvokeMethodRunnable.java:54)
	at org.testng.internal.InvokeMethodRunnable.run(InvokeMethodRunnable.java:44)
	at java.util.concurrent.Executors$RunnableAdapter.call(Executors.java:511)
	at java.util.concurrent.FutureTask.run(FutureTask.java:266)
	at java.util.concurrent.ThreadPoolExecutor.runWorker(ThreadPoolExecutor.java:1142)
	at java.util.concurrent.ThreadPoolExecutor$Worker.run(ThreadPoolExecutor.java:617)
	at java.lang.Thread.run(Thread.java:745)
</div>
</td></tr>
</table>
<p class="totop"><a href="#summary">back to summary</a></p>
<h2 id="m18">com.adv.qa.selenium.tests.currency.A039_EnquiryTest:verify</h2>
<table cellspacing="0" cellpadding="0" class="result">
<tr class="param"><th>Parameter #1</th></tr>
<tr class="param stripe"><td>[DataUnit [userName = EMPLOYEE], DataUnit [passWord = E5], DataUnit [code = EJI], DataUnit [company = IM], DataUnit [aGroup = LAY1], DataUnit [aGroup = A], DataUnit [aGroup = B/S Group A], DataUnit [aGroup = 02 Category A02], DataUnit [aGroup = B/S Group A Expenses Total], DataUnit [aGroup = Running Total], DataUnit [aGroup = 0.00], DataUnit [aGroup = 0.00], DataUnit [aGroup = 0.00], DataUnit [aGroup = 0.00], DataUnit [aGroup = 0.00], DataUnit [aGroup = 0.00], DataUnit [bGroup = LAY1], DataUnit [bGroup = B], DataUnit [bGroup = B/S Group B Purchasing], DataUnit [bGroup = 01 Purchasing Assets], DataUnit [bGroup = 02 PL Creditors], DataUnit [bGroup = 03 Purchasing CTLS], DataUnit [bGroup = 04 POP Accruals], DataUnit [bGroup = 08 Category B08], DataUnit [bGroup = B/S Group B Purchasing Total], DataUnit [bGroup = Running Total], DataUnit [bGroup = 0.00], DataUnit [bGroup = 0.00], DataUnit [bGroup = 0.00], DataUnit [bGroup = 0.00], DataUnit [bGroup = 0.00], DataUnit [bGroup = 0.00]]</td>
</tr>
</table>
<p class="totop"><a href="#summary">back to summary</a></p>
</body></html>
