<!DOCTYPE html PUBLIC "-//W3C//DTD XHTML 1.1//EN" "http://www.w3.org/TR/xhtml11/DTD/xhtml11.dtd">
<html xmlns="http://www.w3.org/1999/xhtml">
<head>
<title>TestNG Report</title>
<style type="text/css">
table {margin-bottom:10px;border-collapse:collapse;empty-cells:show}
td,th {border:1px solid #009;padding:.25em .5em}
.result th {vertical-align:bottom}
.param th {padding-left:1em;padding-right:1em}
.param td {padding-left:.5em;padding-right:2em}
.stripe td,.stripe th {background-color: #E6EBF9}
.numi,.numi_attn {text-align:right}
.total td {font-weight:bold}
.passedodd td {background-color: #0A0}
.passedeven td {background-color: #3F3}
.skippedodd td {background-color: #CCC}
.skippedodd td {background-color: #DDD}
.failedodd td,.numi_attn {background-color: #F33}
.failedeven td,.stripe .numi_attn {background-color: #D00}
.stacktrace {white-space:pre;font-family:monospace}
.totop {font-size:85%;text-align:center;border-bottom:2px solid #000}
</style>
</head>
<body>
<table cellspacing="0" cellpadding="0" class="testOverview">
<tr><th>Test</th><th>Methods<br/>Passed</th><th>Scenarios<br/>Passed</th><th># skipped</th><th># failed</th><th>Total<br/>Time</th><th>Included<br/>Groups</th><th>Excluded<br/>Groups</th></tr>
<tr><td style="text-align:left;padding-right:2em"><a href="#t1">Default test</a></td><td class="numi">0</td><td class="numi">0</td><td class="numi">0</td><td class="numi_attn">1</td><td class="numi">37.2 seconds</td><td class="numi"></td><td class="numi"></td></tr>
</table>
<table cellspacing="0" cellpadding="0" class="methodOverview" id="summary">
<tr><th>Class</th><th>Method</th><th># of<br/>Scenarios</th><th>Start</th><th>Time<br/>(ms)</th></tr>
<tr id="t1"><th colspan="5">Default test &#8212; failed (configuration methods)</th></tr>
<tr class="failedodd"><td>com.adv.qa.selenium.tests.currency.A018A_Ledger_Control_Nominals</td><td><a href="#m1"><b>tearDown</b>  </a></td><td class="numi">1</td><td>1497622083680</td><td class="numi">48</td></tr>
<tr><th colspan="5">Default test &#8212; failed</th></tr>
<tr class="failedodd"><td>com.adv.qa.selenium.tests.currency.A018A_Ledger_Control_Nominals</td><td><a href="#m2"><b>verify</b>  </a></td><td class="numi">1</td><td>1497622063506</td><td class="numi">20152</td></tr>
</table>
<h1>Default test</h1>
<h2 id="m1">com.adv.qa.selenium.tests.currency.A018A_Ledger_Control_Nominals:tearDown</h2>
<div>
<div class="stacktrace">org.openqa.selenium.NoSuchWindowException: Unable to get browser (WARNING: The server did not provide any stacktrace information)
Command duration or timeout: 6 milliseconds
Build info: version: &apos;3.0.1&apos;, revision: &apos;1969d75&apos;, time: &apos;2016-10-18 09:49:13 -0700&apos;
System info: host: &apos;ChetnaM-PC&apos;, ip: &apos;10.31.25.117&apos;, os.name: &apos;Windows 10&apos;, os.arch: &apos;amd64&apos;, os.version: &apos;10.0&apos;, java.version: &apos;1.8.0_112&apos;
Driver info: org.openqa.selenium.ie.InternetExplorerDriver
Capabilities [{browserAttachTimeout=0, ie.enableFullPageScreenshot=true, enablePersistentHover=true, ie.forceCreateProcessApi=false, ie.forceShellWindowsApi=false, pageLoadStrategy=normal, ignoreZoomSetting=false, ie.fileUploadDialogTimeout=3000, version=11, platform=WINDOWS, nativeEvents=true, ie.ensureCleanSession=false, elementScrollBehavior=0, ie.browserCommandLineSwitches=, requireWindowFocus=false, browserName=internet explorer, initialBrowserUrl=http://localhost:30126/, javascriptEnabled=true, ignoreProtectedModeSettings=false, enableElementCacheCleanup=true, unexpectedAlertBehaviour=dismiss}]
Session ID: 92da988d-9c4e-487a-8941-bf51a694f86a
	at sun.reflect.NativeConstructorAccessorImpl.newInstance0(Native Method)
	at sun.reflect.NativeConstructorAccessorImpl.newInstance(Unknown Source)
	at sun.reflect.DelegatingConstructorAccessorImpl.newInstance(Unknown Source)
	at java.lang.reflect.Constructor.newInstance(Unknown Source)
	at org.openqa.selenium.remote.ErrorHandler.createThrowable(ErrorHandler.java:216)
	at org.openqa.selenium.remote.ErrorHandler.throwIfResponseFailed(ErrorHandler.java:168)
	at org.openqa.selenium.remote.RemoteWebDriver.execute(RemoteWebDriver.java:635)
	at org.openqa.selenium.remote.RemoteWebDriver.execute(RemoteWebDriver.java:658)
	at org.openqa.selenium.remote.RemoteWebDriver$RemoteWebDriverOptions.deleteAllCookies(RemoteWebDriver.java:730)
	at org.openqa.selenium.support.events.EventFiringWebDriver$EventFiringOptions.deleteAllCookies(EventFiringWebDriver.java:525)
	at com.adv.qa.selenium.framework.BaseTest.tearDown(BaseTest.java:293)
	at com.adv.qa.selenium.tests.currency.A018A_Ledger_Control_Nominals.tearDown(A018A_Ledger_Control_Nominals.java:113)
	at sun.reflect.NativeMethodAccessorImpl.invoke0(Native Method)
	at sun.reflect.NativeMethodAccessorImpl.invoke(Unknown Source)
	at sun.reflect.DelegatingMethodAccessorImpl.invoke(Unknown Source)
	at java.lang.reflect.Method.invoke(Unknown Source)
	at org.testng.internal.MethodInvocationHelper.invokeMethod(MethodInvocationHelper.java:108)
	at org.testng.internal.Invoker.invokeConfigurationMethod(Invoker.java:523)
	at org.testng.internal.Invoker.invokeConfigurations(Invoker.java:224)
	at org.testng.internal.Invoker.invokeConfigurations(Invoker.java:146)
	at org.testng.internal.TestMethodWorker.invokeAfterClassMethods(TestMethodWorker.java:212)
	at org.testng.internal.TestMethodWorker.run(TestMethodWorker.java:112)
	at org.testng.TestRunner.privateRun(TestRunner.java:744)
	at org.testng.TestRunner.run(TestRunner.java:602)
	at org.testng.SuiteRunner.runTest(SuiteRunner.java:380)
	at org.testng.SuiteRunner.runSequentially(SuiteRunner.java:375)
	at org.testng.SuiteRunner.privateRun(SuiteRunner.java:340)
	at org.testng.SuiteRunner.run(SuiteRunner.java:289)
	at org.testng.SuiteRunnerWorker.runSuite(SuiteRunnerWorker.java:52)
	at org.testng.SuiteRunnerWorker.run(SuiteRunnerWorker.java:86)
	at org.testng.TestNG.runSuitesSequentially(TestNG.java:1301)
	at org.testng.TestNG.runSuitesLocally(TestNG.java:1226)
	at org.testng.TestNG.runSuites(TestNG.java:1144)
	at org.testng.TestNG.run(TestNG.java:1115)
	at org.testng.remote.AbstractRemoteTestNG.run(AbstractRemoteTestNG.java:132)
	at org.testng.remote.RemoteTestNG.initAndRun(RemoteTestNG.java:230)
	at org.testng.remote.RemoteTestNG.main(RemoteTestNG.java:76)
</div>
</div>
<p class="totop"><a href="#summary">back to summary</a></p>
<h2 id="m2">com.adv.qa.selenium.tests.currency.A018A_Ledger_Control_Nominals:verify</h2>
<table cellspacing="0" cellpadding="0" class="result">
<tr class="param"><th>Parameter #1</th></tr>
<tr class="param stripe"><td>[DataUnit [userName = BM1], DataUnit [passWord = E5], DataUnit [code = EBA], DataUnit [nominal6500 = 6500], DataUnit [nominal6500 = Electricity Account], DataUnit [nominal6500 = A], DataUnit [nominal6500 = 02], DataUnit [nominal6500 = Balance Sheet], DataUnit [nominal6500 = Both], DataUnit [nominal6500 = A], DataUnit [nominal6500 = GBP], DataUnit [nominal6500 = Base], DataUnit [nominal6500 = 0], DataUnit [nominalBANKR = BANKR], DataUnit [nominalBANKR = bank rec bank], DataUnit [nominalBANKR = A], DataUnit [nominalBANKR = 02], DataUnit [nominalBANKR = Balance Sheet], DataUnit [nominalBANKR = Both], DataUnit [nominalBANKR = A], DataUnit [nominalBANKR = ***], DataUnit [nominalBANKR = Both], DataUnit [nominalBANKR = 0], DataUnit [nominalBANKR1 = BANKR1], DataUnit [nominalBANKR1 = bank rec bank], DataUnit [nominalBANKR1 = A], DataUnit [nominalBANKR1 = 02], DataUnit [nominalBANKR1 = Balance Sheet], DataUnit [nominalBANKR1 = Both], DataUnit [nominalBANKR1 = A], DataUnit [nominalBANKR1 = ***], DataUnit [nominalBANKR1 = Both], DataUnit [nominalBANKR1 = 0], DataUnit [nominalBANKR2 = BANKR2], DataUnit [nominalBANKR2 = bank rec bank], DataUnit [nominalBANKR2 = A], DataUnit [nominalBANKR2 = 02], DataUnit [nominalBANKR2 = Balance Sheet], DataUnit [nominalBANKR2 = Both], DataUnit [nominalBANKR2 = A], DataUnit [nominalBANKR2 = ***], DataUnit [nominalBANKR2 = Both], DataUnit [nominalBANKR2 = 0], DataUnit [nominal2000 = 2000], DataUnit [nominal2000 = Creditors Control], DataUnit [nominal2000 = B], DataUnit [nominal2000 = 02], DataUnit [nominal2000 = Balance Sheet], DataUnit [nominal2000 = Both], DataUnit [nominal2000 = A], DataUnit [nominal2000 = ***], DataUnit [nominal2000 = Both], DataUnit [nominal2000 = 0], DataUnit [nominal5000 = 5000], DataUnit [nominal5000 = Discount Receivable], DataUnit [nominal5000 = T], DataUnit [nominal5000 = 04], DataUnit [nominal5000 = Profit &amp; Loss], DataUnit [nominal5000 = Both], DataUnit [nominal5000 = A], DataUnit [nominal5000 = ***], DataUnit [nominal5000 = Both], DataUnit [nominal5000 = 0], DataUnit [nominal5050 = 5050], DataUnit [nominal5050 = Bank Charges], DataUnit [nominal5050 = T], DataUnit [nominal5050 = 04], DataUnit [nominal5050 = Profit &amp; Loss], DataUnit [nominal5050 = Both], DataUnit [nominal5050 = A], DataUnit [nominal5050 = ***], DataUnit [nominal5050 = Both], DataUnit [nominal5050 = 0], DataUnit [nominal2150 = 2150], DataUnit [nominal2150 = VAT Suspense], DataUnit [nominal2150 = B], DataUnit [nominal2150 = 03], DataUnit [nominal2150 = Balance Sheet], DataUnit [nominal2150 = Both], DataUnit [nominal2150 = A], DataUnit [nominal2150 = ***], DataUnit [nominal2150 = Both], DataUnit [nominal2150 = 0], DataUnit [nominalSTKR = STKR], DataUnit [nominalSTKR = IM Stock Revaluation], DataUnit [nominalSTKR = I], DataUnit [nominalSTKR = 02], DataUnit [nominalSTKR = Balance Sheet], DataUnit [nominalSTKR = Both], DataUnit [nominalSTKR = A], DataUnit [nominalSTKR = ***], DataUnit [nominalSTKR = Both], DataUnit [nominalSTKR = 0]]</td>
</tr>
<tr><td>
<div class="stacktrace">org.openqa.selenium.NoSuchWindowException: Unable to get browser (WARNING: The server did not provide any stacktrace information)
Command duration or timeout: 5 milliseconds
Build info: version: &apos;3.0.1&apos;, revision: &apos;1969d75&apos;, time: &apos;2016-10-18 09:49:13 -0700&apos;
System info: host: &apos;ChetnaM-PC&apos;, ip: &apos;10.31.25.117&apos;, os.name: &apos;Windows 10&apos;, os.arch: &apos;amd64&apos;, os.version: &apos;10.0&apos;, java.version: &apos;1.8.0_112&apos;
Driver info: org.openqa.selenium.ie.InternetExplorerDriver
Capabilities [{browserAttachTimeout=0, ie.enableFullPageScreenshot=true, enablePersistentHover=true, ie.forceCreateProcessApi=false, ie.forceShellWindowsApi=false, pageLoadStrategy=normal, ignoreZoomSetting=false, ie.fileUploadDialogTimeout=3000, version=11, platform=WINDOWS, nativeEvents=true, ie.ensureCleanSession=false, elementScrollBehavior=0, ie.browserCommandLineSwitches=, requireWindowFocus=false, browserName=internet explorer, initialBrowserUrl=http://localhost:30126/, javascriptEnabled=true, ignoreProtectedModeSettings=false, enableElementCacheCleanup=true, unexpectedAlertBehaviour=dismiss}]
Session ID: 92da988d-9c4e-487a-8941-bf51a694f86a
	at sun.reflect.NativeConstructorAccessorImpl.newInstance0(Native Method)
	at sun.reflect.NativeConstructorAccessorImpl.newInstance(Unknown Source)
	at sun.reflect.DelegatingConstructorAccessorImpl.newInstance(Unknown Source)
	at java.lang.reflect.Constructor.newInstance(Unknown Source)
	at org.openqa.selenium.remote.ErrorHandler.createThrowable(ErrorHandler.java:216)
	at org.openqa.selenium.remote.ErrorHandler.throwIfResponseFailed(ErrorHandler.java:168)
	at org.openqa.selenium.remote.RemoteWebDriver.execute(RemoteWebDriver.java:635)
	at org.openqa.selenium.remote.RemoteWebDriver.execute(RemoteWebDriver.java:658)
	at org.openqa.selenium.ie.InternetExplorerDriver.getScreenshotAs(InternetExplorerDriver.java:192)
	at com.adv.qa.selenium.helpers.WebDriverEventListenerTest.onException(WebDriverEventListenerTest.java:25)
	at sun.reflect.NativeMethodAccessorImpl.invoke0(Native Method)
	at sun.reflect.NativeMethodAccessorImpl.invoke(Unknown Source)
	at sun.reflect.DelegatingMethodAccessorImpl.invoke(Unknown Source)
	at java.lang.reflect.Method.invoke(Unknown Source)
	at org.openqa.selenium.support.events.EventFiringWebDriver$1.invoke(EventFiringWebDriver.java:80)
	at com.sun.proxy.$Proxy8.onException(Unknown Source)
	at org.openqa.selenium.support.events.EventFiringWebDriver$2.invoke(EventFiringWebDriver.java:105)
	at com.sun.proxy.$Proxy9.findElement(Unknown Source)
	at org.openqa.selenium.support.events.EventFiringWebDriver.findElement(EventFiringWebDriver.java:187)
	at com.adv.qa.selenium.framework.pageObjects.currency.CurrencyPage.getSecondHeader(CurrencyPage.java:263)
	at com.adv.qa.selenium.framework.pageObjects.currency.CurrencyPage.getTableHeader(CurrencyPage.java:275)
	at com.adv.qa.selenium.tests.currency.A018A_Ledger_Control_Nominals.verify(A018A_Ledger_Control_Nominals.java:61)
	at sun.reflect.NativeMethodAccessorImpl.invoke0(Native Method)
	at sun.reflect.NativeMethodAccessorImpl.invoke(Unknown Source)
	at sun.reflect.DelegatingMethodAccessorImpl.invoke(Unknown Source)
	at java.lang.reflect.Method.invoke(Unknown Source)
	at org.testng.internal.MethodInvocationHelper.invokeMethod(MethodInvocationHelper.java:108)
	at org.testng.internal.Invoker.invokeMethod(Invoker.java:661)
	at org.testng.internal.Invoker.invokeTestMethod(Invoker.java:869)
	at org.testng.internal.Invoker.invokeTestMethods(Invoker.java:1193)
	at org.testng.internal.TestMethodWorker.invokeTestMethods(TestMethodWorker.java:126)
	at org.testng.internal.TestMethodWorker.run(TestMethodWorker.java:109)
	at org.testng.TestRunner.privateRun(TestRunner.java:744)
	at org.testng.TestRunner.run(TestRunner.java:602)
	at org.testng.SuiteRunner.runTest(SuiteRunner.java:380)
	at org.testng.SuiteRunner.runSequentially(SuiteRunner.java:375)
	at org.testng.SuiteRunner.privateRun(SuiteRunner.java:340)
	at org.testng.SuiteRunner.run(SuiteRunner.java:289)
	at org.testng.SuiteRunnerWorker.runSuite(SuiteRunnerWorker.java:52)
	at org.testng.SuiteRunnerWorker.run(SuiteRunnerWorker.java:86)
	at org.testng.TestNG.runSuitesSequentially(TestNG.java:1301)
	at org.testng.TestNG.runSuitesLocally(TestNG.java:1226)
	at org.testng.TestNG.runSuites(TestNG.java:1144)
	at org.testng.TestNG.run(TestNG.java:1115)
	at org.testng.remote.AbstractRemoteTestNG.run(AbstractRemoteTestNG.java:132)
	at org.testng.remote.RemoteTestNG.initAndRun(RemoteTestNG.java:230)
	at org.testng.remote.RemoteTestNG.main(RemoteTestNG.java:76)
</div>
</td></tr>
</table>
<p class="totop"><a href="#summary">back to summary</a></p>
</body></html>
