<!DOCTYPE html PUBLIC "-//W3C//DTD XHTML 1.1//EN" "http://www.w3.org/TR/xhtml11/DTD/xhtml11.dtd">
<html xmlns="http://www.w3.org/1999/xhtml">
<head>
<title>TestNG Report</title>
<style type="text/css">
table {margin-bottom:10px;border-collapse:collapse;empty-cells:show}
td,th {border:1px solid #009;padding:.25em .5em}
.result th {vertical-align:bottom}
.param th {padding-left:1em;padding-right:1em}
.param td {padding-left:.5em;padding-right:2em}
.stripe td,.stripe th {background-color: #E6EBF9}
.numi,.numi_attn {text-align:right}
.total td {font-weight:bold}
.passedodd td {background-color: #0A0}
.passedeven td {background-color: #3F3}
.skippedodd td {background-color: #CCC}
.skippedodd td {background-color: #DDD}
.failedodd td,.numi_attn {background-color: #F33}
.failedeven td,.stripe .numi_attn {background-color: #D00}
.stacktrace {white-space:pre;font-family:monospace}
.totop {font-size:85%;text-align:center;border-bottom:2px solid #000}
</style>
</head>
<body>
<table cellspacing="0" cellpadding="0" class="testOverview">
<tr><th>Test</th><th>Methods<br/>Passed</th><th>Scenarios<br/>Passed</th><th># skipped</th><th># failed</th><th>Total<br/>Time</th><th>Included<br/>Groups</th><th>Excluded<br/>Groups</th></tr>
<tr><td style="text-align:left;padding-right:2em"><a href="#t1">suite1</a></td><td class="numi">1</td><td class="numi">1</td><td class="numi">0</td><td class="numi_attn">1</td><td class="numi">608.9 seconds</td><td class="numi"></td><td class="numi"></td></tr>
<tr class="stripe"><td style="text-align:left;padding-right:2em"><a href="#t2">suite2</a></td><td class="numi">4</td><td class="numi">4</td><td class="numi">0</td><td class="numi">0</td><td class="numi">1,259.3 seconds</td><td class="numi"></td><td class="numi"></td></tr>
<tr><td style="text-align:left;padding-right:2em"><a href="#t3">suite3</a></td><td class="numi">1</td><td class="numi">1</td><td class="numi">0</td><td class="numi_attn">3</td><td class="numi">675.0 seconds</td><td class="numi"></td><td class="numi"></td></tr>
<tr class="stripe"><td style="text-align:left;padding-right:2em"><a href="#t4">suite4</a></td><td class="numi">5</td><td class="numi">5</td><td class="numi">0</td><td class="numi">0</td><td class="numi">926.4 seconds</td><td class="numi"></td><td class="numi"></td></tr>
<tr class="total"><td>Total</td>
<td class="numi">11</td><td class="numi">11</td><td class="numi">0</td><td class="numi_attn">4</td><td class="numi">3,469.6 seconds</td><td colspan="2">&nbsp;</td></tr>
</table>
<table cellspacing="0" cellpadding="0" class="methodOverview" id="summary">
<tr><th>Class</th><th>Method</th><th># of<br/>Scenarios</th><th>Start</th><th>Time<br/>(ms)</th></tr>
<tr id="t1"><th colspan="5">suite1 &#8212; failed</th></tr>
<tr class="failedodd"><td>com.adv.qa.selenium.tests.currency.phase2.A044_TAX_Rates_by_Tax_CodesTest</td><td><a href="#m1"><b>verify</b>  </a></td><td class="numi">1</td><td>1501516666791</td><td class="numi">43162</td></tr>
<tr><th colspan="5">suite1 &#8212; passed</th></tr>
<tr class="passedodd"><td>com.adv.qa.selenium.tests.currency.phase2.A043_Insert_Tax_CodesTest</td><td><a href="#m2"><b>verify</b>  </a></td><td class="numi">1</td><td>1501516114834</td><td class="numi">544018</td></tr>
<tr id="t2"><th colspan="5">suite2 &#8212; passed</th></tr>
<tr class="passedodd"><td>com.adv.qa.selenium.tests.currency.phase2.A045_BACS_CalendarTest</td><td><a href="#m3"><b>verify</b>  </a></td><td class="numi">1</td><td>1501516722823</td><td class="numi">333056</td></tr>
<tr class="passedeven"><td>com.adv.qa.selenium.tests.currency.phase2.A046_Bank_Account_Names_for_PurchasingTest</td><td><a href="#m4"><b>verify</b>  </a></td><td class="numi">1</td><td>1501517063671</td><td class="numi">185300</td></tr>
<tr class="passedodd"><td>com.adv.qa.selenium.tests.currency.phase2.A047_Accounts_Payable_Batch_TypesTest</td><td><a href="#m5"><b>verify</b>  </a></td><td class="numi">1</td><td>1501517256688</td><td class="numi">402114</td></tr>
<tr class="passedeven"><td>com.adv.qa.selenium.tests.currency.phase2.A048_UOMTest</td><td><a href="#m6"><b>verify</b>  </a></td><td class="numi">1</td><td>1501517666583</td><td class="numi">307876</td></tr>
<tr id="t3"><th colspan="5">suite3 &#8212; failed</th></tr>
<tr class="failedodd"><td>com.adv.qa.selenium.tests.currency.phase2.A049_Common_Purchasing_Company_ControlsTest</td><td><a href="#m7"><b>verify</b>  </a></td><td class="numi">1</td><td>1501517982204</td><td class="numi">96244</td></tr>
<tr class="failedeven"><td>com.adv.qa.selenium.tests.currency.phase2.A050_Accounts_Payable_Control_AccountsTest</td><td><a href="#m8"><b>verify</b>  </a></td><td class="numi">1</td><td>1501518091251</td><td class="numi">104077</td></tr>
<tr class="failedodd"><td>com.adv.qa.selenium.tests.currency.phase2.A051_Purchase_Ledger_Bank_CodesTest</td><td><a href="#m9"><b>verify</b>  </a></td><td class="numi">1</td><td>1501518541943</td><td class="numi">102221</td></tr>
<tr><th colspan="5">suite3 &#8212; passed</th></tr>
<tr class="passedodd"><td>com.adv.qa.selenium.tests.currency.phase2.A051A_Purchase_Ledger_Bank_CodesTest</td><td><a href="#m10"><b>verify</b>  </a></td><td class="numi">1</td><td>1501518208193</td><td class="numi">325578</td></tr>
<tr id="t4"><th colspan="5">suite4 &#8212; passed</th></tr>
<tr class="passedodd"><td>com.adv.qa.selenium.tests.currency.phase2.A052_Tax_AccountsTest</td><td><a href="#m11"><b>verify</b>  </a></td><td class="numi">1</td><td>1501518657159</td><td class="numi">123703</td></tr>
<tr class="passedeven"><td>com.adv.qa.selenium.tests.currency.phase2.A053_Category_CodeTest</td><td><a href="#m12"><b>verify</b>  </a></td><td class="numi">1</td><td>1501518788685</td><td class="numi">109741</td></tr>
<tr class="passedodd"><td>com.adv.qa.selenium.tests.currency.phase2.A054_Discount_TermsTest</td><td><a href="#m13"><b>verify</b>  </a></td><td class="numi">1</td><td>1501518906115</td><td class="numi">113838</td></tr>
<tr class="passedeven"><td>com.adv.qa.selenium.tests.currency.phase2.A055_Settlement_TermsTest</td><td><a href="#m14"><b>verify</b>  </a></td><td class="numi">1</td><td>1501519027631</td><td class="numi">168340</td></tr>
<tr class="passedodd"><td>com.adv.qa.selenium.tests.currency.phase2.A056A_System_Assigned_Batch_Numbers_In_AP</td><td><a href="#m15"><b>verify</b>  </a></td><td class="numi">1</td><td>1501519203635</td><td class="numi">372251</td></tr>
</table>
<h1>suite1</h1>
<h2 id="m1">com.adv.qa.selenium.tests.currency.phase2.A044_TAX_Rates_by_Tax_CodesTest:verify</h2>
<table cellspacing="0" cellpadding="0" class="result">
<tr class="param"><th>Parameter #1</th></tr>
<tr class="param stripe"><td>[DataUnit [userName = IM], DataUnit [passWord = E5], DataUnit [currencyCode = RAN], DataUnit [sType = UKS], DataUnit [sType = 01 Jan 2000], DataUnit [sType = UK], DataUnit [sType = S], DataUnit [sType = 17.50], DataUnit [zType = UKZ], DataUnit [zType = 01 Jan 2000], DataUnit [zType = UK], DataUnit [zType = Z], DataUnit [zType = 0.00], DataUnit [eType = UKE], DataUnit [eType = 01 Jan 2000], DataUnit [eType = UK], DataUnit [eType = E], DataUnit [eType = 0.00], DataUnit [vType = UKV], DataUnit [vType = 01 Jan 2000], DataUnit [vType = UK], DataUnit [vType = V], DataUnit [vType = 0.00]]</td>
</tr>
<tr><td>
<div class="stacktrace">java.lang.AssertionError: Tax rate UKE not  Created Successfully expected [true] but found [false]
	at org.testng.Assert.fail(Assert.java:93)
	at org.testng.Assert.failNotEquals(Assert.java:512)
	at org.testng.Assert.assertTrue(Assert.java:41)
	at com.adv.qa.selenium.framework.Assert.assertTrue(Assert.java:43)
	at com.adv.qa.selenium.tests.currency.phase2.A044_TAX_Rates_by_Tax_CodesTest.insertTaxCode(A044_TAX_Rates_by_Tax_CodesTest.java:76)
	at com.adv.qa.selenium.tests.currency.phase2.A044_TAX_Rates_by_Tax_CodesTest.verify(A044_TAX_Rates_by_Tax_CodesTest.java:51)
	at sun.reflect.NativeMethodAccessorImpl.invoke0(Native Method)
	at sun.reflect.NativeMethodAccessorImpl.invoke(NativeMethodAccessorImpl.java:62)
	at sun.reflect.DelegatingMethodAccessorImpl.invoke(DelegatingMethodAccessorImpl.java:43)
	at java.lang.reflect.Method.invoke(Method.java:498)
	at org.testng.internal.MethodInvocationHelper.invokeMethod(MethodInvocationHelper.java:108)
	at org.testng.internal.InvokeMethodRunnable.runOne(InvokeMethodRunnable.java:54)
	at org.testng.internal.InvokeMethodRunnable.run(InvokeMethodRunnable.java:44)
	at java.util.concurrent.Executors$RunnableAdapter.call(Executors.java:511)
	at java.util.concurrent.FutureTask.run(FutureTask.java:266)
	at java.util.concurrent.ThreadPoolExecutor.runWorker(ThreadPoolExecutor.java:1142)
	at java.util.concurrent.ThreadPoolExecutor$Worker.run(ThreadPoolExecutor.java:617)
	at java.lang.Thread.run(Thread.java:745)
</div>
</td></tr>
</table>
<p class="totop"><a href="#summary">back to summary</a></p>
<h2 id="m2">com.adv.qa.selenium.tests.currency.phase2.A043_Insert_Tax_CodesTest:verify</h2>
<table cellspacing="0" cellpadding="0" class="result">
<tr class="param"><th>Parameter #1</th></tr>
<tr class="param stripe"><td>[DataUnit [userName = MANAGER], DataUnit [passWord = E5], DataUnit [currencyCode = RAI], DataUnit [currencyCode = RAH], DataUnit [currencyCode = RAJ], DataUnit [currencyCode = RAD], DataUnit [eType = E], DataUnit [eType = Exempt], DataUnit [eType = 0.00], DataUnit [eType = 0.00], DataUnit [eType = 1], DataUnit [sType = S], DataUnit [sType = Standard], DataUnit [sType = 1.00], DataUnit [sType = 1.00], DataUnit [sType = 0], DataUnit [vType = V], DataUnit [vType = VAT Variance], DataUnit [vType = 1.00], DataUnit [vType = 1.00], DataUnit [vType = 0], DataUnit [zType = Z], DataUnit [zType = Zero Rated], DataUnit [zType = 0.00], DataUnit [zType = 0.00], DataUnit [zType = 0], DataUnit [location = UK], DataUnit [location = United Kingdom, London], DataUnit [location = 1], DataUnit [location = Ditton Park, Riding Court Road,], DataUnit [location = Datchet, Slough, Berkshire, SL3 9LL], DataUnit [ukeTaxCode = UKE], DataUnit [ukeTaxCode = UK Exempt], DataUnit [ukeTaxCode = UK], DataUnit [ukeTaxCode = E], DataUnit [uksTaxCode = UKS], DataUnit [uksTaxCode = UK Standard], DataUnit [uksTaxCode = UK], DataUnit [uksTaxCode = S], DataUnit [ukvTaxCode = UKV], DataUnit [ukvTaxCode = UK VAT Variance], DataUnit [ukvTaxCode = UK], DataUnit [ukvTaxCode = V], DataUnit [ukzTaxCode = UKZ], DataUnit [ukzTaxCode = UK Zero Rated], DataUnit [ukzTaxCode = UK], DataUnit [ukzTaxCode = Z]]</td>
</tr>
</table>
<p class="totop"><a href="#summary">back to summary</a></p>
<h1>suite2</h1>
<h2 id="m3">com.adv.qa.selenium.tests.currency.phase2.A046_Bank_Account_Names_for_PurchasingTest:verify</h2>
<table cellspacing="0" cellpadding="0" class="result">
<tr class="param"><th>Parameter #1</th></tr>
<tr class="param stripe"><td>[DataUnit [userName = QUERY], DataUnit [passWord = E5], DataUnit [currencyCode = AKY], DataUnit [bankName = UK], DataUnit [bankName1 = UK], DataUnit [bankName1 = 05-02-86], DataUnit [bankName1 = Yorkshire Bank], DataUnit [bankName1 = 118-120 York Road], DataUnit [bankName1 = Hartlepool], DataUnit [bankName1 = Cleveland], DataUnit [bankName1 = TS24 9PL], DataUnit [bankName2 = UK], DataUnit [bankName2 = 20-34-41], DataUnit [bankName2 = Barclays Bank Hartlepool], DataUnit [bankName2 = 110 York Road], DataUnit [bankName2 = Hartlepool], DataUnit [bankName2 = NILL], DataUnit [bankName2 = NILL], DataUnit [bankName3 = UK], DataUnit [bankName3 = 40-52-98], DataUnit [bankName3 = HSBC Hartlepool], DataUnit [bankName3 = 123 York Road], DataUnit [bankName3 = Hartlepool], DataUnit [bankName3 = NILL], DataUnit [bankName3 = NILL]]</td>
</tr>
</table>
<p class="totop"><a href="#summary">back to summary</a></p>
<h2 id="m4">com.adv.qa.selenium.tests.currency.phase2.A047_Accounts_Payable_Batch_TypesTest:verify</h2>
<table cellspacing="0" cellpadding="0" class="result">
<tr class="param"><th>Parameter #1</th></tr>
<tr class="param stripe"><td>[DataUnit [userName = MANAGER], DataUnit [passWord = E5], DataUnit [currencyCode = AKL], DataUnit [currencyCode = AKK], DataUnit [company = 09], DataUnit [company = %P%], DataUnit [batchTypePDE1 = PDE1], DataUnit [batchTypePDE1 = AP Default Batch Type], DataUnit [batchTypePDE1 = IM], DataUnit [batchTypePDE1 = Immediate], DataUnit [batchTypePDE1 = 0], DataUnit [batchTypePDE1 = 1], DataUnit [batchTypePDE1 = 1], DataUnit [batchTypePDE1 = 1], DataUnit [batchTypePDE1 = NILL], DataUnit [batchTypePDE1 = Warning], DataUnit [batchTypePDE2 = PDE2], DataUnit [batchTypePDE2 = Logged Transactions], DataUnit [batchTypePDE2 = IM], DataUnit [batchTypePDE2 = Immediate], DataUnit [batchTypePDE2 = 0], DataUnit [batchTypePDE2 = 1], DataUnit [batchTypePDE2 = 1], DataUnit [batchTypePDE2 = 1], DataUnit [batchTypePDE2 = NILL], DataUnit [batchTypePDE2 = Warning], DataUnit [batchTypePDE3 = PDE3], DataUnit [batchTypePDE3 = Entered Transactions], DataUnit [batchTypePDE3 = IM], DataUnit [batchTypePDE3 = Immediate], DataUnit [batchTypePDE3 = 0], DataUnit [batchTypePDE3 = 1], DataUnit [batchTypePDE3 = 1], DataUnit [batchTypePDE3 = 1], DataUnit [batchTypePDE3 = NILL], DataUnit [batchTypePDE3 = Warning], DataUnit [batchTypePDE4 = PDE4], DataUnit [batchTypePDE4 = Accepted Transactions], DataUnit [batchTypePDE4 = IM], DataUnit [batchTypePDE4 = Immediate], DataUnit [batchTypePDE4 = 0], DataUnit [batchTypePDE4 = 1], DataUnit [batchTypePDE4 = 1], DataUnit [batchTypePDE4 = 1], DataUnit [batchTypePDE4 = NILL], DataUnit [batchTypePDE4 = Warning], DataUnit [batchTypePDE5 = PDE5], DataUnit [batchTypePDE5 = Cancelled Transactions], DataUnit [batchTypePDE5 = IM], DataUnit [batchTypePDE5 = Immediate], DataUnit [batchTypePDE5 = 0], DataUnit [batchTypePDE5 = 1], DataUnit [batchTypePDE5 = 1], DataUnit [batchTypePDE5 = 1], DataUnit [batchTypePDE5 = NILL], DataUnit [batchTypePDE5 = Warning], DataUnit [batchTypePDE6 = PDE6], DataUnit [batchTypePDE6 = Payments], DataUnit [batchTypePDE6 = IM], DataUnit [batchTypePDE6 = Immediate], DataUnit [batchTypePDE6 = 0], DataUnit [batchTypePDE6 = 1], DataUnit [batchTypePDE6 = 1], DataUnit [batchTypePDE6 = 1], DataUnit [batchTypePDE6 = NILL], DataUnit [batchTypePDE6 = Warning], DataUnit [batchTypePDE7 = PDE7], DataUnit [batchTypePDE7 = VAT Analysis], DataUnit [batchTypePDE7 = IM], DataUnit [batchTypePDE7 = Immediate], DataUnit [batchTypePDE7 = 0], DataUnit [batchTypePDE7 = 1], DataUnit [batchTypePDE7 = 1], DataUnit [batchTypePDE7 = 1], DataUnit [batchTypePDE7 = NILL], DataUnit [batchTypePDE7 = Warning]]</td>
</tr>
</table>
<p class="totop"><a href="#summary">back to summary</a></p>
<h2 id="m5">com.adv.qa.selenium.tests.currency.phase2.A048_UOMTest:verify</h2>
<table cellspacing="0" cellpadding="0" class="result">
<tr class="param"><th>Parameter #1</th></tr>
<tr class="param stripe"><td>[DataUnit [userName = EMPLOYEE], DataUnit [passWord = E5], DataUnit [currencyCode = AKO], DataUnit [currencyCode = AKM], DataUnit [uomCodeBox = BOX], DataUnit [uomCodeBox = Box of 10 items], DataUnit [uomCodeBox = 1], DataUnit [uomCodeEach = EACH], DataUnit [uomCodeEach = 1 Item], DataUnit [uomCodeEach = 1], DataUnit [uomCodeDays = DAYS], DataUnit [uomCodeDays = Days], DataUnit [uomCodeDays = 1], DataUnit [uomCodeYear = YEAR], DataUnit [uomCodeYear = Year], DataUnit [uomCodeYear = 1], DataUnit [uomBaseForEach = EACH], DataUnit [uomBaseForEach = BOX], DataUnit [uomBaseForEach = 10.00000], DataUnit [uomBaseForEach = 0.10000], DataUnit [uomBaseForDays = DAYS], DataUnit [uomBaseForDays = YEAR], DataUnit [uomBaseForDays = 0.00274], DataUnit [uomBaseForDays = 365.00000]]</td>
</tr>
</table>
<p class="totop"><a href="#summary">back to summary</a></p>
<h2 id="m6">com.adv.qa.selenium.tests.currency.phase2.A045_BACS_CalendarTest:verify</h2>
<table cellspacing="0" cellpadding="0" class="result">
<tr class="param"><th>Parameter #1</th></tr>
<tr class="param stripe"><td>[DataUnit [userName = QUERY], DataUnit [passWord = E5], DataUnit [currencyCode = APA], DataUnit [calendarBACS = IMBACS], DataUnit [calendarBACS = BACS Calendar IM], DataUnit [calendarBACS = Friday], DataUnit [calendarBACS = 1996], DataUnit [calendarBACS = IMMON], DataUnit [calendarBACS = BACS], DataUnit [calendarBACS = 2016], DataUnit [calendarBACS = 2018], DataUnit [calendarOther = WORKING], DataUnit [calendarOther = Working Days Calendar], DataUnit [calendarOther = Friday], DataUnit [calendarOther = 1996], DataUnit [calendarOther = WORKING], DataUnit [calendarOther = Other], DataUnit [calendarOther = 2016], DataUnit [calendarOther = 2018]]</td>
</tr>
</table>
<p class="totop"><a href="#summary">back to summary</a></p>
<h1>suite3</h1>
<h2 id="m7">com.adv.qa.selenium.tests.currency.phase2.A051_Purchase_Ledger_Bank_CodesTest:verify</h2>
<table cellspacing="0" cellpadding="0" class="result">
<tr class="param"><th>Parameter #1</th></tr>
<tr class="param stripe"><td>[DataUnit [userName = QUERY], DataUnit [passWord = E5], DataUnit [currencyCode = GAG], DataUnit [bankCodeBP = BP], DataUnit [bankCodeBP = 01020304], DataUnit [bankCodeBP = Yorkshire Bank - Hartlepool], DataUnit [bankCodeBP = GBP], DataUnit [bankCodeBP = 05-02-86], DataUnit [bankCodeBP = 1550], DataUnit [bankCodeBP = W1], DataUnit [bankCodeB1 = B1], DataUnit [bankCodeB1 = 45236987], DataUnit [bankCodeB1 = Barclays Bank - Hartlepool], DataUnit [bankCodeB1 = GBP], DataUnit [bankCodeB1 = 05-02-86], DataUnit [bankCodeB1 = 1550], DataUnit [bankCodeB1 = W1], DataUnit [bankCodeH1 = H1], DataUnit [bankCodeH1 = 78568945], DataUnit [bankCodeH1 = HSBC - Hartlepool], DataUnit [bankCodeH1 = GBP], DataUnit [bankCodeH1 = 05-02-86], DataUnit [bankCodeH1 = 1550], DataUnit [bankCodeH1 = W1]]</td>
</tr>
<tr><td>
<div class="stacktrace">org.openqa.selenium.NoSuchElementException: Unable to find element with xpath == //input[starts-with(@name,&apos;BANK_&apos;)] (WARNING: The server did not provide any stacktrace information)
Command duration or timeout: 60.05 seconds
For documentation on this error, please visit: http://seleniumhq.org/exceptions/no_such_element.html
Build info: version: &apos;3.0.1&apos;, revision: &apos;1969d75&apos;, time: &apos;2016-10-18 09:49:13 -0700&apos;
System info: host: &apos;GHD-16313-D&apos;, ip: &apos;10.2.32.88&apos;, os.name: &apos;Windows 10&apos;, os.arch: &apos;amd64&apos;, os.version: &apos;10.0&apos;, java.version: &apos;1.8.0_112&apos;
Driver info: org.openqa.selenium.ie.InternetExplorerDriver
Capabilities [{browserAttachTimeout=0, ie.enableFullPageScreenshot=true, enablePersistentHover=true, ie.forceCreateProcessApi=false, ie.forceShellWindowsApi=false, pageLoadStrategy=normal, ignoreZoomSetting=false, ie.fileUploadDialogTimeout=3000, version=11, platform=WINDOWS, nativeEvents=true, ie.ensureCleanSession=false, elementScrollBehavior=0, ie.browserCommandLineSwitches=, requireWindowFocus=false, browserName=internet explorer, initialBrowserUrl=http://localhost:47694/, javascriptEnabled=true, ignoreProtectedModeSettings=false, enableElementCacheCleanup=true, unexpectedAlertBehaviour=dismiss}]
Session ID: 8fb4553d-9e20-4960-a8c4-5f512c47cc56
*** Element info: {Using=xpath, value=//input[starts-with(@name,&apos;BANK_&apos;)]}
	at sun.reflect.NativeConstructorAccessorImpl.newInstance0(Native Method)
	at sun.reflect.NativeConstructorAccessorImpl.newInstance(NativeConstructorAccessorImpl.java:62)
	at sun.reflect.DelegatingConstructorAccessorImpl.newInstance(DelegatingConstructorAccessorImpl.java:45)
	at java.lang.reflect.Constructor.newInstance(Constructor.java:423)
	at org.openqa.selenium.remote.ErrorHandler.createThrowable(ErrorHandler.java:216)
	at org.openqa.selenium.remote.ErrorHandler.throwIfResponseFailed(ErrorHandler.java:168)
	at org.openqa.selenium.remote.RemoteWebDriver.execute(RemoteWebDriver.java:635)
	at org.openqa.selenium.remote.RemoteWebDriver.findElement(RemoteWebDriver.java:368)
	at org.openqa.selenium.remote.RemoteWebDriver.findElementByXPath(RemoteWebDriver.java:473)
	at org.openqa.selenium.By$ByXPath.findElement(By.java:361)
	at org.openqa.selenium.remote.RemoteWebDriver.findElement(RemoteWebDriver.java:360)
	at sun.reflect.GeneratedMethodAccessor3.invoke(Unknown Source)
	at sun.reflect.DelegatingMethodAccessorImpl.invoke(DelegatingMethodAccessorImpl.java:43)
	at java.lang.reflect.Method.invoke(Method.java:498)
	at org.openqa.selenium.support.events.EventFiringWebDriver$2.invoke(EventFiringWebDriver.java:103)
	at com.sun.proxy.$Proxy9.findElement(Unknown Source)
	at org.openqa.selenium.support.events.EventFiringWebDriver.findElement(EventFiringWebDriver.java:187)
	at com.adv.qa.selenium.framework.pageObjects.currency.CurrencyPage.createBankAccount(CurrencyPage.java:7952)
	at com.adv.qa.selenium.tests.currency.phase2.A051_Purchase_Ledger_Bank_CodesTest.createBankCode(A051_Purchase_Ledger_Bank_CodesTest.java:78)
	at com.adv.qa.selenium.tests.currency.phase2.A051_Purchase_Ledger_Bank_CodesTest.verify(A051_Purchase_Ledger_Bank_CodesTest.java:60)
	at sun.reflect.NativeMethodAccessorImpl.invoke0(Native Method)
	at sun.reflect.NativeMethodAccessorImpl.invoke(NativeMethodAccessorImpl.java:62)
	at sun.reflect.DelegatingMethodAccessorImpl.invoke(DelegatingMethodAccessorImpl.java:43)
	at java.lang.reflect.Method.invoke(Method.java:498)
	at org.testng.internal.MethodInvocationHelper.invokeMethod(MethodInvocationHelper.java:108)
	at org.testng.internal.InvokeMethodRunnable.runOne(InvokeMethodRunnable.java:54)
	at org.testng.internal.InvokeMethodRunnable.run(InvokeMethodRunnable.java:44)
	at java.util.concurrent.Executors$RunnableAdapter.call(Executors.java:511)
	at java.util.concurrent.FutureTask.run(FutureTask.java:266)
	at java.util.concurrent.ThreadPoolExecutor.runWorker(ThreadPoolExecutor.java:1142)
	at java.util.concurrent.ThreadPoolExecutor$Worker.run(ThreadPoolExecutor.java:617)
	at java.lang.Thread.run(Thread.java:745)
</div>
</td></tr>
</table>
<p class="totop"><a href="#summary">back to summary</a></p>
<h2 id="m8">com.adv.qa.selenium.tests.currency.phase2.A050_Accounts_Payable_Control_AccountsTest:verify</h2>
<table cellspacing="0" cellpadding="0" class="result">
<tr class="param"><th>Parameter #1</th></tr>
<tr class="param stripe"><td>[DataUnit [userName = BM], DataUnit [passWord = E5], DataUnit [currencyCode = GAC], DataUnit [control = IM], DataUnit [control = IM PL Control Accounts Code], DataUnit [control = 2000], DataUnit [control = W1], DataUnit [control = 5000], DataUnit [control = W1], DataUnit [control = 5050], DataUnit [control = W1], DataUnit [control = 1660], DataUnit [control = W1], DataUnit [control = 5100], DataUnit [control = W1], DataUnit [control = 6200], DataUnit [control = W1], DataUnit [control = 5900], DataUnit [control = W1], DataUnit [control = 7000], DataUnit [control = W1], DataUnit [control = 7001], DataUnit [control = W1], DataUnit [control = 2150], DataUnit [control = W1], DataUnit [control = 2160], DataUnit [control = W1], DataUnit [control = 2051], DataUnit [control = W1]]</td>
</tr>
<tr><td>
<div class="stacktrace">org.openqa.selenium.NoSuchElementException: Unable to find element with xpath == //input[starts-with(@name,&apos;LEDGR_&apos;)] (WARNING: The server did not provide any stacktrace information)
Command duration or timeout: 60.10 seconds
For documentation on this error, please visit: http://seleniumhq.org/exceptions/no_such_element.html
Build info: version: &apos;3.0.1&apos;, revision: &apos;1969d75&apos;, time: &apos;2016-10-18 09:49:13 -0700&apos;
System info: host: &apos;GHD-16313-D&apos;, ip: &apos;10.2.32.88&apos;, os.name: &apos;Windows 10&apos;, os.arch: &apos;amd64&apos;, os.version: &apos;10.0&apos;, java.version: &apos;1.8.0_112&apos;
Driver info: org.openqa.selenium.ie.InternetExplorerDriver
Capabilities [{browserAttachTimeout=0, ie.enableFullPageScreenshot=true, enablePersistentHover=true, ie.forceCreateProcessApi=false, ie.forceShellWindowsApi=false, pageLoadStrategy=normal, ignoreZoomSetting=false, ie.fileUploadDialogTimeout=3000, version=11, platform=WINDOWS, nativeEvents=true, ie.ensureCleanSession=false, elementScrollBehavior=0, ie.browserCommandLineSwitches=, requireWindowFocus=false, browserName=internet explorer, initialBrowserUrl=http://localhost:12420/, javascriptEnabled=true, ignoreProtectedModeSettings=false, enableElementCacheCleanup=true, unexpectedAlertBehaviour=dismiss}]
Session ID: f80463e7-0290-4b26-a3cc-b96025992343
*** Element info: {Using=xpath, value=//input[starts-with(@name,&apos;LEDGR_&apos;)]}
	at sun.reflect.NativeConstructorAccessorImpl.newInstance0(Native Method)
	at sun.reflect.NativeConstructorAccessorImpl.newInstance(NativeConstructorAccessorImpl.java:62)
	at sun.reflect.DelegatingConstructorAccessorImpl.newInstance(DelegatingConstructorAccessorImpl.java:45)
	at java.lang.reflect.Constructor.newInstance(Constructor.java:423)
	at org.openqa.selenium.remote.ErrorHandler.createThrowable(ErrorHandler.java:216)
	at org.openqa.selenium.remote.ErrorHandler.throwIfResponseFailed(ErrorHandler.java:168)
	at org.openqa.selenium.remote.RemoteWebDriver.execute(RemoteWebDriver.java:635)
	at org.openqa.selenium.remote.RemoteWebDriver.findElement(RemoteWebDriver.java:368)
	at org.openqa.selenium.remote.RemoteWebDriver.findElementByXPath(RemoteWebDriver.java:473)
	at org.openqa.selenium.By$ByXPath.findElement(By.java:361)
	at org.openqa.selenium.remote.RemoteWebDriver.findElement(RemoteWebDriver.java:360)
	at sun.reflect.GeneratedMethodAccessor3.invoke(Unknown Source)
	at sun.reflect.DelegatingMethodAccessorImpl.invoke(DelegatingMethodAccessorImpl.java:43)
	at java.lang.reflect.Method.invoke(Method.java:498)
	at org.openqa.selenium.support.events.EventFiringWebDriver$2.invoke(EventFiringWebDriver.java:103)
	at com.sun.proxy.$Proxy9.findElement(Unknown Source)
	at org.openqa.selenium.support.events.EventFiringWebDriver.findElement(EventFiringWebDriver.java:187)
	at com.adv.qa.selenium.framework.pageObjects.currency.CurrencyPage.enterAccountPayableControlDetails(CurrencyPage.java:7392)
	at com.adv.qa.selenium.tests.currency.phase2.A050_Accounts_Payable_Control_AccountsTest.verify(A050_Accounts_Payable_Control_AccountsTest.java:58)
	at sun.reflect.NativeMethodAccessorImpl.invoke0(Native Method)
	at sun.reflect.NativeMethodAccessorImpl.invoke(NativeMethodAccessorImpl.java:62)
	at sun.reflect.DelegatingMethodAccessorImpl.invoke(DelegatingMethodAccessorImpl.java:43)
	at java.lang.reflect.Method.invoke(Method.java:498)
	at org.testng.internal.MethodInvocationHelper.invokeMethod(MethodInvocationHelper.java:108)
	at org.testng.internal.InvokeMethodRunnable.runOne(InvokeMethodRunnable.java:54)
	at org.testng.internal.InvokeMethodRunnable.run(InvokeMethodRunnable.java:44)
	at java.util.concurrent.Executors$RunnableAdapter.call(Executors.java:511)
	at java.util.concurrent.FutureTask.run(FutureTask.java:266)
	at java.util.concurrent.ThreadPoolExecutor.runWorker(ThreadPoolExecutor.java:1142)
	at java.util.concurrent.ThreadPoolExecutor$Worker.run(ThreadPoolExecutor.java:617)
	at java.lang.Thread.run(Thread.java:745)
</div>
</td></tr>
</table>
<p class="totop"><a href="#summary">back to summary</a></p>
<h2 id="m9">com.adv.qa.selenium.tests.currency.phase2.A049_Common_Purchasing_Company_ControlsTest:verify</h2>
<table cellspacing="0" cellpadding="0" class="result">
<tr class="param"><th>Parameter #1</th></tr>
<tr class="param stripe"><td>[DataUnit [userName = IM], DataUnit [passWord = E5], DataUnit [currencyCode = PAB], DataUnit [currencyCode = PAA], DataUnit [purchasingCompany = IM], DataUnit [purchasingCompany = 1], DataUnit [purchasingCompany = DAYS], DataUnit [purchasingCompany = WORKING]]</td>
</tr>
<tr><td>
<div class="stacktrace">org.openqa.selenium.NoSuchElementException: Unable to find element with xpath == //fieldset/legend[text()=&apos;Command&apos;]/..//input[contains(@name,&apos;COMMAND&apos;)] (WARNING: The server did not provide any stacktrace information)
Command duration or timeout: 60.02 seconds
For documentation on this error, please visit: http://seleniumhq.org/exceptions/no_such_element.html
Build info: version: &apos;3.0.1&apos;, revision: &apos;1969d75&apos;, time: &apos;2016-10-18 09:49:13 -0700&apos;
System info: host: &apos;GHD-16313-D&apos;, ip: &apos;10.2.32.88&apos;, os.name: &apos;Windows 10&apos;, os.arch: &apos;amd64&apos;, os.version: &apos;10.0&apos;, java.version: &apos;1.8.0_112&apos;
Driver info: org.openqa.selenium.ie.InternetExplorerDriver
Capabilities [{browserAttachTimeout=0, ie.enableFullPageScreenshot=true, enablePersistentHover=true, ie.forceCreateProcessApi=false, ie.forceShellWindowsApi=false, pageLoadStrategy=normal, ignoreZoomSetting=false, ie.fileUploadDialogTimeout=3000, version=11, platform=WINDOWS, nativeEvents=true, ie.ensureCleanSession=false, elementScrollBehavior=0, ie.browserCommandLineSwitches=, requireWindowFocus=false, browserName=internet explorer, initialBrowserUrl=http://localhost:25335/, javascriptEnabled=true, ignoreProtectedModeSettings=false, enableElementCacheCleanup=true, unexpectedAlertBehaviour=dismiss}]
Session ID: fa98f8c0-45bd-46b0-81ca-59d19c16ea5c
*** Element info: {Using=xpath, value=//fieldset/legend[text()=&apos;Command&apos;]/..//input[contains(@name,&apos;COMMAND&apos;)]}
	at sun.reflect.NativeConstructorAccessorImpl.newInstance0(Native Method)
	at sun.reflect.NativeConstructorAccessorImpl.newInstance(NativeConstructorAccessorImpl.java:62)
	at sun.reflect.DelegatingConstructorAccessorImpl.newInstance(DelegatingConstructorAccessorImpl.java:45)
	at java.lang.reflect.Constructor.newInstance(Constructor.java:423)
	at org.openqa.selenium.remote.ErrorHandler.createThrowable(ErrorHandler.java:216)
	at org.openqa.selenium.remote.ErrorHandler.throwIfResponseFailed(ErrorHandler.java:168)
	at org.openqa.selenium.remote.RemoteWebDriver.execute(RemoteWebDriver.java:635)
	at org.openqa.selenium.remote.RemoteWebDriver.findElement(RemoteWebDriver.java:368)
	at org.openqa.selenium.remote.RemoteWebDriver.findElementByXPath(RemoteWebDriver.java:473)
	at org.openqa.selenium.By$ByXPath.findElement(By.java:361)
	at org.openqa.selenium.remote.RemoteWebDriver.findElement(RemoteWebDriver.java:360)
	at sun.reflect.GeneratedMethodAccessor3.invoke(Unknown Source)
	at sun.reflect.DelegatingMethodAccessorImpl.invoke(DelegatingMethodAccessorImpl.java:43)
	at java.lang.reflect.Method.invoke(Method.java:498)
	at org.openqa.selenium.support.events.EventFiringWebDriver$2.invoke(EventFiringWebDriver.java:103)
	at com.sun.proxy.$Proxy9.findElement(Unknown Source)
	at org.openqa.selenium.support.events.EventFiringWebDriver.findElement(EventFiringWebDriver.java:187)
	at com.adv.qa.selenium.framework.pageObjects.currency.CurrencyPage.fillCurrenceyCode(CurrencyPage.java:295)
	at com.adv.qa.selenium.tests.currency.phase2.A049_Common_Purchasing_Company_ControlsTest.verify(A049_Common_Purchasing_Company_ControlsTest.java:71)
	at sun.reflect.NativeMethodAccessorImpl.invoke0(Native Method)
	at sun.reflect.NativeMethodAccessorImpl.invoke(NativeMethodAccessorImpl.java:62)
	at sun.reflect.DelegatingMethodAccessorImpl.invoke(DelegatingMethodAccessorImpl.java:43)
	at java.lang.reflect.Method.invoke(Method.java:498)
	at org.testng.internal.MethodInvocationHelper.invokeMethod(MethodInvocationHelper.java:108)
	at org.testng.internal.InvokeMethodRunnable.runOne(InvokeMethodRunnable.java:54)
	at org.testng.internal.InvokeMethodRunnable.run(InvokeMethodRunnable.java:44)
	at java.util.concurrent.Executors$RunnableAdapter.call(Executors.java:511)
	at java.util.concurrent.FutureTask.run(FutureTask.java:266)
	at java.util.concurrent.ThreadPoolExecutor.runWorker(ThreadPoolExecutor.java:1142)
	at java.util.concurrent.ThreadPoolExecutor$Worker.run(ThreadPoolExecutor.java:617)
	at java.lang.Thread.run(Thread.java:745)
</div>
</td></tr>
</table>
<p class="totop"><a href="#summary">back to summary</a></p>
<h2 id="m10">com.adv.qa.selenium.tests.currency.phase2.A051A_Purchase_Ledger_Bank_CodesTest:verify</h2>
<table cellspacing="0" cellpadding="0" class="result">
<tr class="param"><th>Parameter #1</th></tr>
<tr class="param stripe"><td>[DataUnit [userName = BM1], DataUnit [passWord = E5], DataUnit [currencyCode = E00], DataUnit [currencyCode = EBA], DataUnit [bankControl = RS], DataUnit [bankControl = BS], DataUnit [bankControl = BR1], DataUnit [bankControl = BR2], DataUnit [bankControl = BR3], DataUnit [bankControl = 182], DataUnit [nominalBANKR = BANKR], DataUnit [nominalBANKR1 = BANKR1], DataUnit [nominalBANKR2 = BANKR2]]</td>
</tr>
</table>
<p class="totop"><a href="#summary">back to summary</a></p>
<h1>suite4</h1>
<h2 id="m11">com.adv.qa.selenium.tests.currency.phase2.A053_Category_CodeTest:verify</h2>
<table cellspacing="0" cellpadding="0" class="result">
<tr class="param"><th>Parameter #1</th></tr>
<tr class="param stripe"><td>[DataUnit [userName = MANAGER], DataUnit [passWord = E5], DataUnit [currencyCode = PAD], DataUnit [currencyCode = PAC], DataUnit [category = C1], DataUnit [category = Hardware Supplier], DataUnit [category = 0], DataUnit [category = 1]]</td>
</tr>
</table>
<p class="totop"><a href="#summary">back to summary</a></p>
<h2 id="m12">com.adv.qa.selenium.tests.currency.phase2.A052_Tax_AccountsTest:verify</h2>
<table cellspacing="0" cellpadding="0" class="result">
<tr class="param"><th>Parameter #1</th></tr>
<tr class="param stripe"><td>[DataUnit [userName = EMPLOYEE], DataUnit [passWord = E5], DataUnit [currencyCode = RAS], DataUnit [system = G], DataUnit [codeUKE = UKE], DataUnit [codeUKE = VATA], DataUnit [codeUKE = W1], DataUnit [codeUKS = UKS], DataUnit [codeUKS = VATA], DataUnit [codeUKS = W1], DataUnit [codeUKV = UKV], DataUnit [codeUKV = VATA], DataUnit [codeUKV = W1], DataUnit [codeUKZ = UKZ], DataUnit [codeUKZ = VATA], DataUnit [codeUKZ = W1]]</td>
</tr>
</table>
<p class="totop"><a href="#summary">back to summary</a></p>
<h2 id="m13">com.adv.qa.selenium.tests.currency.phase2.A056A_System_Assigned_Batch_Numbers_In_AP:verify</h2>
<table cellspacing="0" cellpadding="0" class="result">
<tr class="param"><th>Parameter #1</th></tr>
<tr class="param stripe"><td>[DataUnit [userName = BUYER], DataUnit [passWord = E5], DataUnit [currencyCode = AKK], DataUnit [apBatchTypePDE1 = PDE1], DataUnit [apBatchTypePDE1 = E10001], DataUnit [apBatchTypePDE2 = PDE2], DataUnit [apBatchTypePDE2 = E20001], DataUnit [apBatchTypePDE3 = PDE3], DataUnit [apBatchTypePDE3 = E30001], DataUnit [apBatchTypePDE4 = PDE4], DataUnit [apBatchTypePDE4 = E40001], DataUnit [apBatchTypePDE5 = PDE5], DataUnit [apBatchTypePDE5 = E50001], DataUnit [apBatchTypePDE6 = PDE6], DataUnit [apBatchTypePDE6 = E60001]]</td>
</tr>
</table>
<p class="totop"><a href="#summary">back to summary</a></p>
<h2 id="m14">com.adv.qa.selenium.tests.currency.phase2.A055_Settlement_TermsTest:verify</h2>
<table cellspacing="0" cellpadding="0" class="result">
<tr class="param"><th>Parameter #1</th></tr>
<tr class="param stripe"><td>[DataUnit [userName = BM], DataUnit [passWord = E5], DataUnit [currencyCode = PAH], DataUnit [currencyCode = PAG], DataUnit [settlementS1 = S1], DataUnit [settlementS1 = 1 Month after period end date], DataUnit [settlementS1 = 0], DataUnit [settlementS1 = 1], DataUnit [settlementS1 = 1], DataUnit [settlementS1 = 31], DataUnit [settlementS1 = 1], DataUnit [settlementS1 = NILL], DataUnit [settlementS1 = 0], DataUnit [settlementS1 = 1], DataUnit [settlementS2 = S2], DataUnit [settlementS2 = Payment due date at end of month], DataUnit [settlementS2 = 0], DataUnit [settlementS2 = 1], DataUnit [settlementS2 = 1], DataUnit [settlementS2 = 31], DataUnit [settlementS2 = NILL], DataUnit [settlementS2 = 31], DataUnit [settlementS2 = NILL], DataUnit [settlementS2 = 0]]</td>
</tr>
</table>
<p class="totop"><a href="#summary">back to summary</a></p>
<h2 id="m15">com.adv.qa.selenium.tests.currency.phase2.A054_Discount_TermsTest:verify</h2>
<table cellspacing="0" cellpadding="0" class="result">
<tr class="param"><th>Parameter #1</th></tr>
<tr class="param stripe"><td>[DataUnit [userName = EMPLOYEE], DataUnit [passWord = E5], DataUnit [currencyCode = PAF], DataUnit [currencyCode = PAE], DataUnit [discount = D1], DataUnit [discount = Discount 5.00% within 30 days], DataUnit [discount = 1], DataUnit [discount = 30], DataUnit [discount = 5.00], DataUnit [discount = 1]]</td>
</tr>
</table>
<p class="totop"><a href="#summary">back to summary</a></p>
</body></html>
