<!DOCTYPE html PUBLIC "-//W3C//DTD XHTML 1.1//EN" "http://www.w3.org/TR/xhtml11/DTD/xhtml11.dtd">
<html xmlns="http://www.w3.org/1999/xhtml">
<head>
<title>TestNG Report</title>
<style type="text/css">
table {margin-bottom:10px;border-collapse:collapse;empty-cells:show}
td,th {border:1px solid #009;padding:.25em .5em}
.result th {vertical-align:bottom}
.param th {padding-left:1em;padding-right:1em}
.param td {padding-left:.5em;padding-right:2em}
.stripe td,.stripe th {background-color: #E6EBF9}
.numi,.numi_attn {text-align:right}
.total td {font-weight:bold}
.passedodd td {background-color: #0A0}
.passedeven td {background-color: #3F3}
.skippedodd td {background-color: #CCC}
.skippedodd td {background-color: #DDD}
.failedodd td,.numi_attn {background-color: #F33}
.failedeven td,.stripe .numi_attn {background-color: #D00}
.stacktrace {white-space:pre;font-family:monospace}
.totop {font-size:85%;text-align:center;border-bottom:2px solid #000}
</style>
</head>
<body>
<table cellspacing="0" cellpadding="0" class="testOverview">
<tr><th>Test</th><th>Methods<br/>Passed</th><th>Scenarios<br/>Passed</th><th># skipped</th><th># failed</th><th>Total<br/>Time</th><th>Included<br/>Groups</th><th>Excluded<br/>Groups</th></tr>
<tr><td style="text-align:left;padding-right:2em"><a href="#t1">suite1</a></td><td class="numi">0</td><td class="numi">0</td><td class="numi_attn">4</td><td class="numi_attn">4</td><td class="numi">293.2 seconds</td><td class="numi"></td><td class="numi"></td></tr>
</table>
<table cellspacing="0" cellpadding="0" class="methodOverview" id="summary">
<tr><th>Class</th><th>Method</th><th># of<br/>Scenarios</th><th>Start</th><th>Time<br/>(ms)</th></tr>
<tr id="t1"><th colspan="5">suite1 &#8212; failed</th></tr>
<tr class="failedodd"><td rowspan="4">com.adv.qa.selenium.tests.currency.A001A_On_line_AuditingTest</td><td><a href="#m1"><b>verify</b>  </a></td><td class="numi">1</td><td>1504164752086</td><td class="numi">60234</td></tr><tr class="failedodd"><td><a href="#m2"><b>verify</b>  </a></td><td class="numi">1</td><td>1504164752086</td><td class="numi">60234</td></tr><tr class="failedodd"><td><a href="#m3"><b>verify</b>  </a></td><td class="numi">1</td><td>1504164752086</td><td class="numi">60234</td></tr><tr class="failedodd"><td><a href="#m4"><b>verify</b>  </a></td><td class="numi">1</td><td>1504164752086</td><td class="numi">60234</td></tr>
<tr><th colspan="5">suite1 &#8212; skipped</th></tr>
<tr class="skippedodd"><td rowspan="4">com.adv.qa.selenium.tests.currency.A001A_On_line_AuditingTest</td><td><a href="#m5"><b>verify</b>  </a></td><td class="numi">3</td><td>1504164536295</td><td class="numi">215776</td></tr><tr class="skippedodd"><td><a href="#m6"><b>verify</b>  </a></td><td class="numi">3</td><td>1504164536295</td><td class="numi">215776</td></tr><tr class="skippedodd"><td><a href="#m7"><b>verify</b>  </a></td><td class="numi">3</td><td>1504164536295</td><td class="numi">215776</td></tr><tr class="skippedodd"><td><a href="#m8"><b>verify</b>  </a></td><td class="numi">3</td><td>1504164536295</td><td class="numi">215776</td></tr>
</table>
<h1>suite1</h1>
<h2 id="m1">com.adv.qa.selenium.tests.currency.A001A_On_line_AuditingTest:verify</h2>
<table cellspacing="0" cellpadding="0" class="result">
<tr class="param"><th>Parameter #1</th></tr>
<tr class="param stripe"><td>[DataUnit [userName = SYSTEM], DataUnit [passWord = E5], DataUnit [code = XDJ], DataUnit [tableValue1 = TPBSUPP], DataUnit [tableValue2 = TPBADDR], DataUnit [entityValue1 = TPBSUPP], DataUnit [entityValue1 = 1], DataUnit [entityValue1 = 1], DataUnit [entityValue1 = 1], DataUnit [entityValue1 = 2], DataUnit [entityValue2 = TPBADDR], DataUnit [entityValue2 = 0], DataUnit [entityValue2 = 1], DataUnit [entityValue2 = 0], DataUnit [entityValue2 = 1]]</td>
</tr>
<tr><td>
<div class="stacktrace">org.openqa.selenium.NoSuchElementException: Unable to locate element: //input[starts-with(@name,&apos;USR_&apos;)]
For documentation on this error, please visit: http://seleniumhq.org/exceptions/no_such_element.html
Build info: version: &apos;3.0.1&apos;, revision: &apos;1969d75&apos;, time: &apos;2016-10-18 09:49:13 -0700&apos;
System info: host: &apos;ChetnaM-PC&apos;, ip: &apos;10.31.25.117&apos;, os.name: &apos;Windows 10&apos;, os.arch: &apos;amd64&apos;, os.version: &apos;10.0&apos;, java.version: &apos;1.8.0_112&apos;
Driver info: org.openqa.selenium.firefox.FirefoxDriver
Capabilities [{rotatable=false, raisesAccessibilityExceptions=false, marionette=true, firefoxOptions={args=[], prefs={}}, appBuildId=20160421124000, version=, platform=XP, proxy={}, specificationLevel=1, acceptSslCerts=false, browserVersion=46.0, platformVersion=10.0, XULappId={ec8030f7-c20a-464f-9b0e-13a3a9e97384}, browserName=Firefox, takesScreenshot=true, takesElementScreenshot=true, platformName=Windows_NT, device=desktop}]
Session ID: 11e9d319-097b-48de-bf16-e308a0255cd8
*** Element info: {Using=xpath, value=//input[starts-with(@name,&apos;USR_&apos;)]}
	at sun.reflect.NativeConstructorAccessorImpl.newInstance0(Native Method)
	at sun.reflect.NativeConstructorAccessorImpl.newInstance(Unknown Source)
	at sun.reflect.DelegatingConstructorAccessorImpl.newInstance(Unknown Source)
	at java.lang.reflect.Constructor.newInstance(Unknown Source)
	at org.openqa.selenium.remote.http.W3CHttpResponseCodec.createException(W3CHttpResponseCodec.java:127)
	at org.openqa.selenium.remote.http.W3CHttpResponseCodec.decode(W3CHttpResponseCodec.java:93)
	at org.openqa.selenium.remote.http.W3CHttpResponseCodec.decode(W3CHttpResponseCodec.java:42)
	at org.openqa.selenium.remote.HttpCommandExecutor.execute(HttpCommandExecutor.java:163)
	at org.openqa.selenium.remote.service.DriverCommandExecutor.execute(DriverCommandExecutor.java:82)
	at org.openqa.selenium.remote.RemoteWebDriver.execute(RemoteWebDriver.java:601)
	at org.openqa.selenium.remote.RemoteWebDriver.findElement(RemoteWebDriver.java:368)
	at org.openqa.selenium.remote.RemoteWebDriver.findElementByXPath(RemoteWebDriver.java:473)
	at org.openqa.selenium.By$ByXPath.findElement(By.java:361)
	at org.openqa.selenium.remote.RemoteWebDriver.findElement(RemoteWebDriver.java:360)
	at sun.reflect.GeneratedMethodAccessor5.invoke(Unknown Source)
	at sun.reflect.DelegatingMethodAccessorImpl.invoke(Unknown Source)
	at java.lang.reflect.Method.invoke(Unknown Source)
	at org.openqa.selenium.support.events.EventFiringWebDriver$2.invoke(EventFiringWebDriver.java:103)
	at com.sun.proxy.$Proxy10.findElement(Unknown Source)
	at org.openqa.selenium.support.events.EventFiringWebDriver.findElement(EventFiringWebDriver.java:187)
	at com.adv.qa.selenium.framework.pageObjects.LoginPage.getUserName(LoginPage.java:18)
	at com.adv.qa.selenium.framework.pageObjects.LoginPage.isElementPresent(LoginPage.java:43)
	at com.adv.qa.selenium.framework.pageObjects.LoginPage.isLoginPageDisplayed(LoginPage.java:50)
	at com.adv.qa.selenium.tests.currency.A001A_On_line_AuditingTest.verify(A001A_On_line_AuditingTest.java:82)
	at sun.reflect.NativeMethodAccessorImpl.invoke0(Native Method)
	at sun.reflect.NativeMethodAccessorImpl.invoke(Unknown Source)
	at sun.reflect.DelegatingMethodAccessorImpl.invoke(Unknown Source)
	at java.lang.reflect.Method.invoke(Unknown Source)
	at org.testng.internal.MethodInvocationHelper.invokeMethod(MethodInvocationHelper.java:108)
	at org.testng.internal.InvokeMethodRunnable.runOne(InvokeMethodRunnable.java:54)
	at org.testng.internal.InvokeMethodRunnable.run(InvokeMethodRunnable.java:44)
	at java.util.concurrent.Executors$RunnableAdapter.call(Unknown Source)
	at java.util.concurrent.FutureTask.run(Unknown Source)
	at java.util.concurrent.ThreadPoolExecutor.runWorker(Unknown Source)
	at java.util.concurrent.ThreadPoolExecutor$Worker.run(Unknown Source)
	at java.lang.Thread.run(Unknown Source)
</div>
</td></tr>
</table>
<p class="totop"><a href="#summary">back to summary</a></p>
<h2 id="m2">com.adv.qa.selenium.tests.currency.A001A_On_line_AuditingTest:verify</h2>
<table cellspacing="0" cellpadding="0" class="result">
<tr class="param"><th>Parameter #1</th></tr>
<tr class="param stripe"><td>[DataUnit [userName = SYSTEM], DataUnit [passWord = E5], DataUnit [code = XDJ], DataUnit [tableValue1 = TPBSUPP], DataUnit [tableValue2 = TPBADDR], DataUnit [entityValue1 = TPBSUPP], DataUnit [entityValue1 = 1], DataUnit [entityValue1 = 1], DataUnit [entityValue1 = 1], DataUnit [entityValue1 = 2], DataUnit [entityValue2 = TPBADDR], DataUnit [entityValue2 = 0], DataUnit [entityValue2 = 1], DataUnit [entityValue2 = 0], DataUnit [entityValue2 = 1]]</td>
</tr>
<tr><td>
<div class="stacktrace">java.lang.AssertionError: Defination Def Tab Checkboxes not checked expected [true] but found [false]
	at org.testng.Assert.fail(Assert.java:93)
	at org.testng.Assert.failNotEquals(Assert.java:512)
	at org.testng.Assert.assertTrue(Assert.java:41)
	at com.adv.qa.selenium.framework.Assert.assertTrue(Assert.java:43)
	at com.adv.qa.selenium.tests.currency.A001A_On_line_AuditingTest.verifyDefinitionDefTab(A001A_On_line_AuditingTest.java:182)
	at com.adv.qa.selenium.tests.currency.A001A_On_line_AuditingTest.selectEntity(A001A_On_line_AuditingTest.java:163)
	at com.adv.qa.selenium.tests.currency.A001A_On_line_AuditingTest.verify(A001A_On_line_AuditingTest.java:103)
	at sun.reflect.NativeMethodAccessorImpl.invoke0(Native Method)
	at sun.reflect.NativeMethodAccessorImpl.invoke(Unknown Source)
	at sun.reflect.DelegatingMethodAccessorImpl.invoke(Unknown Source)
	at java.lang.reflect.Method.invoke(Unknown Source)
	at org.testng.internal.MethodInvocationHelper.invokeMethod(MethodInvocationHelper.java:108)
	at org.testng.internal.InvokeMethodRunnable.runOne(InvokeMethodRunnable.java:54)
	at org.testng.internal.InvokeMethodRunnable.run(InvokeMethodRunnable.java:44)
	at java.util.concurrent.Executors$RunnableAdapter.call(Unknown Source)
	at java.util.concurrent.FutureTask.run(Unknown Source)
	at java.util.concurrent.ThreadPoolExecutor.runWorker(Unknown Source)
	at java.util.concurrent.ThreadPoolExecutor$Worker.run(Unknown Source)
	at java.lang.Thread.run(Unknown Source)
</div>
</td></tr>
</table>
<p class="totop"><a href="#summary">back to summary</a></p>
<h2 id="m3">com.adv.qa.selenium.tests.currency.A001A_On_line_AuditingTest:verify</h2>
<table cellspacing="0" cellpadding="0" class="result">
<tr class="param"><th>Parameter #1</th></tr>
<tr class="param stripe"><td>[DataUnit [userName = SYSTEM], DataUnit [passWord = E5], DataUnit [code = XDJ], DataUnit [tableValue1 = TPBSUPP], DataUnit [tableValue2 = TPBADDR], DataUnit [entityValue1 = TPBSUPP], DataUnit [entityValue1 = 1], DataUnit [entityValue1 = 1], DataUnit [entityValue1 = 1], DataUnit [entityValue1 = 2], DataUnit [entityValue2 = TPBADDR], DataUnit [entityValue2 = 0], DataUnit [entityValue2 = 1], DataUnit [entityValue2 = 0], DataUnit [entityValue2 = 1]]</td>
</tr>
<tr><td>
<div class="stacktrace">org.openqa.selenium.NoSuchElementException: Unable to locate element: //input[starts-with(@name,&apos;USR_&apos;)]
For documentation on this error, please visit: http://seleniumhq.org/exceptions/no_such_element.html
Build info: version: &apos;3.0.1&apos;, revision: &apos;1969d75&apos;, time: &apos;2016-10-18 09:49:13 -0700&apos;
System info: host: &apos;ChetnaM-PC&apos;, ip: &apos;10.31.25.117&apos;, os.name: &apos;Windows 10&apos;, os.arch: &apos;amd64&apos;, os.version: &apos;10.0&apos;, java.version: &apos;1.8.0_112&apos;
Driver info: org.openqa.selenium.firefox.FirefoxDriver
Capabilities [{rotatable=false, raisesAccessibilityExceptions=false, marionette=true, firefoxOptions={args=[], prefs={}}, appBuildId=20160421124000, version=, platform=XP, proxy={}, specificationLevel=1, acceptSslCerts=false, browserVersion=46.0, platformVersion=10.0, XULappId={ec8030f7-c20a-464f-9b0e-13a3a9e97384}, browserName=Firefox, takesScreenshot=true, takesElementScreenshot=true, platformName=Windows_NT, device=desktop}]
Session ID: 11e9d319-097b-48de-bf16-e308a0255cd8
*** Element info: {Using=xpath, value=//input[starts-with(@name,&apos;USR_&apos;)]}
	at sun.reflect.NativeConstructorAccessorImpl.newInstance0(Native Method)
	at sun.reflect.NativeConstructorAccessorImpl.newInstance(Unknown Source)
	at sun.reflect.DelegatingConstructorAccessorImpl.newInstance(Unknown Source)
	at java.lang.reflect.Constructor.newInstance(Unknown Source)
	at org.openqa.selenium.remote.http.W3CHttpResponseCodec.createException(W3CHttpResponseCodec.java:127)
	at org.openqa.selenium.remote.http.W3CHttpResponseCodec.decode(W3CHttpResponseCodec.java:93)
	at org.openqa.selenium.remote.http.W3CHttpResponseCodec.decode(W3CHttpResponseCodec.java:42)
	at org.openqa.selenium.remote.HttpCommandExecutor.execute(HttpCommandExecutor.java:163)
	at org.openqa.selenium.remote.service.DriverCommandExecutor.execute(DriverCommandExecutor.java:82)
	at org.openqa.selenium.remote.RemoteWebDriver.execute(RemoteWebDriver.java:601)
	at org.openqa.selenium.remote.RemoteWebDriver.findElement(RemoteWebDriver.java:368)
	at org.openqa.selenium.remote.RemoteWebDriver.findElementByXPath(RemoteWebDriver.java:473)
	at org.openqa.selenium.By$ByXPath.findElement(By.java:361)
	at org.openqa.selenium.remote.RemoteWebDriver.findElement(RemoteWebDriver.java:360)
	at sun.reflect.GeneratedMethodAccessor5.invoke(Unknown Source)
	at sun.reflect.DelegatingMethodAccessorImpl.invoke(Unknown Source)
	at java.lang.reflect.Method.invoke(Unknown Source)
	at org.openqa.selenium.support.events.EventFiringWebDriver$2.invoke(EventFiringWebDriver.java:103)
	at com.sun.proxy.$Proxy10.findElement(Unknown Source)
	at org.openqa.selenium.support.events.EventFiringWebDriver.findElement(EventFiringWebDriver.java:187)
	at com.adv.qa.selenium.framework.pageObjects.LoginPage.getUserName(LoginPage.java:18)
	at com.adv.qa.selenium.framework.pageObjects.LoginPage.isElementPresent(LoginPage.java:43)
	at com.adv.qa.selenium.framework.pageObjects.LoginPage.isLoginPageDisplayed(LoginPage.java:50)
	at com.adv.qa.selenium.tests.currency.A001A_On_line_AuditingTest.verify(A001A_On_line_AuditingTest.java:82)
	at sun.reflect.NativeMethodAccessorImpl.invoke0(Native Method)
	at sun.reflect.NativeMethodAccessorImpl.invoke(Unknown Source)
	at sun.reflect.DelegatingMethodAccessorImpl.invoke(Unknown Source)
	at java.lang.reflect.Method.invoke(Unknown Source)
	at org.testng.internal.MethodInvocationHelper.invokeMethod(MethodInvocationHelper.java:108)
	at org.testng.internal.InvokeMethodRunnable.runOne(InvokeMethodRunnable.java:54)
	at org.testng.internal.InvokeMethodRunnable.run(InvokeMethodRunnable.java:44)
	at java.util.concurrent.Executors$RunnableAdapter.call(Unknown Source)
	at java.util.concurrent.FutureTask.run(Unknown Source)
	at java.util.concurrent.ThreadPoolExecutor.runWorker(Unknown Source)
	at java.util.concurrent.ThreadPoolExecutor$Worker.run(Unknown Source)
	at java.lang.Thread.run(Unknown Source)
</div>
</td></tr>
</table>
<p class="totop"><a href="#summary">back to summary</a></p>
<h2 id="m4">com.adv.qa.selenium.tests.currency.A001A_On_line_AuditingTest:verify</h2>
<table cellspacing="0" cellpadding="0" class="result">
<tr class="param"><th>Parameter #1</th></tr>
<tr class="param stripe"><td>[DataUnit [userName = SYSTEM], DataUnit [passWord = E5], DataUnit [code = XDJ], DataUnit [tableValue1 = TPBSUPP], DataUnit [tableValue2 = TPBADDR], DataUnit [entityValue1 = TPBSUPP], DataUnit [entityValue1 = 1], DataUnit [entityValue1 = 1], DataUnit [entityValue1 = 1], DataUnit [entityValue1 = 2], DataUnit [entityValue2 = TPBADDR], DataUnit [entityValue2 = 0], DataUnit [entityValue2 = 1], DataUnit [entityValue2 = 0], DataUnit [entityValue2 = 1]]</td>
</tr>
<tr><td>
<div class="stacktrace">org.openqa.selenium.NoSuchElementException: Unable to locate element: //input[starts-with(@name,&apos;USR_&apos;)]
For documentation on this error, please visit: http://seleniumhq.org/exceptions/no_such_element.html
Build info: version: &apos;3.0.1&apos;, revision: &apos;1969d75&apos;, time: &apos;2016-10-18 09:49:13 -0700&apos;
System info: host: &apos;ChetnaM-PC&apos;, ip: &apos;10.31.25.117&apos;, os.name: &apos;Windows 10&apos;, os.arch: &apos;amd64&apos;, os.version: &apos;10.0&apos;, java.version: &apos;1.8.0_112&apos;
Driver info: org.openqa.selenium.firefox.FirefoxDriver
Capabilities [{rotatable=false, raisesAccessibilityExceptions=false, marionette=true, firefoxOptions={args=[], prefs={}}, appBuildId=20160421124000, version=, platform=XP, proxy={}, specificationLevel=1, acceptSslCerts=false, browserVersion=46.0, platformVersion=10.0, XULappId={ec8030f7-c20a-464f-9b0e-13a3a9e97384}, browserName=Firefox, takesScreenshot=true, takesElementScreenshot=true, platformName=Windows_NT, device=desktop}]
Session ID: 11e9d319-097b-48de-bf16-e308a0255cd8
*** Element info: {Using=xpath, value=//input[starts-with(@name,&apos;USR_&apos;)]}
	at sun.reflect.NativeConstructorAccessorImpl.newInstance0(Native Method)
	at sun.reflect.NativeConstructorAccessorImpl.newInstance(Unknown Source)
	at sun.reflect.DelegatingConstructorAccessorImpl.newInstance(Unknown Source)
	at java.lang.reflect.Constructor.newInstance(Unknown Source)
	at org.openqa.selenium.remote.http.W3CHttpResponseCodec.createException(W3CHttpResponseCodec.java:127)
	at org.openqa.selenium.remote.http.W3CHttpResponseCodec.decode(W3CHttpResponseCodec.java:93)
	at org.openqa.selenium.remote.http.W3CHttpResponseCodec.decode(W3CHttpResponseCodec.java:42)
	at org.openqa.selenium.remote.HttpCommandExecutor.execute(HttpCommandExecutor.java:163)
	at org.openqa.selenium.remote.service.DriverCommandExecutor.execute(DriverCommandExecutor.java:82)
	at org.openqa.selenium.remote.RemoteWebDriver.execute(RemoteWebDriver.java:601)
	at org.openqa.selenium.remote.RemoteWebDriver.findElement(RemoteWebDriver.java:368)
	at org.openqa.selenium.remote.RemoteWebDriver.findElementByXPath(RemoteWebDriver.java:473)
	at org.openqa.selenium.By$ByXPath.findElement(By.java:361)
	at org.openqa.selenium.remote.RemoteWebDriver.findElement(RemoteWebDriver.java:360)
	at sun.reflect.GeneratedMethodAccessor5.invoke(Unknown Source)
	at sun.reflect.DelegatingMethodAccessorImpl.invoke(Unknown Source)
	at java.lang.reflect.Method.invoke(Unknown Source)
	at org.openqa.selenium.support.events.EventFiringWebDriver$2.invoke(EventFiringWebDriver.java:103)
	at com.sun.proxy.$Proxy10.findElement(Unknown Source)
	at org.openqa.selenium.support.events.EventFiringWebDriver.findElement(EventFiringWebDriver.java:187)
	at com.adv.qa.selenium.framework.pageObjects.LoginPage.getUserName(LoginPage.java:18)
	at com.adv.qa.selenium.framework.pageObjects.LoginPage.isElementPresent(LoginPage.java:43)
	at com.adv.qa.selenium.framework.pageObjects.LoginPage.isLoginPageDisplayed(LoginPage.java:50)
	at com.adv.qa.selenium.tests.currency.A001A_On_line_AuditingTest.verify(A001A_On_line_AuditingTest.java:82)
	at sun.reflect.NativeMethodAccessorImpl.invoke0(Native Method)
	at sun.reflect.NativeMethodAccessorImpl.invoke(Unknown Source)
	at sun.reflect.DelegatingMethodAccessorImpl.invoke(Unknown Source)
	at java.lang.reflect.Method.invoke(Unknown Source)
	at org.testng.internal.MethodInvocationHelper.invokeMethod(MethodInvocationHelper.java:108)
	at org.testng.internal.InvokeMethodRunnable.runOne(InvokeMethodRunnable.java:54)
	at org.testng.internal.InvokeMethodRunnable.run(InvokeMethodRunnable.java:44)
	at java.util.concurrent.Executors$RunnableAdapter.call(Unknown Source)
	at java.util.concurrent.FutureTask.run(Unknown Source)
	at java.util.concurrent.ThreadPoolExecutor.runWorker(Unknown Source)
	at java.util.concurrent.ThreadPoolExecutor$Worker.run(Unknown Source)
	at java.lang.Thread.run(Unknown Source)
</div>
</td></tr>
</table>
<p class="totop"><a href="#summary">back to summary</a></p>
</body></html>
