<!DOCTYPE html PUBLIC "-//W3C//DTD XHTML 1.1//EN" "http://www.w3.org/TR/xhtml11/DTD/xhtml11.dtd">
<html xmlns="http://www.w3.org/1999/xhtml">
<head>
<title>TestNG Report</title>
<style type="text/css">
table {margin-bottom:10px;border-collapse:collapse;empty-cells:show}
td,th {border:1px solid #009;padding:.25em .5em}
.result th {vertical-align:bottom}
.param th {padding-left:1em;padding-right:1em}
.param td {padding-left:.5em;padding-right:2em}
.stripe td,.stripe th {background-color: #E6EBF9}
.numi,.numi_attn {text-align:right}
.total td {font-weight:bold}
.passedodd td {background-color: #0A0}
.passedeven td {background-color: #3F3}
.skippedodd td {background-color: #CCC}
.skippedodd td {background-color: #DDD}
.failedodd td,.numi_attn {background-color: #F33}
.failedeven td,.stripe .numi_attn {background-color: #D00}
.stacktrace {white-space:pre;font-family:monospace}
.totop {font-size:85%;text-align:center;border-bottom:2px solid #000}
</style>
</head>
<body>
<table cellspacing="0" cellpadding="0" class="testOverview">
<tr><th>Test</th><th>Methods<br/>Passed</th><th>Scenarios<br/>Passed</th><th># skipped</th><th># failed</th><th>Total<br/>Time</th><th>Included<br/>Groups</th><th>Excluded<br/>Groups</th></tr>
<tr><td style="text-align:left;padding-right:2em"><a href="#t1">suite7</a></td><td class="numi">2</td><td class="numi">2</td><td class="numi">0</td><td class="numi">0</td><td class="numi">366.6 seconds</td><td class="numi"></td><td class="numi"></td></tr>
<tr class="stripe"><td style="text-align:left;padding-right:2em"><a href="#t2">suite8</a></td><td class="numi">1</td><td class="numi">1</td><td class="numi">0</td><td class="numi_attn">1</td><td class="numi">176.9 seconds</td><td class="numi"></td><td class="numi"></td></tr>
<tr><td style="text-align:left;padding-right:2em"><a href="#t3">suite9</a></td><td class="numi">1</td><td class="numi">1</td><td class="numi">0</td><td class="numi_attn">1</td><td class="numi">467.3 seconds</td><td class="numi"></td><td class="numi"></td></tr>
<tr class="total"><td>Total</td>
<td class="numi">4</td><td class="numi">4</td><td class="numi">0</td><td class="numi_attn">2</td><td class="numi">1,010.8 seconds</td><td colspan="2">&nbsp;</td></tr>
</table>
<table cellspacing="0" cellpadding="0" class="methodOverview" id="summary">
<tr><th>Class</th><th>Method</th><th># of<br/>Scenarios</th><th>Start</th><th>Time<br/>(ms)</th></tr>
<tr id="t1"><th colspan="5">suite7 &#8212; passed</th></tr>
<tr class="passedodd"><td>com.adv.qa.selenium.tests.currency.A014_Account_Code_DefinitionTest</td><td><a href="#m1"><b>verify</b> (A014) </a></td><td class="numi">1</td><td>1492760419698</td><td class="numi">228105</td></tr>
<tr class="passedeven"><td>com.adv.qa.selenium.tests.currency.A015_BalanceSheetTest</td><td><a href="#m2"><b>verify</b>  </a></td><td class="numi">1</td><td>1492760669520</td><td class="numi">92836</td></tr>
<tr id="t2"><th colspan="5">suite8 &#8212; failed</th></tr>
<tr class="failedodd"><td>com.adv.qa.selenium.tests.currency.A016A_Normal_Balance_Sheet_GroupsTest</td><td><a href="#m3"><b>verify</b>  </a></td><td class="numi">1</td><td>1492760787054</td><td class="numi">101819</td></tr>
<tr><th colspan="5">suite8 &#8212; passed</th></tr>
<tr class="passedodd"><td>com.adv.qa.selenium.tests.currency.A016_Normal_Balance_Sheet_GroupsTest</td><td><a href="#m4"><b>verify</b>  </a></td><td class="numi">1</td><td>1492760786985</td><td class="numi">157330</td></tr>
<tr id="t3"><th colspan="5">suite9 &#8212; failed</th></tr>
<tr class="failedodd"><td>com.adv.qa.selenium.tests.currency.A017A_Normal_Balance_Sheet_CategoriesTest</td><td><a href="#m5"><b>verify</b>  </a></td><td class="numi">1</td><td>1492760964807</td><td class="numi">312530</td></tr>
<tr><th colspan="5">suite9 &#8212; passed</th></tr>
<tr class="passedodd"><td>com.adv.qa.selenium.tests.currency.A017_Normal_Balance_Sheet_CategoriesTest</td><td><a href="#m6"><b>verify</b>  </a></td><td class="numi">1</td><td>1492760964297</td><td class="numi">447311</td></tr>
</table>
<h1>suite7</h1>
<h2 id="m1">com.adv.qa.selenium.tests.currency.A015_BalanceSheetTest:verify</h2>
<table cellspacing="0" cellpadding="0" class="result">
<tr class="param"><th>Parameter #1</th></tr>
<tr class="param stripe"><td>[DataUnit [userName = SYSTEM], DataUnit [passWord = E5], DataUnit [code = EAT], DataUnit [balanceSheetControl = N], DataUnit [balanceSheetControl = Normal B/S (N)]]</td>
</tr>
</table>
<p class="totop"><a href="#summary">back to summary</a></p>
<h2 id="m2">com.adv.qa.selenium.tests.currency.A014_Account_Code_DefinitionTest:verify</h2>
<table cellspacing="0" cellpadding="0" class="result">
<tr class="param"><th>Parameter #1</th></tr>
<tr class="param stripe"><td>[DataUnit [userName = SYSTEM], DataUnit [passWord = E5], DataUnit [code = AKA], DataUnit [accountDefinition = A], DataUnit [accountCodeList = A], DataUnit [accountCodeList = 8], DataUnit [accountCodeList = Account Code], DataUnit [accountCodeList = ], DataUnit [accountCodeList = ], DataUnit [accountCodeList = ], DataUnit [accountCodeList = Account], DataUnit [accountCodeList = 7], DataUnit [costList = B], DataUnit [costList = 4], DataUnit [costList = Costcentre], DataUnit [costList = A], DataUnit [costList = ], DataUnit [costList = Y], DataUnit [costList = Cost], DataUnit [costList = 4], DataUnit [location = C], DataUnit [location = 4], DataUnit [location = Location], DataUnit [location = A], DataUnit [location = ], DataUnit [location = ], DataUnit [location = Locn], DataUnit [location = 4], DataUnit [product = 0], DataUnit [product = 12], DataUnit [product = Product], DataUnit [product = ], DataUnit [product = Y], DataUnit [product = Y], DataUnit [product = Product], DataUnit [product = 8]]</td>
</tr>
</table>
<p class="totop"><a href="#summary">back to summary</a></p>
<h1>suite8</h1>
<h2 id="m3">com.adv.qa.selenium.tests.currency.A016A_Normal_Balance_Sheet_GroupsTest:verify</h2>
<table cellspacing="0" cellpadding="0" class="result">
<tr class="param"><th>Parameter #1</th></tr>
<tr class="param stripe"><td>[DataUnit [userName = BM1], DataUnit [passWord = E5], DataUnit [code = EAI], DataUnit [value = N], DataUnit [gGroup = G], DataUnit [gGroup = B/S PPV(Purchase Price Variance)], DataUnit [gGroup = 0], DataUnit [pGroup = P], DataUnit [pGroup = P/L  Group P], DataUnit [pGroup = 1], DataUnit [iGroup = I], DataUnit [iGroup = B/S Group I Inventory], DataUnit [iGroup = 0]]</td>
</tr>
<tr><td>
<div class="stacktrace">org.openqa.selenium.NoSuchElementException: Unable to find element with xpath == //input[starts-with(@name,&apos;GRP_&apos;)] (WARNING: The server did not provide any stacktrace information)
Command duration or timeout: 60.25 seconds
For documentation on this error, please visit: http://seleniumhq.org/exceptions/no_such_element.html
Build info: version: &apos;3.0.1&apos;, revision: &apos;1969d75&apos;, time: &apos;2016-10-18 09:48:19 -0700&apos;
System info: host: &apos;ChetnaM-PC&apos;, ip: &apos;10.31.17.238&apos;, os.name: &apos;Windows 10&apos;, os.arch: &apos;amd64&apos;, os.version: &apos;10.0&apos;, java.version: &apos;1.8.0_112&apos;
Driver info: org.openqa.selenium.ie.InternetExplorerDriver
Capabilities [{browserAttachTimeout=0, ie.enableFullPageScreenshot=true, enablePersistentHover=true, ie.forceCreateProcessApi=false, ie.forceShellWindowsApi=false, pageLoadStrategy=normal, ignoreZoomSetting=false, ie.fileUploadDialogTimeout=3000, version=11, platform=WINDOWS, nativeEvents=true, ie.ensureCleanSession=false, elementScrollBehavior=0, ie.browserCommandLineSwitches=, requireWindowFocus=false, browserName=internet explorer, initialBrowserUrl=http://localhost:41711/, javascriptEnabled=true, ignoreProtectedModeSettings=false, enableElementCacheCleanup=true, unexpectedAlertBehaviour=dismiss}]
Session ID: 0a540da7-d153-410c-ba4f-cae6f92c6f59
*** Element info: {Using=xpath, value=//input[starts-with(@name,&apos;GRP_&apos;)]}
	at sun.reflect.NativeConstructorAccessorImpl.newInstance0(Native Method)
	at sun.reflect.NativeConstructorAccessorImpl.newInstance(Unknown Source)
	at sun.reflect.DelegatingConstructorAccessorImpl.newInstance(Unknown Source)
	at java.lang.reflect.Constructor.newInstance(Unknown Source)
	at org.openqa.selenium.remote.ErrorHandler.createThrowable(ErrorHandler.java:216)
	at org.openqa.selenium.remote.ErrorHandler.throwIfResponseFailed(ErrorHandler.java:168)
	at org.openqa.selenium.remote.RemoteWebDriver.execute(RemoteWebDriver.java:635)
	at org.openqa.selenium.remote.RemoteWebDriver.findElement(RemoteWebDriver.java:368)
	at org.openqa.selenium.remote.RemoteWebDriver.findElementByXPath(RemoteWebDriver.java:473)
	at org.openqa.selenium.By$ByXPath.findElement(By.java:361)
	at org.openqa.selenium.remote.RemoteWebDriver.findElement(RemoteWebDriver.java:360)
	at sun.reflect.GeneratedMethodAccessor8.invoke(Unknown Source)
	at sun.reflect.DelegatingMethodAccessorImpl.invoke(Unknown Source)
	at java.lang.reflect.Method.invoke(Unknown Source)
	at org.openqa.selenium.support.events.EventFiringWebDriver$2.invoke(EventFiringWebDriver.java:103)
	at com.sun.proxy.$Proxy9.findElement(Unknown Source)
	at org.openqa.selenium.support.events.EventFiringWebDriver.findElement(EventFiringWebDriver.java:187)
	at com.adv.qa.selenium.framework.pageObjects.currency.CurrencyPage.enterBalanceSheetGroup(CurrencyPage.java:1695)
	at com.adv.qa.selenium.tests.currency.A016A_Normal_Balance_Sheet_GroupsTest.createNormalBalance(A016A_Normal_Balance_Sheet_GroupsTest.java:84)
	at com.adv.qa.selenium.tests.currency.A016A_Normal_Balance_Sheet_GroupsTest.verify(A016A_Normal_Balance_Sheet_GroupsTest.java:65)
	at sun.reflect.NativeMethodAccessorImpl.invoke0(Native Method)
	at sun.reflect.NativeMethodAccessorImpl.invoke(Unknown Source)
	at sun.reflect.DelegatingMethodAccessorImpl.invoke(Unknown Source)
	at java.lang.reflect.Method.invoke(Unknown Source)
	at org.testng.internal.MethodInvocationHelper.invokeMethod(MethodInvocationHelper.java:104)
	at org.testng.internal.InvokeMethodRunnable.runOne(InvokeMethodRunnable.java:54)
	at org.testng.internal.InvokeMethodRunnable.run(InvokeMethodRunnable.java:44)
	at java.util.concurrent.Executors$RunnableAdapter.call(Unknown Source)
	at java.util.concurrent.FutureTask.run(Unknown Source)
	at java.util.concurrent.ThreadPoolExecutor.runWorker(Unknown Source)
	at java.util.concurrent.ThreadPoolExecutor$Worker.run(Unknown Source)
	at java.lang.Thread.run(Unknown Source)
</div>
</td></tr>
</table>
<p class="totop"><a href="#summary">back to summary</a></p>
<h2 id="m4">com.adv.qa.selenium.tests.currency.A016_Normal_Balance_Sheet_GroupsTest:verify</h2>
<table cellspacing="0" cellpadding="0" class="result">
<tr class="param"><th>Parameter #1</th></tr>
<tr class="param stripe"><td>[DataUnit [userName = BM], DataUnit [passWord = E5], DataUnit [code = EAI], DataUnit [value = N], DataUnit [aGroup = A], DataUnit [aGroup = B/S Group A Expenses], DataUnit [aGroup = 0], DataUnit [bGroup = B], DataUnit [bGroup = B/S Group B Purchasing], DataUnit [bGroup = 0], DataUnit [cGroup = C], DataUnit [cGroup = B/S Group C Purchasing], DataUnit [cGroup = 0], DataUnit [tGroup = T], DataUnit [tGroup = P/L Group T Purchasing], DataUnit [tGroup = 1]]</td>
</tr>
</table>
<p class="totop"><a href="#summary">back to summary</a></p>
<h1>suite9</h1>
<h2 id="m5">com.adv.qa.selenium.tests.currency.A017A_Normal_Balance_Sheet_CategoriesTest:verify</h2>
<table cellspacing="0" cellpadding="0" class="result">
<tr class="param"><th>Parameter #1</th></tr>
<tr class="param stripe"><td>[DataUnit [userName = BM1], DataUnit [passWord = E5], DataUnit [balanceCategoryCode = EAK], DataUnit [values = N], DataUnit [values = A], DataUnit [a09Category = N], DataUnit [a09Category = A], DataUnit [a09Category = 09], DataUnit [a09Category = CLOSEOUT], DataUnit [a09Category = Liability], DataUnit [g01Category = N], DataUnit [g01Category = G], DataUnit [g01Category = 01], DataUnit [g01Category = PPV Control Category], DataUnit [g01Category = Liability], DataUnit [i01Category = N], DataUnit [i01Category = I], DataUnit [i01Category = 01], DataUnit [i01Category = Inventory Liability], DataUnit [i01Category = Liability], DataUnit [i02Category = N], DataUnit [i02Category = I], DataUnit [i02Category = 02], DataUnit [i02Category = Inventory Asset], DataUnit [i02Category = Asset], DataUnit [t04Category = N], DataUnit [t04Category = T], DataUnit [t04Category = 04], DataUnit [t04Category = Purchasing Expenses], DataUnit [t04Category = Expense], DataUnit [t05Category = N], DataUnit [t05Category = T], DataUnit [t05Category = 05], DataUnit [t05Category = PL Gain/Loss on Exchange], DataUnit [t05Category = Expense], DataUnit [p03Category = N], DataUnit [p03Category = P], DataUnit [p03Category = 03], DataUnit [p03Category = Category P03 (N)], DataUnit [p03Category = Income], DataUnit [p04Category = N], DataUnit [p04Category = P], DataUnit [p04Category = 04], DataUnit [p04Category = Category P04 (N)], DataUnit [p04Category = Expense]]</td>
</tr>
<tr><td>
<div class="stacktrace">org.openqa.selenium.NoSuchElementException: Unable to find element with xpath == //button[contains(@class,&apos;roundedbutton&apos;)][@value=&apos;OK&apos;] (WARNING: The server did not provide any stacktrace information)
Command duration or timeout: 60.19 seconds
For documentation on this error, please visit: http://seleniumhq.org/exceptions/no_such_element.html
Build info: version: &apos;3.0.1&apos;, revision: &apos;1969d75&apos;, time: &apos;2016-10-18 09:48:19 -0700&apos;
System info: host: &apos;ChetnaM-PC&apos;, ip: &apos;10.31.17.238&apos;, os.name: &apos;Windows 10&apos;, os.arch: &apos;amd64&apos;, os.version: &apos;10.0&apos;, java.version: &apos;1.8.0_112&apos;
Driver info: org.openqa.selenium.ie.InternetExplorerDriver
Capabilities [{browserAttachTimeout=0, ie.enableFullPageScreenshot=true, enablePersistentHover=true, ie.forceCreateProcessApi=false, ie.forceShellWindowsApi=false, pageLoadStrategy=normal, ignoreZoomSetting=false, ie.fileUploadDialogTimeout=3000, version=11, platform=WINDOWS, nativeEvents=true, ie.ensureCleanSession=false, elementScrollBehavior=0, ie.browserCommandLineSwitches=, requireWindowFocus=false, browserName=internet explorer, initialBrowserUrl=http://localhost:22370/, javascriptEnabled=true, ignoreProtectedModeSettings=false, enableElementCacheCleanup=true, unexpectedAlertBehaviour=dismiss}]
Session ID: d96078c2-6e0c-4e02-9859-1abe7f5e3ad9
*** Element info: {Using=xpath, value=//button[contains(@class,&apos;roundedbutton&apos;)][@value=&apos;OK&apos;]}
	at sun.reflect.NativeConstructorAccessorImpl.newInstance0(Native Method)
	at sun.reflect.NativeConstructorAccessorImpl.newInstance(Unknown Source)
	at sun.reflect.DelegatingConstructorAccessorImpl.newInstance(Unknown Source)
	at java.lang.reflect.Constructor.newInstance(Unknown Source)
	at org.openqa.selenium.remote.ErrorHandler.createThrowable(ErrorHandler.java:216)
	at org.openqa.selenium.remote.ErrorHandler.throwIfResponseFailed(ErrorHandler.java:168)
	at org.openqa.selenium.remote.RemoteWebDriver.execute(RemoteWebDriver.java:635)
	at org.openqa.selenium.remote.RemoteWebDriver.findElement(RemoteWebDriver.java:368)
	at org.openqa.selenium.remote.RemoteWebDriver.findElementByXPath(RemoteWebDriver.java:473)
	at org.openqa.selenium.By$ByXPath.findElement(By.java:361)
	at org.openqa.selenium.remote.RemoteWebDriver.findElement(RemoteWebDriver.java:360)
	at sun.reflect.GeneratedMethodAccessor8.invoke(Unknown Source)
	at sun.reflect.DelegatingMethodAccessorImpl.invoke(Unknown Source)
	at java.lang.reflect.Method.invoke(Unknown Source)
	at org.openqa.selenium.support.events.EventFiringWebDriver$2.invoke(EventFiringWebDriver.java:103)
	at com.sun.proxy.$Proxy9.findElement(Unknown Source)
	at org.openqa.selenium.support.events.EventFiringWebDriver.findElement(EventFiringWebDriver.java:187)
	at com.adv.qa.selenium.framework.pageObjects.currency.CurrencyPage.isOkButtonDisplayed(CurrencyPage.java:2198)
	at com.adv.qa.selenium.framework.pageObjects.currency.CurrencyPage.searchElement(CurrencyPage.java:2152)
	at com.adv.qa.selenium.tests.currency.A017A_Normal_Balance_Sheet_CategoriesTest.verifyValues(A017A_Normal_Balance_Sheet_CategoriesTest.java:112)
	at com.adv.qa.selenium.tests.currency.A017A_Normal_Balance_Sheet_CategoriesTest.verify(A017A_Normal_Balance_Sheet_CategoriesTest.java:85)
	at sun.reflect.NativeMethodAccessorImpl.invoke0(Native Method)
	at sun.reflect.NativeMethodAccessorImpl.invoke(Unknown Source)
	at sun.reflect.DelegatingMethodAccessorImpl.invoke(Unknown Source)
	at java.lang.reflect.Method.invoke(Unknown Source)
	at org.testng.internal.MethodInvocationHelper.invokeMethod(MethodInvocationHelper.java:104)
	at org.testng.internal.InvokeMethodRunnable.runOne(InvokeMethodRunnable.java:54)
	at org.testng.internal.InvokeMethodRunnable.run(InvokeMethodRunnable.java:44)
	at java.util.concurrent.Executors$RunnableAdapter.call(Unknown Source)
	at java.util.concurrent.FutureTask.run(Unknown Source)
	at java.util.concurrent.ThreadPoolExecutor.runWorker(Unknown Source)
	at java.util.concurrent.ThreadPoolExecutor$Worker.run(Unknown Source)
	at java.lang.Thread.run(Unknown Source)
</div>
</td></tr>
</table>
<p class="totop"><a href="#summary">back to summary</a></p>
<h2 id="m6">com.adv.qa.selenium.tests.currency.A017_Normal_Balance_Sheet_CategoriesTest:verify</h2>
<table cellspacing="0" cellpadding="0" class="result">
<tr class="param"><th>Parameter #1</th></tr>
<tr class="param stripe"><td>[DataUnit [userName = BM], DataUnit [passWord = E5], DataUnit [balanceCategoryCode = EAK], DataUnit [values = N], DataUnit [values = A], DataUnit [a02Category = N], DataUnit [a02Category = A], DataUnit [a02Category = 02], DataUnit [a02Category = Category A02 (N)], DataUnit [a02Category = Asset], DataUnit [b08Category = N], DataUnit [b08Category = B], DataUnit [b08Category = 08], DataUnit [b08Category = Category B08 (N)], DataUnit [b08Category = Asset], DataUnit [b01Category = N], DataUnit [b01Category = B], DataUnit [b01Category = 01], DataUnit [b01Category = Purchasing Assets], DataUnit [b01Category = Asset], DataUnit [b02Category = N], DataUnit [b02Category = B], DataUnit [b02Category = 02], DataUnit [b02Category = PL Creditors], DataUnit [b02Category = Liability], DataUnit [b03Category = N], DataUnit [b03Category = B], DataUnit [b03Category = 03], DataUnit [b03Category = Purchasing CTLs], DataUnit [b03Category = Liability], DataUnit [b04Category = N], DataUnit [b04Category = B], DataUnit [b04Category = 04], DataUnit [b04Category = POP Accruals], DataUnit [b04Category = Liability], DataUnit [c01Category = N], DataUnit [c01Category = C], DataUnit [c01Category = 01], DataUnit [c01Category = Self Assessed Tax Liability], DataUnit [c01Category = Asset], DataUnit [c02Category = N], DataUnit [c02Category = C], DataUnit [c02Category = 02], DataUnit [c02Category = Liability Category 02], DataUnit [c02Category = Liability]]</td>
</tr>
</table>
<p class="totop"><a href="#summary">back to summary</a></p>
</body></html>
